Analysis & Synthesis report for tamagotchi_1
Wed Aug 28 05:37:34 2024
Quartus Prime Version 23.1std.0 Build 991 11/28/2023 SC Lite Edition


---------------------
; Table of Contents ;
---------------------
  1. Legal Notice
  2. Analysis & Synthesis Summary
  3. Analysis & Synthesis Settings
  4. Parallel Compilation
  5. Analysis & Synthesis Source Files Read
  6. Analysis & Synthesis Resource Usage Summary
  7. Analysis & Synthesis Resource Utilization by Entity
  8. State Machine - |tamagotchi_1|state_send
  9. Registers Removed During Synthesis
 10. General Register Statistics
 11. Inverted Register Statistics
 12. Multiplexer Restructuring Statistics (Restructuring Performed)
 13. Port Connectivity Checks: "spi_master:spi"
 14. Post-Synthesis Netlist Statistics for Top Partition
 15. Elapsed Time Per Partition
 16. Analysis & Synthesis Messages



----------------
; Legal Notice ;
----------------
Copyright (C) 2023  Intel Corporation. All rights reserved.
Your use of Intel Corporation's design tools, logic functions 
and other software and tools, and any partner logic 
functions, and any output files from any of the foregoing 
(including device programming or simulation files), and any 
associated documentation or information are expressly subject 
to the terms and conditions of the Intel Program License 
Subscription Agreement, the Intel Quartus Prime License Agreement,
the Intel FPGA IP License Agreement, or other applicable license
agreement, including, without limitation, that your use is for
the sole purpose of programming logic devices manufactured by
Intel and sold by Intel or its authorized distributors.  Please
refer to the applicable agreement for further details, at
https://fpgasoftware.intel.com/eula.



+-------------------------------------------------------------------------------------+
; Analysis & Synthesis Summary                                                        ;
+------------------------------------+------------------------------------------------+
; Analysis & Synthesis Status        ; Successful - Wed Aug 28 05:37:34 2024          ;
; Quartus Prime Version              ; 23.1std.0 Build 991 11/28/2023 SC Lite Edition ;
; Revision Name                      ; tamagotchi_1                                   ;
; Top-level Entity Name              ; tamagotchi_1                                   ;
; Family                             ; Cyclone IV E                                   ;
; Total logic elements               ; 86                                             ;
;     Total combinational functions  ; 86                                             ;
;     Dedicated logic registers      ; 54                                             ;
; Total registers                    ; 54                                             ;
; Total pins                         ; 7                                              ;
; Total virtual pins                 ; 0                                              ;
; Total memory bits                  ; 0                                              ;
; Embedded Multiplier 9-bit elements ; 0                                              ;
; Total PLLs                         ; 0                                              ;
+------------------------------------+------------------------------------------------+


+------------------------------------------------------------------------------------------------------------+
; Analysis & Synthesis Settings                                                                              ;
+------------------------------------------------------------------+--------------------+--------------------+
; Option                                                           ; Setting            ; Default Value      ;
+------------------------------------------------------------------+--------------------+--------------------+
; Device                                                           ; EP4CE6E22C8        ;                    ;
; Top-level entity name                                            ; tamagotchi_1       ; tamagotchi_1       ;
; Family name                                                      ; Cyclone IV E       ; Cyclone V          ;
; Use smart compilation                                            ; Off                ; Off                ;
; Enable parallel Assembler and Timing Analyzer during compilation ; On                 ; On                 ;
; Enable compact report table                                      ; Off                ; Off                ;
; Restructure Multiplexers                                         ; Auto               ; Auto               ;
; Create Debugging Nodes for IP Cores                              ; Off                ; Off                ;
; Preserve fewer node names                                        ; On                 ; On                 ;
; Intel FPGA IP Evaluation Mode                                    ; Enable             ; Enable             ;
; Verilog Version                                                  ; Verilog_2001       ; Verilog_2001       ;
; VHDL Version                                                     ; VHDL_1993          ; VHDL_1993          ;
; State Machine Processing                                         ; Auto               ; Auto               ;
; Safe State Machine                                               ; Off                ; Off                ;
; Extract Verilog State Machines                                   ; On                 ; On                 ;
; Extract VHDL State Machines                                      ; On                 ; On                 ;
; Ignore Verilog initial constructs                                ; Off                ; Off                ;
; Iteration limit for constant Verilog loops                       ; 5000               ; 5000               ;
; Iteration limit for non-constant Verilog loops                   ; 250                ; 250                ;
; Add Pass-Through Logic to Inferred RAMs                          ; On                 ; On                 ;
; Infer RAMs from Raw Logic                                        ; On                 ; On                 ;
; Parallel Synthesis                                               ; On                 ; On                 ;
; DSP Block Balancing                                              ; Auto               ; Auto               ;
; NOT Gate Push-Back                                               ; On                 ; On                 ;
; Power-Up Don't Care                                              ; On                 ; On                 ;
; Remove Redundant Logic Cells                                     ; Off                ; Off                ;
; Remove Duplicate Registers                                       ; On                 ; On                 ;
; Ignore CARRY Buffers                                             ; Off                ; Off                ;
; Ignore CASCADE Buffers                                           ; Off                ; Off                ;
; Ignore GLOBAL Buffers                                            ; Off                ; Off                ;
; Ignore ROW GLOBAL Buffers                                        ; Off                ; Off                ;
; Ignore LCELL Buffers                                             ; Off                ; Off                ;
; Ignore SOFT Buffers                                              ; On                 ; On                 ;
; Limit AHDL Integers to 32 Bits                                   ; Off                ; Off                ;
; Optimization Technique                                           ; Balanced           ; Balanced           ;
; Carry Chain Length                                               ; 70                 ; 70                 ;
; Auto Carry Chains                                                ; On                 ; On                 ;
; Auto Open-Drain Pins                                             ; On                 ; On                 ;
; Perform WYSIWYG Primitive Resynthesis                            ; Off                ; Off                ;
; Auto ROM Replacement                                             ; On                 ; On                 ;
; Auto RAM Replacement                                             ; On                 ; On                 ;
; Auto DSP Block Replacement                                       ; On                 ; On                 ;
; Auto Shift Register Replacement                                  ; Auto               ; Auto               ;
; Allow Shift Register Merging across Hierarchies                  ; Auto               ; Auto               ;
; Auto Clock Enable Replacement                                    ; On                 ; On                 ;
; Strict RAM Replacement                                           ; Off                ; Off                ;
; Allow Synchronous Control Signals                                ; On                 ; On                 ;
; Force Use of Synchronous Clear Signals                           ; Off                ; Off                ;
; Auto RAM Block Balancing                                         ; On                 ; On                 ;
; Auto RAM to Logic Cell Conversion                                ; Off                ; Off                ;
; Auto Resource Sharing                                            ; Off                ; Off                ;
; Allow Any RAM Size For Recognition                               ; Off                ; Off                ;
; Allow Any ROM Size For Recognition                               ; Off                ; Off                ;
; Allow Any Shift Register Size For Recognition                    ; Off                ; Off                ;
; Use LogicLock Constraints during Resource Balancing              ; On                 ; On                 ;
; Ignore translate_off and synthesis_off directives                ; Off                ; Off                ;
; Timing-Driven Synthesis                                          ; On                 ; On                 ;
; Report Parameter Settings                                        ; On                 ; On                 ;
; Report Source Assignments                                        ; On                 ; On                 ;
; Report Connectivity Checks                                       ; On                 ; On                 ;
; Ignore Maximum Fan-Out Assignments                               ; Off                ; Off                ;
; Synchronization Register Chain Length                            ; 2                  ; 2                  ;
; Power Optimization During Synthesis                              ; Normal compilation ; Normal compilation ;
; HDL message level                                                ; Level2             ; Level2             ;
; Suppress Register Optimization Related Messages                  ; Off                ; Off                ;
; Number of Removed Registers Reported in Synthesis Report         ; 5000               ; 5000               ;
; Number of Swept Nodes Reported in Synthesis Report               ; 5000               ; 5000               ;
; Number of Inverted Registers Reported in Synthesis Report        ; 100                ; 100                ;
; Clock MUX Protection                                             ; On                 ; On                 ;
; Auto Gated Clock Conversion                                      ; Off                ; Off                ;
; Block Design Naming                                              ; Auto               ; Auto               ;
; SDC constraint protection                                        ; Off                ; Off                ;
; Synthesis Effort                                                 ; Auto               ; Auto               ;
; Shift Register Replacement - Allow Asynchronous Clear Signal     ; On                 ; On                 ;
; Pre-Mapping Resynthesis Optimization                             ; Off                ; Off                ;
; Analysis & Synthesis Message Level                               ; Medium             ; Medium             ;
; Disable Register Merging Across Hierarchies                      ; Auto               ; Auto               ;
; Resource Aware Inference For Block RAM                           ; On                 ; On                 ;
+------------------------------------------------------------------+--------------------+--------------------+


+------------------------------------------+
; Parallel Compilation                     ;
+----------------------------+-------------+
; Processors                 ; Number      ;
+----------------------------+-------------+
; Number detected on machine ; 16          ;
; Maximum allowed            ; 12          ;
;                            ;             ;
; Average used               ; 1.00        ;
; Maximum used               ; 12          ;
;                            ;             ;
; Usage by Processor         ; % Time Used ;
;     Processor 1            ; 100.0%      ;
;     Processor 2            ;   0.0%      ;
;     Processors 3-12        ;   0.0%      ;
+----------------------------+-------------+


+-------------------------------------------------------------------------------------------------------------------------------------------------------------------------------------------------+
; Analysis & Synthesis Source Files Read                                                                                                                                                          ;
+----------------------------------+-----------------+------------------------------+---------------------------------------------------------------------------------------------------+---------+
; File Name with User-Entered Path ; Used in Netlist ; File Type                    ; File Name with Absolute Path                                                                      ; Library ;
+----------------------------------+-----------------+------------------------------+---------------------------------------------------------------------------------------------------+---------+
; db/tamagotchi_1.v                ; yes             ; Auto-Generated Megafunction  ; /home/bonbartlessby/Documentos/Github/entrega-1-proyecto-grupo22-2024-1/Quartus/db/tamagotchi_1.v ;         ;
; db/spi_master.v                  ; yes             ; Auto-Generated Megafunction  ; /home/bonbartlessby/Documentos/Github/entrega-1-proyecto-grupo22-2024-1/Quartus/db/spi_master.v   ;         ;
+----------------------------------+-----------------+------------------------------+---------------------------------------------------------------------------------------------------+---------+


+---------------------------------------------------------+
; Analysis & Synthesis Resource Usage Summary             ;
+---------------------------------------------+-----------+
; Resource                                    ; Usage     ;
+---------------------------------------------+-----------+
; Estimated Total logic elements              ; 86        ;
;                                             ;           ;
; Total combinational functions               ; 86        ;
; Logic element usage by number of LUT inputs ;           ;
;     -- 4 input functions                    ; 45        ;
;     -- 3 input functions                    ; 13        ;
;     -- <=2 input functions                  ; 28        ;
;                                             ;           ;
; Logic elements by mode                      ;           ;
;     -- normal mode                          ; 66        ;
;     -- arithmetic mode                      ; 20        ;
;                                             ;           ;
; Total registers                             ; 54        ;
;     -- Dedicated logic registers            ; 54        ;
;     -- I/O registers                        ; 0         ;
;                                             ;           ;
; I/O pins                                    ; 7         ;
;                                             ;           ;
; Embedded Multiplier 9-bit elements          ; 0         ;
;                                             ;           ;
; Maximum fan-out node                        ; clk~input ;
; Maximum fan-out                             ; 54        ;
; Total fan-out                               ; 488       ;
; Average fan-out                             ; 3.17      ;
+---------------------------------------------+-----------+


+--------------------------------------------------------------------------------------------------------------------------------------------------------------------------------------------------------------------+
; Analysis & Synthesis Resource Utilization by Entity                                                                                                                                                                ;
+----------------------------+---------------------+---------------------------+-------------+--------------+---------+-----------+------+--------------+------------------------------+--------------+--------------+
; Compilation Hierarchy Node ; Combinational ALUTs ; Dedicated Logic Registers ; Memory Bits ; DSP Elements ; DSP 9x9 ; DSP 18x18 ; Pins ; Virtual Pins ; Full Hierarchy Name          ; Entity Name  ; Library Name ;
+----------------------------+---------------------+---------------------------+-------------+--------------+---------+-----------+------+--------------+------------------------------+--------------+--------------+
; |tamagotchi_1              ; 86 (39)             ; 54 (20)                   ; 0           ; 0            ; 0       ; 0         ; 7    ; 0            ; |tamagotchi_1                ; tamagotchi_1 ; work         ;
;    |spi_master:spi|        ; 47 (47)             ; 34 (34)                   ; 0           ; 0            ; 0       ; 0         ; 0    ; 0            ; |tamagotchi_1|spi_master:spi ; spi_master   ; work         ;
+----------------------------+---------------------+---------------------------+-------------+--------------+---------+-----------+------+--------------+------------------------------+--------------+--------------+
Note: For table entries with two numbers listed, the numbers in parentheses indicate the number of resources of the given type used by the specific entity alone. The numbers listed outside of parentheses indicate the total resources of the given type used by the specific entity and all of its sub-entities in the hierarchy.


Encoding Type:  One-Hot
+----------------------------------------------------------------------------------------------------------------------------+
; State Machine - |tamagotchi_1|state_send                                                                                   ;
+------------------------+------------------------+------------------------+------------------------+------------------------+
; Name                   ; state_send.00000000011 ; state_send.00000000010 ; state_send.00000000001 ; state_send.00000000000 ;
+------------------------+------------------------+------------------------+------------------------+------------------------+
; state_send.00000000000 ; 0                      ; 0                      ; 0                      ; 0                      ;
; state_send.00000000001 ; 0                      ; 0                      ; 1                      ; 1                      ;
; state_send.00000000010 ; 0                      ; 1                      ; 0                      ; 1                      ;
; state_send.00000000011 ; 1                      ; 0                      ; 0                      ; 1                      ;
+------------------------+------------------------+------------------------+------------------------+------------------------+


+-------------------------------------------------------------+
; Registers Removed During Synthesis                          ;
+----------------------------------------+--------------------+
; Register name                          ; Reason for Removal ;
+----------------------------------------+--------------------+
; state_send~6                           ; Lost fanout        ;
; state_send~7                           ; Lost fanout        ;
; state_send~8                           ; Lost fanout        ;
; state_send~9                           ; Lost fanout        ;
; state_send~10                          ; Lost fanout        ;
; state_send~11                          ; Lost fanout        ;
; state_send~12                          ; Lost fanout        ;
; state_send~13                          ; Lost fanout        ;
; state_send~14                          ; Lost fanout        ;
; state_send~15                          ; Lost fanout        ;
; state_send~16                          ; Lost fanout        ;
; Total Number of Removed Registers = 11 ;                    ;
+----------------------------------------+--------------------+


+------------------------------------------------------+
; General Register Statistics                          ;
+----------------------------------------------+-------+
; Statistic                                    ; Value ;
+----------------------------------------------+-------+
; Total registers                              ; 54    ;
; Number of registers using Synchronous Clear  ; 30    ;
; Number of registers using Synchronous Load   ; 1     ;
; Number of registers using Asynchronous Clear ; 33    ;
; Number of registers using Asynchronous Load  ; 0     ;
; Number of registers using Clock Enable       ; 33    ;
; Number of registers using Preset             ; 0     ;
+----------------------------------------------+-------+


+--------------------------------------------------+
; Inverted Register Statistics                     ;
+----------------------------------------+---------+
; Inverted Register                      ; Fan out ;
+----------------------------------------+---------+
; spi_master:spi|cs                      ; 2       ;
; Total number of inverted registers = 1 ;         ;
+----------------------------------------+---------+


+---------------------------------------------------------------------------------------------------------------------------------------------------------+
; Multiplexer Restructuring Statistics (Restructuring Performed)                                                                                          ;
+--------------------+-----------+---------------+----------------------+------------------------+------------+-------------------------------------------+
; Multiplexer Inputs ; Bus Width ; Baseline Area ; Area if Restructured ; Saving if Restructured ; Registered ; Example Multiplexer Output                ;
+--------------------+-----------+---------------+----------------------+------------------------+------------+-------------------------------------------+
; 3:1                ; 2 bits    ; 4 LEs         ; 2 LEs                ; 2 LEs                  ; Yes        ; |tamagotchi_1|spi_master:spi|avail        ;
; 3:1                ; 4 bits    ; 8 LEs         ; 4 LEs                ; 4 LEs                  ; Yes        ; |tamagotchi_1|spi_master:spi|bit_count[3] ;
; 3:1                ; 7 bits    ; 14 LEs        ; 7 LEs                ; 7 LEs                  ; Yes        ; |tamagotchi_1|spi_master:spi|shift_reg[7] ;
; 3:1                ; 6 bits    ; 12 LEs        ; 12 LEs               ; 0 LEs                  ; No         ; |tamagotchi_1|mem_index                   ;
+--------------------+-----------+---------------+----------------------+------------------------+------------+-------------------------------------------+


+------------------------------------------------------------------------------------------------------------------------------------------------------------------------------------------------------------------------------+
; Port Connectivity Checks: "spi_master:spi"                                                                                                                                                                                   ;
+--------------------+--------+----------+-------------------------------------------------------------------------------------------------------------------------------------------------------------------------------------+
; Port               ; Type   ; Severity ; Details                                                                                                                                                                             ;
+--------------------+--------+----------+-------------------------------------------------------------------------------------------------------------------------------------------------------------------------------------+
; div_factor         ; Input  ; Warning  ; Input port expression (26 bits) is wider than the input port (16 bits) it drives.  The 10 most-significant bit(s) in the expression will be dangling if they have no other fanouts. ;
; div_factor[14..11] ; Input  ; Info     ; Stuck at VCC                                                                                                                                                                        ;
; div_factor[10..7]  ; Input  ; Info     ; Stuck at GND                                                                                                                                                                        ;
; div_factor[5..0]   ; Input  ; Info     ; Stuck at GND                                                                                                                                                                        ;
; div_factor[15]     ; Input  ; Info     ; Stuck at GND                                                                                                                                                                        ;
; div_factor[6]      ; Input  ; Info     ; Stuck at VCC                                                                                                                                                                        ;
; data_out           ; Output ; Info     ; Connected to dangling logic. Logic that only feeds a dangling port will be removed.                                                                                                 ;
; miso               ; Input  ; Warning  ; Declared by entity but not connected by instance. If a default value exists, it will be used.  Otherwise, the port will be connected to GND.                                        ;
+--------------------+--------+----------+-------------------------------------------------------------------------------------------------------------------------------------------------------------------------------------+


+-----------------------------------------------------+
; Post-Synthesis Netlist Statistics for Top Partition ;
+-----------------------+-----------------------------+
; Type                  ; Count                       ;
+-----------------------+-----------------------------+
; boundary_port         ; 7                           ;
; cycloneiii_ff         ; 54                          ;
;     CLR               ; 7                           ;
;     CLR SLD           ; 1                           ;
;     ENA               ; 4                           ;
;     ENA CLR           ; 9                           ;
;     ENA CLR SCLR      ; 16                          ;
;     ENA SCLR          ; 4                           ;
;     SCLR              ; 10                          ;
;     plain             ; 3                           ;
; cycloneiii_lcell_comb ; 87                          ;
;     arith             ; 20                          ;
;         2 data inputs ; 20                          ;
;     normal            ; 67                          ;
;         1 data inputs ; 4                           ;
;         2 data inputs ; 5                           ;
;         3 data inputs ; 13                          ;
;         4 data inputs ; 45                          ;
;                       ;                             ;
; Max LUT depth         ; 5.00                        ;
; Average LUT depth     ; 2.60                        ;
+-----------------------+-----------------------------+


+-------------------------------+
; Elapsed Time Per Partition    ;
+----------------+--------------+
; Partition Name ; Elapsed Time ;
+----------------+--------------+
; Top            ; 00:00:00     ;
+----------------+--------------+


+-------------------------------+
; Analysis & Synthesis Messages ;
+-------------------------------+
Info: *******************************************************************
Info: Running Quartus Prime Analysis & Synthesis
    Info: Version 23.1std.0 Build 991 11/28/2023 SC Lite Edition
    Info: Processing started: Wed Aug 28 05:37:28 2024
Info: Command: quartus_map --read_settings_files=on --write_settings_files=off tamagotchi_1 -c tamagotchi_1
Warning (18236): Number of processors has not been specified which may cause overloading on shared machines.  Set the global assignment NUM_PARALLEL_PROCESSORS in your QSF to an appropriate value for best performance.
Info (20030): Parallel compilation is enabled and will use 12 of the 12 processors detected
Info (12021): Found 1 design units, including 1 entities, in source file db/tamagotchi_1.v
    Info (12023): Found entity 1: tamagotchi_1 File: /home/bonbartlessby/Documentos/Github/entrega-1-proyecto-grupo22-2024-1/Quartus/db/tamagotchi_1.v Line: 1
Info (12021): Found 0 design units, including 0 entities, in source file db/Visualizacion.vhd
Info (12021): Found 1 design units, including 1 entities, in source file db/spi_master.v
    Info (12023): Found entity 1: spi_master File: /home/bonbartlessby/Documentos/Github/entrega-1-proyecto-grupo22-2024-1/Quartus/db/spi_master.v Line: 40
Info (12021): Found 1 design units, including 1 entities, in source file db/LightSensor.v
    Info (12023): Found entity 1: LightSensor File: /home/bonbartlessby/Documentos/Github/entrega-1-proyecto-grupo22-2024-1/Quartus/db/LightSensor.v Line: 1
Info (12021): Found 1 design units, including 1 entities, in source file db/LightSensor_tb.v
    Info (12023): Found entity 1: LightSensor_tb File: /home/bonbartlessby/Documentos/Github/entrega-1-proyecto-grupo22-2024-1/Quartus/db/LightSensor_tb.v Line: 3
Info (12127): Elaborating entity "tamagotchi_1" for the top level hierarchy
Warning (10036): Verilog HDL or VHDL warning at tamagotchi_1.v(77): object "c2" assigned a value but never read File: /home/bonbartlessby/Documentos/Github/entrega-1-proyecto-grupo22-2024-1/Quartus/db/tamagotchi_1.v Line: 77
Warning (10230): Verilog HDL assignment warning at tamagotchi_1.v(97): truncated value with size 32 to match size of target (6) File: /home/bonbartlessby/Documentos/Github/entrega-1-proyecto-grupo22-2024-1/Quartus/db/tamagotchi_1.v Line: 97
Warning (10030): Net "memory4CommandSend.data_a" at tamagotchi_1.v(37) has no driver or initial value, using a default initial value '0' File: /home/bonbartlessby/Documentos/Github/entrega-1-proyecto-grupo22-2024-1/Quartus/db/tamagotchi_1.v Line: 37
Warning (10030): Net "memory4CommandSend.waddr_a" at tamagotchi_1.v(37) has no driver or initial value, using a default initial value '0' File: /home/bonbartlessby/Documentos/Github/entrega-1-proyecto-grupo22-2024-1/Quartus/db/tamagotchi_1.v Line: 37
Warning (10030): Net "memory4CommandSend.we_a" at tamagotchi_1.v(37) has no driver or initial value, using a default initial value '0' File: /home/bonbartlessby/Documentos/Github/entrega-1-proyecto-grupo22-2024-1/Quartus/db/tamagotchi_1.v Line: 37
Info (12128): Elaborating entity "spi_master" for hierarchy "spi_master:spi" File: /home/bonbartlessby/Documentos/Github/entrega-1-proyecto-grupo22-2024-1/Quartus/db/tamagotchi_1.v Line: 34
Warning (10230): Verilog HDL assignment warning at spi_master.v(81): truncated value with size 32 to match size of target (16) File: /home/bonbartlessby/Documentos/Github/entrega-1-proyecto-grupo22-2024-1/Quartus/db/spi_master.v Line: 81
Warning (10230): Verilog HDL assignment warning at spi_master.v(90): truncated value with size 32 to match size of target (4) File: /home/bonbartlessby/Documentos/Github/entrega-1-proyecto-grupo22-2024-1/Quartus/db/spi_master.v Line: 90
Info (276014): Found 1 instances of uninferred RAM logic
    Info (276004): RAM logic "memory4CommandSend" is uninferred due to inappropriate RAM size File: /home/bonbartlessby/Documentos/Github/entrega-1-proyecto-grupo22-2024-1/Quartus/db/tamagotchi_1.v Line: 37
Critical Warning (127005): Memory depth (32) in the design file differs from memory depth (31) in the Memory Initialization File "/home/bonbartlessby/Documentos/Github/entrega-1-proyecto-grupo22-2024-1/Quartus/db/tamagotchi_1.ram0_tamagotchi_1_760a6704.hdl.mif" -- setting initial value for remaining addresses to 0
Warning (127007): Memory Initialization File or Hexadecimal (Intel-Format) File "/home/bonbartlessby/Documentos/Github/entrega-1-proyecto-grupo22-2024-1/Quartus/db/tamagotchi_1.ram0_tamagotchi_1_760a6704.hdl.mif" contains "don't care" values -- overwriting them with 0s
Warning (12241): 1 hierarchies have connectivity warnings - see the Connectivity Checks report folder
Info (13000): Registers with preset signals will power-up high File: /home/bonbartlessby/Documentos/Github/entrega-1-proyecto-grupo22-2024-1/Quartus/db/spi_master.v Line: 49
Info (13003): DEV_CLRn pin will set, and not reset, register with preset signal due to NOT Gate Push-Back
Info (286030): Timing-Driven Synthesis is running
Info (17049): 11 registers lost all their fanouts during netlist optimizations.
Info (16010): Generating hard_block partition "hard_block:auto_generated_inst"
    Info (16011): Adding 0 node(s), including 0 DDIO, 0 PLL, 0 transceiver and 0 LCELL
Warning (21074): Design contains 2 input pin(s) that do not drive logic
    Warning (15610): No output dependent on input pin "state[0]" File: /home/bonbartlessby/Documentos/Github/entrega-1-proyecto-grupo22-2024-1/Quartus/db/tamagotchi_1.v Line: 4
    Warning (15610): No output dependent on input pin "state[1]" File: /home/bonbartlessby/Documentos/Github/entrega-1-proyecto-grupo22-2024-1/Quartus/db/tamagotchi_1.v Line: 4
Info (21057): Implemented 96 device resources after synthesis - the final resource count might be different
    Info (21058): Implemented 4 input pins
    Info (21059): Implemented 3 output pins
    Info (21061): Implemented 89 logic cells
Info: Quartus Prime Analysis & Synthesis was successful. 0 errors, 14 warnings
    Info: Peak virtual memory: 485 megabytes
    Info: Processing ended: Wed Aug 28 05:37:34 2024
    Info: Elapsed time: 00:00:06
    Info: Total CPU time (on all processors): 00:00:21


