Assembler report for tamagotchi_1
<<<<<<< HEAD
Tue Sep  3 23:11:15 2024
=======
Mon Sep  2 10:16:58 2024
>>>>>>> 770a258e28712bf61b8a6e56931be314e8e2b188
Quartus Prime Version 23.1std.0 Build 991 11/28/2023 SC Lite Edition


---------------------
; Table of Contents ;
---------------------
  1. Legal Notice
  2. Assembler Summary
  3. Assembler Settings
  4. Assembler Generated Files
  5. Assembler Device Options: tamagotchi_1.sof
  6. Assembler Messages



----------------
; Legal Notice ;
----------------
Copyright (C) 2023  Intel Corporation. All rights reserved.
Your use of Intel Corporation's design tools, logic functions 
and other software and tools, and any partner logic 
functions, and any output files from any of the foregoing 
(including device programming or simulation files), and any 
associated documentation or information are expressly subject 
to the terms and conditions of the Intel Program License 
Subscription Agreement, the Intel Quartus Prime License Agreement,
the Intel FPGA IP License Agreement, or other applicable license
agreement, including, without limitation, that your use is for
the sole purpose of programming logic devices manufactured by
Intel and sold by Intel or its authorized distributors.  Please
refer to the applicable agreement for further details, at
https://fpgasoftware.intel.com/eula.



+---------------------------------------------------------------+
; Assembler Summary                                             ;
+-----------------------+---------------------------------------+
<<<<<<< HEAD
; Assembler Status      ; Successful - Tue Sep  3 23:11:15 2024 ;
=======
; Assembler Status      ; Successful - Mon Sep  2 10:16:58 2024 ;
>>>>>>> 770a258e28712bf61b8a6e56931be314e8e2b188
; Revision Name         ; tamagotchi_1                          ;
; Top-level Entity Name ; LightSensor                           ;
; Family                ; Cyclone IV E                          ;
; Device                ; EP4CE6E22C8                           ;
+-----------------------+---------------------------------------+


+----------------------------------+
; Assembler Settings               ;
+--------+---------+---------------+
; Option ; Setting ; Default Value ;
+--------+---------+---------------+


+-----------------------------------------------------------------------------------------+
; Assembler Generated Files                                                               ;
+-----------------------------------------------------------------------------------------+
; File Name                                                                               ;
+-----------------------------------------------------------------------------------------+
; /home/dayz/Labs/entrega-1-proyecto-grupo22-2024-1/Quartus/output_files/tamagotchi_1.sof ;
+-----------------------------------------------------------------------------------------+


+--------------------------------------------+
; Assembler Device Options: tamagotchi_1.sof ;
+----------------+---------------------------+
; Option         ; Setting                   ;
+----------------+---------------------------+
<<<<<<< HEAD
; JTAG usercode  ; 0x0009EB9B                ;
; Checksum       ; 0x0009EB9B                ;
=======
; JTAG usercode  ; 0x0009332D                ;
; Checksum       ; 0x0009332D                ;
>>>>>>> 770a258e28712bf61b8a6e56931be314e8e2b188
+----------------+---------------------------+


+--------------------+
; Assembler Messages ;
+--------------------+
Info: *******************************************************************
Info: Running Quartus Prime Assembler
    Info: Version 23.1std.0 Build 991 11/28/2023 SC Lite Edition
<<<<<<< HEAD
    Info: Processing started: Tue Sep  3 23:11:15 2024
=======
    Info: Processing started: Mon Sep  2 10:16:57 2024
>>>>>>> 770a258e28712bf61b8a6e56931be314e8e2b188
Info: Command: quartus_asm --read_settings_files=off --write_settings_files=off tamagotchi_1 -c tamagotchi_1
Warning (18236): Number of processors has not been specified which may cause overloading on shared machines.  Set the global assignment NUM_PARALLEL_PROCESSORS in your QSF to an appropriate value for best performance.
Info (115031): Writing out detailed assembly data for power analysis
Info (115030): Assembler is generating device programming files
Info: Quartus Prime Assembler was successful. 0 errors, 1 warning
    Info: Peak virtual memory: 351 megabytes
<<<<<<< HEAD
    Info: Processing ended: Tue Sep  3 23:11:15 2024
    Info: Elapsed time: 00:00:00
    Info: Total CPU time (on all processors): 00:00:00
=======
    Info: Processing ended: Mon Sep  2 10:16:58 2024
    Info: Elapsed time: 00:00:01
    Info: Total CPU time (on all processors): 00:00:01
>>>>>>> 770a258e28712bf61b8a6e56931be314e8e2b188


