Analysis & Synthesis report for FSM_pet
Tue Sep 17 05:00:01 2024
Quartus Prime Version 23.1std.0 Build 991 11/28/2023 SC Lite Edition


---------------------
; Table of Contents ;
---------------------
  1. Legal Notice
  2. Analysis & Synthesis Summary
  3. Analysis & Synthesis Settings
  4. Parallel Compilation
  5. Analysis & Synthesis Source Files Read
  6. Analysis & Synthesis Resource Usage Summary
  7. Analysis & Synthesis Resource Utilization by Entity
  8. State Machine - |FSM_pet|count
  9. State Machine - |FSM_pet|state
 10. Registers Removed During Synthesis
 11. General Register Statistics
 12. Inverted Register Statistics
 13. Multiplexer Restructuring Statistics (Restructuring Performed)
 14. Parameter Settings for User Entity Instance: Top-level Entity: |FSM_pet
 15. Port Connectivity Checks: "spi_master:spi"
 16. Post-Synthesis Netlist Statistics for Top Partition
 17. Elapsed Time Per Partition
 18. Analysis & Synthesis Messages



----------------
; Legal Notice ;
----------------
Copyright (C) 2023  Intel Corporation. All rights reserved.
Your use of Intel Corporation's design tools, logic functions 
and other software and tools, and any partner logic 
functions, and any output files from any of the foregoing 
(including device programming or simulation files), and any 
associated documentation or information are expressly subject 
to the terms and conditions of the Intel Program License 
Subscription Agreement, the Intel Quartus Prime License Agreement,
the Intel FPGA IP License Agreement, or other applicable license
agreement, including, without limitation, that your use is for
the sole purpose of programming logic devices manufactured by
Intel and sold by Intel or its authorized distributors.  Please
refer to the applicable agreement for further details, at
https://fpgasoftware.intel.com/eula.



+-------------------------------------------------------------------------------------+
; Analysis & Synthesis Summary                                                        ;
+------------------------------------+------------------------------------------------+
; Analysis & Synthesis Status        ; Successful - Tue Sep 17 05:00:01 2024          ;
; Quartus Prime Version              ; 23.1std.0 Build 991 11/28/2023 SC Lite Edition ;
; Revision Name                      ; FSM_pet                                        ;
; Top-level Entity Name              ; FSM_pet                                        ;
; Family                             ; Cyclone IV E                                   ;
; Total logic elements               ; 373                                            ;
;     Total combinational functions  ; 367                                            ;
;     Dedicated logic registers      ; 127                                            ;
; Total registers                    ; 127                                            ;
; Total pins                         ; 14                                             ;
; Total virtual pins                 ; 0                                              ;
; Total memory bits                  ; 0                                              ;
; Embedded Multiplier 9-bit elements ; 0                                              ;
; Total PLLs                         ; 0                                              ;
+------------------------------------+------------------------------------------------+


+------------------------------------------------------------------------------------------------------------+
; Analysis & Synthesis Settings                                                                              ;
+------------------------------------------------------------------+--------------------+--------------------+
; Option                                                           ; Setting            ; Default Value      ;
+------------------------------------------------------------------+--------------------+--------------------+
; Device                                                           ; EP4CE10E22C8       ;                    ;
; Top-level entity name                                            ; FSM_pet            ; FSM_pet            ;
; Family name                                                      ; Cyclone IV E       ; Cyclone V          ;
; Use smart compilation                                            ; Off                ; Off                ;
; Enable parallel Assembler and Timing Analyzer during compilation ; On                 ; On                 ;
; Enable compact report table                                      ; Off                ; Off                ;
; Restructure Multiplexers                                         ; Auto               ; Auto               ;
; Create Debugging Nodes for IP Cores                              ; Off                ; Off                ;
; Preserve fewer node names                                        ; On                 ; On                 ;
; Intel FPGA IP Evaluation Mode                                    ; Enable             ; Enable             ;
; Verilog Version                                                  ; Verilog_2001       ; Verilog_2001       ;
; VHDL Version                                                     ; VHDL_1993          ; VHDL_1993          ;
; State Machine Processing                                         ; Auto               ; Auto               ;
; Safe State Machine                                               ; Off                ; Off                ;
; Extract Verilog State Machines                                   ; On                 ; On                 ;
; Extract VHDL State Machines                                      ; On                 ; On                 ;
; Ignore Verilog initial constructs                                ; Off                ; Off                ;
; Iteration limit for constant Verilog loops                       ; 5000               ; 5000               ;
; Iteration limit for non-constant Verilog loops                   ; 250                ; 250                ;
; Add Pass-Through Logic to Inferred RAMs                          ; On                 ; On                 ;
; Infer RAMs from Raw Logic                                        ; On                 ; On                 ;
; Parallel Synthesis                                               ; On                 ; On                 ;
; DSP Block Balancing                                              ; Auto               ; Auto               ;
; NOT Gate Push-Back                                               ; On                 ; On                 ;
; Power-Up Don't Care                                              ; On                 ; On                 ;
; Remove Redundant Logic Cells                                     ; Off                ; Off                ;
; Remove Duplicate Registers                                       ; On                 ; On                 ;
; Ignore CARRY Buffers                                             ; Off                ; Off                ;
; Ignore CASCADE Buffers                                           ; Off                ; Off                ;
; Ignore GLOBAL Buffers                                            ; Off                ; Off                ;
; Ignore ROW GLOBAL Buffers                                        ; Off                ; Off                ;
; Ignore LCELL Buffers                                             ; Off                ; Off                ;
; Ignore SOFT Buffers                                              ; On                 ; On                 ;
; Limit AHDL Integers to 32 Bits                                   ; Off                ; Off                ;
; Optimization Technique                                           ; Balanced           ; Balanced           ;
; Carry Chain Length                                               ; 70                 ; 70                 ;
; Auto Carry Chains                                                ; On                 ; On                 ;
; Auto Open-Drain Pins                                             ; On                 ; On                 ;
; Perform WYSIWYG Primitive Resynthesis                            ; Off                ; Off                ;
; Auto ROM Replacement                                             ; On                 ; On                 ;
; Auto RAM Replacement                                             ; On                 ; On                 ;
; Auto DSP Block Replacement                                       ; On                 ; On                 ;
; Auto Shift Register Replacement                                  ; Auto               ; Auto               ;
; Allow Shift Register Merging across Hierarchies                  ; Auto               ; Auto               ;
; Auto Clock Enable Replacement                                    ; On                 ; On                 ;
; Strict RAM Replacement                                           ; Off                ; Off                ;
; Allow Synchronous Control Signals                                ; On                 ; On                 ;
; Force Use of Synchronous Clear Signals                           ; Off                ; Off                ;
; Auto RAM Block Balancing                                         ; On                 ; On                 ;
; Auto RAM to Logic Cell Conversion                                ; Off                ; Off                ;
; Auto Resource Sharing                                            ; Off                ; Off                ;
; Allow Any RAM Size For Recognition                               ; Off                ; Off                ;
; Allow Any ROM Size For Recognition                               ; Off                ; Off                ;
; Allow Any Shift Register Size For Recognition                    ; Off                ; Off                ;
; Use LogicLock Constraints during Resource Balancing              ; On                 ; On                 ;
; Ignore translate_off and synthesis_off directives                ; Off                ; Off                ;
; Timing-Driven Synthesis                                          ; On                 ; On                 ;
; Report Parameter Settings                                        ; On                 ; On                 ;
; Report Source Assignments                                        ; On                 ; On                 ;
; Report Connectivity Checks                                       ; On                 ; On                 ;
; Ignore Maximum Fan-Out Assignments                               ; Off                ; Off                ;
; Synchronization Register Chain Length                            ; 2                  ; 2                  ;
; Power Optimization During Synthesis                              ; Normal compilation ; Normal compilation ;
; HDL message level                                                ; Level2             ; Level2             ;
; Suppress Register Optimization Related Messages                  ; Off                ; Off                ;
; Number of Removed Registers Reported in Synthesis Report         ; 5000               ; 5000               ;
; Number of Swept Nodes Reported in Synthesis Report               ; 5000               ; 5000               ;
; Number of Inverted Registers Reported in Synthesis Report        ; 100                ; 100                ;
; Clock MUX Protection                                             ; On                 ; On                 ;
; Auto Gated Clock Conversion                                      ; Off                ; Off                ;
; Block Design Naming                                              ; Auto               ; Auto               ;
; SDC constraint protection                                        ; Off                ; Off                ;
; Synthesis Effort                                                 ; Auto               ; Auto               ;
; Shift Register Replacement - Allow Asynchronous Clear Signal     ; On                 ; On                 ;
; Pre-Mapping Resynthesis Optimization                             ; Off                ; Off                ;
; Analysis & Synthesis Message Level                               ; Medium             ; Medium             ;
; Disable Register Merging Across Hierarchies                      ; Auto               ; Auto               ;
; Resource Aware Inference For Block RAM                           ; On                 ; On                 ;
+------------------------------------------------------------------+--------------------+--------------------+


+------------------------------------------+
; Parallel Compilation                     ;
+----------------------------+-------------+
; Processors                 ; Number      ;
+----------------------------+-------------+
; Number detected on machine ; 32          ;
; Maximum allowed            ; 16          ;
;                            ;             ;
; Average used               ; 1.00        ;
; Maximum used               ; 16          ;
;                            ;             ;
; Usage by Processor         ; % Time Used ;
;     Processor 1            ; 100.0%      ;
;     Processors 2-16        ;   0.0%      ;
+----------------------------+-------------+


+-----------------------------------------------------------------------------------------------------------------------------------------------------------------------+
; Analysis & Synthesis Source Files Read                                                                                                                                ;
+----------------------------------+-----------------+------------------------+-------------------------------------------------------------------------------+---------+
; File Name with User-Entered Path ; Used in Netlist ; File Type              ; File Name with Absolute Path                                                  ; Library ;
+----------------------------------+-----------------+------------------------+-------------------------------------------------------------------------------+---------+
; spi_master.v                     ; yes             ; User Verilog HDL File  ; /home/dayz/Labs/entrega-1-proyecto-grupo22-2024-1/Visualización/spi_master.v ;         ;
; FSM_pet.v                        ; yes             ; User Verilog HDL File  ; /home/dayz/Labs/entrega-1-proyecto-grupo22-2024-1/Visualización/FSM_pet.v    ;         ;
+----------------------------------+-----------------+------------------------+-------------------------------------------------------------------------------+---------+


+---------------------------------------------------------+
; Analysis & Synthesis Resource Usage Summary             ;
+---------------------------------------------+-----------+
; Resource                                    ; Usage     ;
+---------------------------------------------+-----------+
; Estimated Total logic elements              ; 373       ;
;                                             ;           ;
; Total combinational functions               ; 367       ;
; Logic element usage by number of LUT inputs ;           ;
;     -- 4 input functions                    ; 195       ;
;     -- 3 input functions                    ; 82        ;
;     -- <=2 input functions                  ; 90        ;
;                                             ;           ;
; Logic elements by mode                      ;           ;
;     -- normal mode                          ; 329       ;
;     -- arithmetic mode                      ; 38        ;
;                                             ;           ;
; Total registers                             ; 127       ;
;     -- Dedicated logic registers            ; 127       ;
;     -- I/O registers                        ; 0         ;
;                                             ;           ;
; I/O pins                                    ; 14        ;
;                                             ;           ;
; Embedded Multiplier 9-bit elements          ; 0         ;
;                                             ;           ;
; Maximum fan-out node                        ; clk~input ;
; Maximum fan-out                             ; 127       ;
; Total fan-out                               ; 1662      ;
; Average fan-out                             ; 3.18      ;
+---------------------------------------------+-----------+


+--------------------------------------------------------------------------------------------------------------------------------------------------------------------------------------------------------------+
; Analysis & Synthesis Resource Utilization by Entity                                                                                                                                                          ;
+----------------------------+---------------------+---------------------------+-------------+--------------+---------+-----------+------+--------------+-------------------------+-------------+--------------+
; Compilation Hierarchy Node ; Combinational ALUTs ; Dedicated Logic Registers ; Memory Bits ; DSP Elements ; DSP 9x9 ; DSP 18x18 ; Pins ; Virtual Pins ; Full Hierarchy Name     ; Entity Name ; Library Name ;
+----------------------------+---------------------+---------------------------+-------------+--------------+---------+-----------+------+--------------+-------------------------+-------------+--------------+
; |FSM_pet                   ; 367 (316)           ; 127 (92)                  ; 0           ; 0            ; 0       ; 0         ; 14   ; 0            ; |FSM_pet                ; FSM_pet     ; work         ;
;    |spi_master:spi|        ; 51 (51)             ; 35 (35)                   ; 0           ; 0            ; 0       ; 0         ; 0    ; 0            ; |FSM_pet|spi_master:spi ; spi_master  ; work         ;
+----------------------------+---------------------+---------------------------+-------------+--------------+---------+-----------+------+--------------+-------------------------+-------------+--------------+
Note: For table entries with two numbers listed, the numbers in parentheses indicate the number of resources of the given type used by the specific entity alone. The numbers listed outside of parentheses indicate the total resources of the given type used by the specific entity and all of its sub-entities in the hierarchy.


Encoding Type:  One-Hot
+-----------------------------------------------------------------------------------------------------------------------------------------------+
; State Machine - |FSM_pet|count                                                                                                                ;
+-----------------+-----------------+-----------------+-----------------+-----------------+-----------------+-----------------+-----------------+
; Name            ; count.000000110 ; count.000000101 ; count.000000100 ; count.000000011 ; count.000000010 ; count.000000001 ; count.000000000 ;
+-----------------+-----------------+-----------------+-----------------+-----------------+-----------------+-----------------+-----------------+
; count.000000000 ; 0               ; 0               ; 0               ; 0               ; 0               ; 0               ; 0               ;
; count.000000001 ; 0               ; 0               ; 0               ; 0               ; 0               ; 1               ; 1               ;
; count.000000010 ; 0               ; 0               ; 0               ; 0               ; 1               ; 0               ; 1               ;
; count.000000011 ; 0               ; 0               ; 0               ; 1               ; 0               ; 0               ; 1               ;
; count.000000100 ; 0               ; 0               ; 1               ; 0               ; 0               ; 0               ; 1               ;
; count.000000101 ; 0               ; 1               ; 0               ; 0               ; 0               ; 0               ; 1               ;
; count.000000110 ; 1               ; 0               ; 0               ; 0               ; 0               ; 0               ; 1               ;
+-----------------+-----------------+-----------------+-----------------+-----------------+-----------------+-----------------+-----------------+


Encoding Type:  One-Hot
+-----------------------------------------------------------------------------+
; State Machine - |FSM_pet|state                                              ;
+------------+------------+------------+------------+------------+------------+
; Name       ; state.0011 ; state.0010 ; state.0001 ; state.0000 ; state.0100 ;
+------------+------------+------------+------------+------------+------------+
; state.0000 ; 0          ; 0          ; 0          ; 0          ; 0          ;
; state.0001 ; 0          ; 0          ; 1          ; 1          ; 0          ;
; state.0010 ; 0          ; 1          ; 0          ; 1          ; 0          ;
; state.0011 ; 1          ; 0          ; 0          ; 1          ; 0          ;
; state.0100 ; 0          ; 0          ; 0          ; 1          ; 1          ;
+------------+------------+------------+------------+------------+------------+


+----------------------------------------------------------------------------------+
; Registers Removed During Synthesis                                               ;
+-----------------------------------------+----------------------------------------+
; Register name                           ; Reason for Removal                     ;
+-----------------------------------------+----------------------------------------+
; cmdline[5][0]                           ; Stuck at GND due to stuck port data_in ;
; cmdline[5][1]                           ; Stuck at GND due to stuck port data_in ;
; cmdline[5][2]                           ; Stuck at VCC due to stuck port data_in ;
; cmdline[5][3]                           ; Stuck at GND due to stuck port data_in ;
; cmdline[5][4]                           ; Stuck at GND due to stuck port data_in ;
; cmdline[5][5]                           ; Stuck at GND due to stuck port data_in ;
; cmdline[5][6]                           ; Stuck at VCC due to stuck port data_in ;
; cmdline[5][7]                           ; Stuck at GND due to stuck port data_in ;
; cmdline[4][0]                           ; Stuck at GND due to stuck port data_in ;
; cmdline[4][1]                           ; Stuck at GND due to stuck port data_in ;
; cmdline[4][2]                           ; Stuck at VCC due to stuck port data_in ;
; cmdline[4][3]                           ; Stuck at GND due to stuck port data_in ;
; cmdline[4][4]                           ; Stuck at GND due to stuck port data_in ;
; cmdline[4][5]                           ; Stuck at VCC due to stuck port data_in ;
; cmdline[4][6]                           ; Stuck at GND due to stuck port data_in ;
; cmdline[4][7]                           ; Stuck at VCC due to stuck port data_in ;
; cmdline[3][0]                           ; Stuck at VCC due to stuck port data_in ;
; cmdline[3][1]                           ; Stuck at GND due to stuck port data_in ;
; cmdline[3][2]                           ; Stuck at GND due to stuck port data_in ;
; cmdline[3][3]                           ; Stuck at GND due to stuck port data_in ;
; cmdline[3][4]                           ; Stuck at GND due to stuck port data_in ;
; cmdline[3][5]                           ; Stuck at GND due to stuck port data_in ;
; cmdline[3][6]                           ; Stuck at VCC due to stuck port data_in ;
; cmdline[3][7]                           ; Stuck at GND due to stuck port data_in ;
; cmdline[2][0]                           ; Stuck at GND due to stuck port data_in ;
; cmdline[2][1]                           ; Stuck at GND due to stuck port data_in ;
; cmdline[2][2]                           ; Stuck at GND due to stuck port data_in ;
; cmdline[2][3]                           ; Stuck at GND due to stuck port data_in ;
; cmdline[2][4]                           ; Stuck at GND due to stuck port data_in ;
; cmdline[2][5]                           ; Stuck at VCC due to stuck port data_in ;
; cmdline[2][6]                           ; Stuck at GND due to stuck port data_in ;
; cmdline[2][7]                           ; Stuck at VCC due to stuck port data_in ;
; cmdline[1][0]                           ; Stuck at GND due to stuck port data_in ;
; cmdline[1][1]                           ; Stuck at VCC due to stuck port data_in ;
; cmdline[1][2]                           ; Stuck at GND due to stuck port data_in ;
; cmdline[1][3]                           ; Stuck at GND due to stuck port data_in ;
; cmdline[1][4]                           ; Stuck at GND due to stuck port data_in ;
; cmdline[1][5]                           ; Stuck at GND due to stuck port data_in ;
; cmdline[1][6]                           ; Stuck at VCC due to stuck port data_in ;
; cmdline[1][7]                           ; Stuck at GND due to stuck port data_in ;
; cmdline[0][0]                           ; Stuck at GND due to stuck port data_in ;
; cmdline[0][1]                           ; Stuck at GND due to stuck port data_in ;
; cmdline[0][2]                           ; Stuck at GND due to stuck port data_in ;
; cmdline[0][3]                           ; Stuck at GND due to stuck port data_in ;
; cmdline[0][4]                           ; Stuck at GND due to stuck port data_in ;
; cmdline[0][5]                           ; Stuck at VCC due to stuck port data_in ;
; cmdline[0][6]                           ; Stuck at GND due to stuck port data_in ;
; cmdline[0][7]                           ; Stuck at VCC due to stuck port data_in ;
; initline[4][0]                          ; Stuck at GND due to stuck port data_in ;
; initline[4][1]                          ; Stuck at GND due to stuck port data_in ;
; initline[4][2]                          ; Stuck at GND due to stuck port data_in ;
; initline[4][3]                          ; Stuck at GND due to stuck port data_in ;
; initline[4][4]                          ; Stuck at GND due to stuck port data_in ;
; initline[4][5]                          ; Stuck at GND due to stuck port data_in ;
; initline[4][6]                          ; Stuck at GND due to stuck port data_in ;
; initline[4][7]                          ; Stuck at VCC due to stuck port data_in ;
; initline[3][0]                          ; Stuck at GND due to stuck port data_in ;
; initline[3][1]                          ; Stuck at GND due to stuck port data_in ;
; initline[3][2]                          ; Stuck at VCC due to stuck port data_in ;
; initline[3][3]                          ; Stuck at VCC due to stuck port data_in ;
; initline[3][4]                          ; Stuck at GND due to stuck port data_in ;
; initline[3][5]                          ; Stuck at GND due to stuck port data_in ;
; initline[3][6]                          ; Stuck at GND due to stuck port data_in ;
; initline[3][7]                          ; Stuck at GND due to stuck port data_in ;
; initline[2][0]                          ; Stuck at GND due to stuck port data_in ;
; initline[2][1]                          ; Stuck at GND due to stuck port data_in ;
; initline[2][2]                          ; Stuck at GND due to stuck port data_in ;
; initline[2][3]                          ; Stuck at GND due to stuck port data_in ;
; initline[2][4]                          ; Stuck at GND due to stuck port data_in ;
; initline[2][5]                          ; Stuck at VCC due to stuck port data_in ;
; initline[2][6]                          ; Stuck at GND due to stuck port data_in ;
; initline[2][7]                          ; Stuck at GND due to stuck port data_in ;
; initline[1][0]                          ; Stuck at GND due to stuck port data_in ;
; initline[1][1]                          ; Stuck at GND due to stuck port data_in ;
; initline[1][2]                          ; Stuck at GND due to stuck port data_in ;
; initline[1][3]                          ; Stuck at GND due to stuck port data_in ;
; initline[1][4]                          ; Stuck at VCC due to stuck port data_in ;
; initline[1][5]                          ; Stuck at GND due to stuck port data_in ;
; initline[1][6]                          ; Stuck at GND due to stuck port data_in ;
; initline[1][7]                          ; Stuck at VCC due to stuck port data_in ;
; initline[0][0]                          ; Stuck at VCC due to stuck port data_in ;
; initline[0][1]                          ; Stuck at GND due to stuck port data_in ;
; initline[0][2]                          ; Stuck at GND due to stuck port data_in ;
; initline[0][3]                          ; Stuck at GND due to stuck port data_in ;
; initline[0][4]                          ; Stuck at GND due to stuck port data_in ;
; initline[0][5]                          ; Stuck at VCC due to stuck port data_in ;
; initline[0][6]                          ; Stuck at GND due to stuck port data_in ;
; initline[0][7]                          ; Stuck at GND due to stuck port data_in ;
; iconline[4][2]                          ; Stuck at GND due to stuck port data_in ;
; iconline[4][1]                          ; Stuck at GND due to stuck port data_in ;
; iconline[6][6]                          ; Stuck at GND due to stuck port data_in ;
; iconline[7][0]                          ; Stuck at GND due to stuck port data_in ;
; iconline[3][6]                          ; Stuck at GND due to stuck port data_in ;
; iconline[1][3]                          ; Stuck at GND due to stuck port data_in ;
; iconline[1][6]                          ; Stuck at GND due to stuck port data_in ;
; iconline[0][0]                          ; Stuck at GND due to stuck port data_in ;
; dataline[15][2]                         ; Stuck at GND due to stuck port data_in ;
; dataline[15][3]                         ; Stuck at GND due to stuck port data_in ;
; dataline[15][4]                         ; Stuck at GND due to stuck port data_in ;
; dataline[15][6]                         ; Stuck at GND due to stuck port data_in ;
; dataline[15][7]                         ; Stuck at GND due to stuck port data_in ;
; dataline[14][3]                         ; Stuck at GND due to stuck port data_in ;
; dataline[14][4]                         ; Stuck at GND due to stuck port data_in ;
; dataline[14][6]                         ; Stuck at GND due to stuck port data_in ;
; dataline[13][0]                         ; Stuck at VCC due to stuck port data_in ;
; dataline[13][1]                         ; Stuck at GND due to stuck port data_in ;
; dataline[13][2]                         ; Stuck at GND due to stuck port data_in ;
; dataline[13][3]                         ; Stuck at VCC due to stuck port data_in ;
; dataline[13][5]                         ; Stuck at GND due to stuck port data_in ;
; dataline[13][6]                         ; Stuck at GND due to stuck port data_in ;
; dataline[13][7]                         ; Stuck at GND due to stuck port data_in ;
; dataline[12][0]                         ; Stuck at VCC due to stuck port data_in ;
; dataline[12][1]                         ; Stuck at GND due to stuck port data_in ;
; dataline[12][2]                         ; Stuck at GND due to stuck port data_in ;
; dataline[12][3]                         ; Stuck at GND due to stuck port data_in ;
; dataline[12][4]                         ; Stuck at GND due to stuck port data_in ;
; dataline[12][5]                         ; Stuck at GND due to stuck port data_in ;
; dataline[11][4]                         ; Stuck at GND due to stuck port data_in ;
; dataline[11][6]                         ; Stuck at GND due to stuck port data_in ;
; dataline[10][0]                         ; Stuck at VCC due to stuck port data_in ;
; dataline[10][5]                         ; Stuck at VCC due to stuck port data_in ;
; dataline[10][7]                         ; Stuck at VCC due to stuck port data_in ;
; dataline[9][0]                          ; Stuck at VCC due to stuck port data_in ;
; dataline[9][1]                          ; Stuck at GND due to stuck port data_in ;
; dataline[9][2]                          ; Stuck at GND due to stuck port data_in ;
; dataline[9][5]                          ; Stuck at GND due to stuck port data_in ;
; dataline[9][6]                          ; Stuck at GND due to stuck port data_in ;
; dataline[9][7]                          ; Stuck at GND due to stuck port data_in ;
; dataline[8][0]                          ; Stuck at VCC due to stuck port data_in ;
; dataline[8][1]                          ; Stuck at VCC due to stuck port data_in ;
; dataline[8][2]                          ; Stuck at VCC due to stuck port data_in ;
; dataline[8][4]                          ; Stuck at GND due to stuck port data_in ;
; dataline[8][5]                          ; Stuck at GND due to stuck port data_in ;
; dataline[8][6]                          ; Stuck at GND due to stuck port data_in ;
; dataline[8][7]                          ; Stuck at GND due to stuck port data_in ;
; dataline[7][3]                          ; Stuck at GND due to stuck port data_in ;
; dataline[7][4]                          ; Stuck at GND due to stuck port data_in ;
; dataline[7][5]                          ; Stuck at VCC due to stuck port data_in ;
; dataline[7][6]                          ; Stuck at GND due to stuck port data_in ;
; dataline[7][7]                          ; Stuck at GND due to stuck port data_in ;
; dataline[6][3]                          ; Stuck at GND due to stuck port data_in ;
; dataline[6][4]                          ; Stuck at GND due to stuck port data_in ;
; dataline[6][5]                          ; Stuck at VCC due to stuck port data_in ;
; dataline[6][7]                          ; Stuck at GND due to stuck port data_in ;
; dataline[5][3]                          ; Stuck at GND due to stuck port data_in ;
; dataline[5][6]                          ; Stuck at GND due to stuck port data_in ;
; dataline[4][0]                          ; Stuck at GND due to stuck port data_in ;
; dataline[4][6]                          ; Stuck at GND due to stuck port data_in ;
; dataline[3][0]                          ; Stuck at GND due to stuck port data_in ;
; dataline[3][5]                          ; Stuck at GND due to stuck port data_in ;
; dataline[3][6]                          ; Stuck at GND due to stuck port data_in ;
; dataline[2][2]                          ; Stuck at GND due to stuck port data_in ;
; dataline[2][3]                          ; Stuck at GND due to stuck port data_in ;
; dataline[2][4]                          ; Stuck at GND due to stuck port data_in ;
; dataline[2][7]                          ; Stuck at GND due to stuck port data_in ;
; dataline[1][1]                          ; Stuck at GND due to stuck port data_in ;
; dataline[1][2]                          ; Stuck at GND due to stuck port data_in ;
; dataline[1][3]                          ; Stuck at GND due to stuck port data_in ;
; dataline[1][5]                          ; Stuck at GND due to stuck port data_in ;
; dataline[1][6]                          ; Stuck at GND due to stuck port data_in ;
; dataline[1][7]                          ; Stuck at GND due to stuck port data_in ;
; dataline[0][0]                          ; Stuck at GND due to stuck port data_in ;
; dataline[0][4]                          ; Stuck at GND due to stuck port data_in ;
; dataline[0][5]                          ; Stuck at GND due to stuck port data_in ;
; dataline[0][6]                          ; Stuck at GND due to stuck port data_in ;
; dataline[0][7]                          ; Stuck at GND due to stuck port data_in ;
; dataline[0][2]                          ; Merged with dataline[0][1]             ;
; dataline[0][3]                          ; Merged with dataline[0][1]             ;
; dataline[11][1]                         ; Merged with dataline[0][1]             ;
; dataline[11][2]                         ; Merged with dataline[0][1]             ;
; dataline[11][3]                         ; Merged with dataline[0][1]             ;
; dataline[11][5]                         ; Merged with dataline[0][1]             ;
; dataline[11][7]                         ; Merged with dataline[0][1]             ;
; dataline[12][6]                         ; Merged with dataline[0][1]             ;
; dataline[14][1]                         ; Merged with dataline[0][1]             ;
; dataline[14][2]                         ; Merged with dataline[0][1]             ;
; dataline[15][1]                         ; Merged with dataline[0][1]             ;
; dataline[1][0]                          ; Merged with dataline[0][1]             ;
; dataline[1][4]                          ; Merged with dataline[0][1]             ;
; dataline[2][5]                          ; Merged with dataline[0][1]             ;
; dataline[2][6]                          ; Merged with dataline[0][1]             ;
; dataline[3][7]                          ; Merged with dataline[0][1]             ;
; dataline[4][7]                          ; Merged with dataline[0][1]             ;
; dataline[5][7]                          ; Merged with dataline[0][1]             ;
; dataline[6][6]                          ; Merged with dataline[0][1]             ;
; dataline[8][3]                          ; Merged with dataline[0][1]             ;
; dataline[9][4]                          ; Merged with dataline[0][1]             ;
; dataline[10][2]                         ; Merged with dataline[10][1]            ;
; dataline[10][3]                         ; Merged with dataline[10][1]            ;
; dataline[10][4]                         ; Merged with dataline[10][1]            ;
; dataline[10][6]                         ; Merged with dataline[10][1]            ;
; dataline[11][0]                         ; Merged with dataline[10][1]            ;
; dataline[12][7]                         ; Merged with dataline[10][1]            ;
; dataline[13][4]                         ; Merged with dataline[10][1]            ;
; dataline[14][0]                         ; Merged with dataline[10][1]            ;
; dataline[14][5]                         ; Merged with dataline[10][1]            ;
; dataline[14][7]                         ; Merged with dataline[10][1]            ;
; dataline[15][0]                         ; Merged with dataline[10][1]            ;
; dataline[15][5]                         ; Merged with dataline[10][1]            ;
; dataline[2][0]                          ; Merged with dataline[10][1]            ;
; dataline[2][1]                          ; Merged with dataline[10][1]            ;
; dataline[3][3]                          ; Merged with dataline[10][1]            ;
; dataline[5][5]                          ; Merged with dataline[10][1]            ;
; dataline[9][3]                          ; Merged with dataline[10][1]            ;
; iconline[1][2]                          ; Merged with iconline[0][7]             ;
; iconline[4][7]                          ; Merged with iconline[0][7]             ;
; iconline[6][2]                          ; Merged with iconline[0][7]             ;
; iconline[0][5]                          ; Merged with iconline[0][1]             ;
; iconline[0][6]                          ; Merged with iconline[0][1]             ;
; iconline[1][0]                          ; Merged with iconline[0][1]             ;
; iconline[1][7]                          ; Merged with iconline[0][1]             ;
; iconline[5][1]                          ; Merged with iconline[0][1]             ;
; iconline[5][2]                          ; Merged with iconline[0][1]             ;
; iconline[6][0]                          ; Merged with iconline[0][1]             ;
; iconline[7][1]                          ; Merged with iconline[0][1]             ;
; iconline[5][5]                          ; Merged with iconline[2][7]             ;
; dataline[6][0]                          ; Merged with dataline[4][5]             ;
; dataline[5][4]                          ; Merged with dataline[4][3]             ;
; iconline[5][3]                          ; Merged with iconline[2][1]             ;
; iconline[5][7]                          ; Merged with iconline[2][1]             ;
; iconline[3][2]                          ; Merged with iconline[3][1]             ;
; iconline[3][5]                          ; Merged with iconline[3][1]             ;
; iconline[6][3]                          ; Merged with iconline[3][1]             ;
; iconline[7][7]                          ; Merged with iconline[3][1]             ;
; iconline[2][6]                          ; Merged with iconline[2][2]             ;
; iconline[3][3]                          ; Merged with iconline[2][2]             ;
; iconline[4][3]                          ; Merged with iconline[2][2]             ;
; iconline[4][6]                          ; Merged with iconline[4][5]             ;
; iconline[7][5]                          ; Merged with iconline[2][4]             ;
; iconline[7][6]                          ; Merged with iconline[2][4]             ;
; iconline[6][5]                          ; Merged with iconline[1][5]             ;
; iconline[0][3]                          ; Merged with iconline[0][2]             ;
; iconline[0][4]                          ; Merged with iconline[0][2]             ;
; iconline[3][4]                          ; Merged with iconline[2][0]             ;
; iconline[4][4]                          ; Merged with iconline[2][0]             ;
; iconline[5][0]                          ; Merged with iconline[2][0]             ;
; iconline[7][2]                          ; Merged with iconline[2][0]             ;
; iconline[7][4]                          ; Merged with iconline[7][3]             ;
; dataline[4][1]                          ; Merged with dataline[3][2]             ;
; dataline[5][2]                          ; Merged with dataline[4][2]             ;
; dataline[6][2]                          ; Merged with dataline[4][2]             ;
; dataline[7][1]                          ; Merged with dataline[5][1]             ;
; iconline[4][0]                          ; Merged with iconline[3][0]             ;
; count~9                                 ; Lost fanout                            ;
; count~10                                ; Lost fanout                            ;
; count~11                                ; Lost fanout                            ;
; count~12                                ; Lost fanout                            ;
; count~13                                ; Lost fanout                            ;
; count~14                                ; Lost fanout                            ;
; count~15                                ; Lost fanout                            ;
; count~16                                ; Lost fanout                            ;
; count~17                                ; Lost fanout                            ;
; state~7                                 ; Lost fanout                            ;
; state~8                                 ; Lost fanout                            ;
; state~10                                ; Lost fanout                            ;
; Total Number of Removed Registers = 255 ;                                        ;
+-----------------------------------------+----------------------------------------+


+------------------------------------------------------+
; General Register Statistics                          ;
+----------------------------------------------+-------+
; Statistic                                    ; Value ;
+----------------------------------------------+-------+
; Total registers                              ; 127   ;
; Number of registers using Synchronous Clear  ; 52    ;
; Number of registers using Synchronous Load   ; 9     ;
; Number of registers using Asynchronous Clear ; 33    ;
; Number of registers using Asynchronous Load  ; 0     ;
; Number of registers using Clock Enable       ; 102   ;
; Number of registers using Preset             ; 0     ;
+----------------------------------------------+-------+


+--------------------------------------------------+
; Inverted Register Statistics                     ;
+----------------------------------------+---------+
; Inverted Register                      ; Fan out ;
+----------------------------------------+---------+
; spi_master:spi|ce                      ; 1       ;
; Total number of inverted registers = 1 ;         ;
+----------------------------------------+---------+


+----------------------------------------------------------------------------------------------------------------------------------------------------+
; Multiplexer Restructuring Statistics (Restructuring Performed)                                                                                     ;
+--------------------+-----------+---------------+----------------------+------------------------+------------+--------------------------------------+
; Multiplexer Inputs ; Bus Width ; Baseline Area ; Area if Restructured ; Saving if Restructured ; Registered ; Example Multiplexer Output           ;
+--------------------+-----------+---------------+----------------------+------------------------+------------+--------------------------------------+
; 3:1                ; 6 bits    ; 12 LEs        ; 6 LEs                ; 6 LEs                  ; Yes        ; |FSM_pet|iconindex[0]                ;
; 3:1                ; 4 bits    ; 8 LEs         ; 4 LEs                ; 4 LEs                  ; Yes        ; |FSM_pet|spi_master:spi|bit_count[3] ;
; 3:1                ; 7 bits    ; 14 LEs        ; 7 LEs                ; 7 LEs                  ; Yes        ; |FSM_pet|spi_master:spi|shift_reg[5] ;
; 8:1                ; 13 bits   ; 65 LEs        ; 52 LEs               ; 13 LEs                 ; Yes        ; |FSM_pet|dataline[0][1]              ;
; 8:1                ; 23 bits   ; 115 LEs       ; 69 LEs               ; 46 LEs                 ; Yes        ; |FSM_pet|iconline[2][0]              ;
; 4:1                ; 6 bits    ; 12 LEs        ; 6 LEs                ; 6 LEs                  ; Yes        ; |FSM_pet|initindex[5]                ;
; 11:1               ; 5 bits    ; 35 LEs        ; 15 LEs               ; 20 LEs                 ; Yes        ; |FSM_pet|cmdindex[0]                 ;
; 17:1               ; 6 bits    ; 66 LEs        ; 24 LEs               ; 42 LEs                 ; Yes        ; |FSM_pet|dataindex[5]                ;
; 10:1               ; 3 bits    ; 18 LEs        ; 12 LEs               ; 6 LEs                  ; No         ; |FSM_pet|state                       ;
; 10:1               ; 2 bits    ; 12 LEs        ; 6 LEs                ; 6 LEs                  ; No         ; |FSM_pet|state                       ;
; 24:1               ; 7 bits    ; 112 LEs       ; 42 LEs               ; 70 LEs                 ; No         ; |FSM_pet|count                       ;
+--------------------+-----------+---------------+----------------------+------------------------+------------+--------------------------------------+


+-------------------------------------------------------------------------+
; Parameter Settings for User Entity Instance: Top-level Entity: |FSM_pet ;
+----------------+-------+------------------------------------------------+
; Parameter Name ; Value ; Type                                           ;
+----------------+-------+------------------------------------------------+
; INIT           ; 0000  ; Unsigned Binary                                ;
; WIPE           ; 0001  ; Unsigned Binary                                ;
; WAIT           ; 0010  ; Unsigned Binary                                ;
; DRAWPET        ; 0011  ; Unsigned Binary                                ;
; DRAWICON       ; 0100  ; Unsigned Binary                                ;
+----------------+-------+------------------------------------------------+
Note: In order to hide this table in the UI and the text report file, please set the "Show Parameter Settings in Synthesis Report" option in "Analysis and Synthesis Settings -> More Settings" to "Off".


+------------------------------------------------------------------------------------------------------------------------------------------------------------------------------------------------------------------------------+
; Port Connectivity Checks: "spi_master:spi"                                                                                                                                                                                   ;
+--------------------+--------+----------+-------------------------------------------------------------------------------------------------------------------------------------------------------------------------------------+
; Port               ; Type   ; Severity ; Details                                                                                                                                                                             ;
+--------------------+--------+----------+-------------------------------------------------------------------------------------------------------------------------------------------------------------------------------------+
; div_factor         ; Input  ; Warning  ; Input port expression (26 bits) is wider than the input port (16 bits) it drives.  The 10 most-significant bit(s) in the expression will be dangling if they have no other fanouts. ;
; div_factor[14..11] ; Input  ; Info     ; Stuck at VCC                                                                                                                                                                        ;
; div_factor[10..7]  ; Input  ; Info     ; Stuck at GND                                                                                                                                                                        ;
; div_factor[5..0]   ; Input  ; Info     ; Stuck at GND                                                                                                                                                                        ;
; div_factor[15]     ; Input  ; Info     ; Stuck at GND                                                                                                                                                                        ;
; div_factor[6]      ; Input  ; Info     ; Stuck at VCC                                                                                                                                                                        ;
; data_out           ; Output ; Warning  ; Output or bidir port (8 bits) is wider than the port expression (1 bits) it drives; bit(s) "data_out[7..1]" have no fanouts                                                         ;
; data_out           ; Output ; Info     ; Connected to dangling logic. Logic that only feeds a dangling port will be removed.                                                                                                 ;
; busy               ; Output ; Info     ; Connected to dangling logic. Logic that only feeds a dangling port will be removed.                                                                                                 ;
; miso               ; Input  ; Warning  ; Declared by entity but not connected by instance. If a default value exists, it will be used.  Otherwise, the port will be connected to GND.                                        ;
+--------------------+--------+----------+-------------------------------------------------------------------------------------------------------------------------------------------------------------------------------------+


+-----------------------------------------------------+
; Post-Synthesis Netlist Statistics for Top Partition ;
+-----------------------+-----------------------------+
; Type                  ; Count                       ;
+-----------------------+-----------------------------+
; boundary_port         ; 14                          ;
; cycloneiii_ff         ; 127                         ;
;     CLR               ; 7                           ;
;     CLR SLD           ; 1                           ;
;     ENA               ; 37                          ;
;     ENA CLR           ; 9                           ;
;     ENA CLR SCLR      ; 16                          ;
;     ENA SCLR          ; 32                          ;
;     ENA SLD           ; 8                           ;
;     SCLR              ; 4                           ;
;     plain             ; 13                          ;
; cycloneiii_lcell_comb ; 368                         ;
;     arith             ; 38                          ;
;         2 data inputs ; 33                          ;
;         3 data inputs ; 5                           ;
;     normal            ; 330                         ;
;         1 data inputs ; 15                          ;
;         2 data inputs ; 43                          ;
;         3 data inputs ; 77                          ;
;         4 data inputs ; 195                         ;
;                       ;                             ;
; Max LUT depth         ; 6.00                        ;
; Average LUT depth     ; 3.89                        ;
+-----------------------+-----------------------------+


+-------------------------------+
; Elapsed Time Per Partition    ;
+----------------+--------------+
; Partition Name ; Elapsed Time ;
+----------------+--------------+
; Top            ; 00:00:01     ;
+----------------+--------------+


+-------------------------------+
; Analysis & Synthesis Messages ;
+-------------------------------+
Info: *******************************************************************
Info: Running Quartus Prime Analysis & Synthesis
    Info: Version 23.1std.0 Build 991 11/28/2023 SC Lite Edition
    Info: Processing started: Tue Sep 17 04:59:55 2024
Info: Command: quartus_map --read_settings_files=on --write_settings_files=off FSM_pet -c FSM_pet
Warning (18236): Number of processors has not been specified which may cause overloading on shared machines.  Set the global assignment NUM_PARALLEL_PROCESSORS in your QSF to an appropriate value for best performance.
Info (20030): Parallel compilation is enabled and will use 16 of the 16 processors detected
Info (12021): Found 1 design units, including 1 entities, in source file spi_master.v
    Info (12023): Found entity 1: spi_master File: /home/dayz/Labs/entrega-1-proyecto-grupo22-2024-1/Visualización/spi_master.v Line: 1
Info (12021): Found 1 design units, including 1 entities, in source file FSM_pet.v
    Info (12023): Found entity 1: FSM_pet File: /home/dayz/Labs/entrega-1-proyecto-grupo22-2024-1/Visualización/FSM_pet.v Line: 1
Info (12021): Found 1 design units, including 1 entities, in source file spi_Testbench.v
    Info (12023): Found entity 1: spi_Testbench File: /home/dayz/Labs/entrega-1-proyecto-grupo22-2024-1/Visualización/spi_Testbench.v Line: 3
Warning (10236): Verilog HDL Implicit Net warning at FSM_pet.v(48): created implicit net for "data_out" File: /home/dayz/Labs/entrega-1-proyecto-grupo22-2024-1/Visualización/FSM_pet.v Line: 48
Info (12127): Elaborating entity "FSM_pet" for the top level hierarchy
Warning (10230): Verilog HDL assignment warning at FSM_pet.v(94): truncated value with size 32 to match size of target (6) File: /home/dayz/Labs/entrega-1-proyecto-grupo22-2024-1/Visualización/FSM_pet.v Line: 94
Info (10264): Verilog HDL Case Statement information at FSM_pet.v(81): all case item expressions in this case statement are onehot File: /home/dayz/Labs/entrega-1-proyecto-grupo22-2024-1/Visualización/FSM_pet.v Line: 81
Warning (10230): Verilog HDL assignment warning at FSM_pet.v(112): truncated value with size 32 to match size of target (9) File: /home/dayz/Labs/entrega-1-proyecto-grupo22-2024-1/Visualización/FSM_pet.v Line: 112
Warning (10230): Verilog HDL assignment warning at FSM_pet.v(321): truncated value with size 32 to match size of target (6) File: /home/dayz/Labs/entrega-1-proyecto-grupo22-2024-1/Visualización/FSM_pet.v Line: 321
Warning (10230): Verilog HDL assignment warning at FSM_pet.v(334): truncated value with size 32 to match size of target (6) File: /home/dayz/Labs/entrega-1-proyecto-grupo22-2024-1/Visualización/FSM_pet.v Line: 334
Warning (10230): Verilog HDL assignment warning at FSM_pet.v(347): truncated value with size 32 to match size of target (6) File: /home/dayz/Labs/entrega-1-proyecto-grupo22-2024-1/Visualización/FSM_pet.v Line: 347
Warning (10230): Verilog HDL assignment warning at FSM_pet.v(360): truncated value with size 32 to match size of target (6) File: /home/dayz/Labs/entrega-1-proyecto-grupo22-2024-1/Visualización/FSM_pet.v Line: 360
Warning (10230): Verilog HDL assignment warning at FSM_pet.v(373): truncated value with size 32 to match size of target (6) File: /home/dayz/Labs/entrega-1-proyecto-grupo22-2024-1/Visualización/FSM_pet.v Line: 373
Warning (10230): Verilog HDL assignment warning at FSM_pet.v(386): truncated value with size 32 to match size of target (6) File: /home/dayz/Labs/entrega-1-proyecto-grupo22-2024-1/Visualización/FSM_pet.v Line: 386
Warning (10230): Verilog HDL assignment warning at FSM_pet.v(412): truncated value with size 32 to match size of target (6) File: /home/dayz/Labs/entrega-1-proyecto-grupo22-2024-1/Visualización/FSM_pet.v Line: 412
Warning (10230): Verilog HDL assignment warning at FSM_pet.v(424): truncated value with size 32 to match size of target (6) File: /home/dayz/Labs/entrega-1-proyecto-grupo22-2024-1/Visualización/FSM_pet.v Line: 424
Info (10264): Verilog HDL Case Statement information at FSM_pet.v(398): all case item expressions in this case statement are onehot File: /home/dayz/Labs/entrega-1-proyecto-grupo22-2024-1/Visualización/FSM_pet.v Line: 398
Info (12128): Elaborating entity "spi_master" for hierarchy "spi_master:spi" File: /home/dayz/Labs/entrega-1-proyecto-grupo22-2024-1/Visualización/FSM_pet.v Line: 53
Warning (10230): Verilog HDL assignment warning at spi_master.v(49): truncated value with size 32 to match size of target (16) File: /home/dayz/Labs/entrega-1-proyecto-grupo22-2024-1/Visualización/spi_master.v Line: 49
Warning (10230): Verilog HDL assignment warning at spi_master.v(58): truncated value with size 32 to match size of target (4) File: /home/dayz/Labs/entrega-1-proyecto-grupo22-2024-1/Visualización/spi_master.v Line: 58
Warning (12241): 1 hierarchies have connectivity warnings - see the Connectivity Checks report folder
Info (13000): Registers with preset signals will power-up high File: /home/dayz/Labs/entrega-1-proyecto-grupo22-2024-1/Visualización/spi_master.v Line: 11
Info (13003): DEV_CLRn pin will set, and not reset, register with preset signal due to NOT Gate Push-Back
Info (286030): Timing-Driven Synthesis is running
Info (17049): 12 registers lost all their fanouts during netlist optimizations.
Info (16010): Generating hard_block partition "hard_block:auto_generated_inst"
    Info (16011): Adding 0 node(s), including 0 DDIO, 0 PLL, 0 transceiver and 0 LCELL
Info (21057): Implemented 398 device resources after synthesis - the final resource count might be different
    Info (21058): Implemented 9 input pins
    Info (21059): Implemented 5 output pins
    Info (21061): Implemented 384 logic cells
Info: Quartus Prime Analysis & Synthesis was successful. 0 errors, 15 warnings
    Info: Peak virtual memory: 488 megabytes
    Info: Processing ended: Tue Sep 17 05:00:01 2024
    Info: Elapsed time: 00:00:06
    Info: Total CPU time (on all processors): 00:00:16


