EDA Netlist Writer report for FSM_pet
Tue Sep 17 05:00:11 2024
Quartus Prime Version 23.1std.0 Build 991 11/28/2023 SC Lite Edition


---------------------
; Table of Contents ;
---------------------
  1. Legal Notice
  2. EDA Netlist Writer Summary
  3. Simulation Settings
  4. Simulation Generated Files
  5. EDA Netlist Writer Messages



----------------
; Legal Notice ;
----------------
Copyright (C) 2023  Intel Corporation. All rights reserved.
Your use of Intel Corporation's design tools, logic functions 
and other software and tools, and any partner logic 
functions, and any output files from any of the foregoing 
(including device programming or simulation files), and any 
associated documentation or information are expressly subject 
to the terms and conditions of the Intel Program License 
Subscription Agreement, the Intel Quartus Prime License Agreement,
the Intel FPGA IP License Agreement, or other applicable license
agreement, including, without limitation, that your use is for
the sole purpose of programming logic devices manufactured by
Intel and sold by Intel or its authorized distributors.  Please
refer to the applicable agreement for further details, at
https://fpgasoftware.intel.com/eula.



+-------------------------------------------------------------------+
; EDA Netlist Writer Summary                                        ;
+---------------------------+---------------------------------------+
; EDA Netlist Writer Status ; Successful - Tue Sep 17 05:00:11 2024 ;
; Revision Name             ; FSM_pet                               ;
; Top-level Entity Name     ; FSM_pet                               ;
; Family                    ; Cyclone IV E                          ;
; Simulation Files Creation ; Successful                            ;
+---------------------------+---------------------------------------+


+---------------------------------------------------------------------------------------------------------------------------------+
; Simulation Settings                                                                                                             ;
+---------------------------------------------------------------------------------------------------+-----------------------------+
; Option                                                                                            ; Setting                     ;
+---------------------------------------------------------------------------------------------------+-----------------------------+
; Tool Name                                                                                         ; Questa Intel FPGA (Verilog) ;
; Generate functional simulation netlist                                                            ; On                          ;
; Truncate long hierarchy paths                                                                     ; Off                         ;
; Map illegal HDL characters                                                                        ; Off                         ;
; Flatten buses into individual nodes                                                               ; Off                         ;
; Maintain hierarchy                                                                                ; Off                         ;
; Bring out device-wide set/reset signals as ports                                                  ; Off                         ;
; Enable glitch filtering                                                                           ; Off                         ;
; Do not write top level VHDL entity                                                                ; Off                         ;
; Disable detection of setup and hold time violations in the input registers of bi-directional pins ; Off                         ;
; Architecture name in VHDL output netlist                                                          ; structure                   ;
; Generate third-party EDA tool command script for RTL functional simulation                        ; Off                         ;
; Generate third-party EDA tool command script for gate-level simulation                            ; Off                         ;
+---------------------------------------------------------------------------------------------------+-----------------------------+


+-----------------------------------------------------------------------------------------------+
; Simulation Generated Files                                                                    ;
+-----------------------------------------------------------------------------------------------+
; Generated Files                                                                               ;
+-----------------------------------------------------------------------------------------------+
; /home/dayz/Labs/entrega-1-proyecto-grupo22-2024-1/Visualización/simulation/questa/FSM_pet.vo ;
+-----------------------------------------------------------------------------------------------+


+-----------------------------+
; EDA Netlist Writer Messages ;
+-----------------------------+
Info: *******************************************************************
Info: Running Quartus Prime EDA Netlist Writer
    Info: Version 23.1std.0 Build 991 11/28/2023 SC Lite Edition
    Info: Processing started: Tue Sep 17 05:00:11 2024
Info: Command: quartus_eda --read_settings_files=off --write_settings_files=off FSM_pet -c FSM_pet
Warning (18236): Number of processors has not been specified which may cause overloading on shared machines.  Set the global assignment NUM_PARALLEL_PROCESSORS in your QSF to an appropriate value for best performance.
Info (204019): Generated file FSM_pet.vo in folder "/home/dayz/Labs/entrega-1-proyecto-grupo22-2024-1/Visualización/simulation/questa/" for EDA simulation tool
Info: Quartus Prime EDA Netlist Writer was successful. 0 errors, 1 warning
    Info: Peak virtual memory: 588 megabytes
    Info: Processing ended: Tue Sep 17 05:00:11 2024
    Info: Elapsed time: 00:00:00
    Info: Total CPU time (on all processors): 00:00:00


