Analysis & Synthesis report for tamagotchi
Wed Sep 18 10:50:50 2024
Quartus Prime Version 23.1std.0 Build 991 11/28/2023 SC Lite Edition


---------------------
; Table of Contents ;
---------------------
  1. Legal Notice
  2. Analysis & Synthesis Summary
  3. Analysis & Synthesis Settings
  4. Parallel Compilation
  5. Analysis & Synthesis Source Files Read
  6. Analysis & Synthesis Resource Usage Summary
  7. Analysis & Synthesis Resource Utilization by Entity
  8. State Machine - |tamagotchi|FSM_pet:pet_display|count
  9. State Machine - |tamagotchi|FSM_pet:pet_display|state
 10. Registers Removed During Synthesis
 11. Removed Registers Triggering Further Register Optimizations
 12. General Register Statistics
 13. Inverted Register Statistics
 14. Multiplexer Restructuring Statistics (Restructuring Performed)
 15. Parameter Settings for User Entity Instance: FSM_pet:pet_display
 16. Port Connectivity Checks: "display_hex:seg_display"
 17. Port Connectivity Checks: "FSM_pet:pet_display|spi_master:spi"
 18. Post-Synthesis Netlist Statistics for Top Partition
 19. Elapsed Time Per Partition
 20. Analysis & Synthesis Messages



----------------
; Legal Notice ;
----------------
Copyright (C) 2023  Intel Corporation. All rights reserved.
Your use of Intel Corporation's design tools, logic functions 
and other software and tools, and any partner logic 
functions, and any output files from any of the foregoing 
(including device programming or simulation files), and any 
associated documentation or information are expressly subject 
to the terms and conditions of the Intel Program License 
Subscription Agreement, the Intel Quartus Prime License Agreement,
the Intel FPGA IP License Agreement, or other applicable license
agreement, including, without limitation, that your use is for
the sole purpose of programming logic devices manufactured by
Intel and sold by Intel or its authorized distributors.  Please
refer to the applicable agreement for further details, at
https://fpgasoftware.intel.com/eula.



+-------------------------------------------------------------------------------------+
; Analysis & Synthesis Summary                                                        ;
+------------------------------------+------------------------------------------------+
; Analysis & Synthesis Status        ; Successful - Wed Sep 18 10:50:50 2024          ;
; Quartus Prime Version              ; 23.1std.0 Build 991 11/28/2023 SC Lite Edition ;
; Revision Name                      ; tamagotchi                                     ;
; Top-level Entity Name              ; tamagotchi                                     ;
; Family                             ; Cyclone IV E                                   ;
; Total logic elements               ; 506                                            ;
;     Total combinational functions  ; 500                                            ;
;     Dedicated logic registers      ; 199                                            ;
; Total registers                    ; 199                                            ;
; Total pins                         ; 28                                             ;
; Total virtual pins                 ; 0                                              ;
; Total memory bits                  ; 0                                              ;
; Embedded Multiplier 9-bit elements ; 0                                              ;
; Total PLLs                         ; 0                                              ;
+------------------------------------+------------------------------------------------+


+------------------------------------------------------------------------------------------------------------+
; Analysis & Synthesis Settings                                                                              ;
+------------------------------------------------------------------+--------------------+--------------------+
; Option                                                           ; Setting            ; Default Value      ;
+------------------------------------------------------------------+--------------------+--------------------+
; Device                                                           ; EP4CE10E22C8       ;                    ;
; Top-level entity name                                            ; tamagotchi         ; tamagotchi         ;
; Family name                                                      ; Cyclone IV E       ; Cyclone V          ;
; Use smart compilation                                            ; Off                ; Off                ;
; Enable parallel Assembler and Timing Analyzer during compilation ; On                 ; On                 ;
; Enable compact report table                                      ; Off                ; Off                ;
; Restructure Multiplexers                                         ; Auto               ; Auto               ;
; Create Debugging Nodes for IP Cores                              ; Off                ; Off                ;
; Preserve fewer node names                                        ; On                 ; On                 ;
; Intel FPGA IP Evaluation Mode                                    ; Enable             ; Enable             ;
; Verilog Version                                                  ; Verilog_2001       ; Verilog_2001       ;
; VHDL Version                                                     ; VHDL_1993          ; VHDL_1993          ;
; State Machine Processing                                         ; Auto               ; Auto               ;
; Safe State Machine                                               ; Off                ; Off                ;
; Extract Verilog State Machines                                   ; On                 ; On                 ;
; Extract VHDL State Machines                                      ; On                 ; On                 ;
; Ignore Verilog initial constructs                                ; Off                ; Off                ;
; Iteration limit for constant Verilog loops                       ; 5000               ; 5000               ;
; Iteration limit for non-constant Verilog loops                   ; 250                ; 250                ;
; Add Pass-Through Logic to Inferred RAMs                          ; On                 ; On                 ;
; Infer RAMs from Raw Logic                                        ; On                 ; On                 ;
; Parallel Synthesis                                               ; On                 ; On                 ;
; DSP Block Balancing                                              ; Auto               ; Auto               ;
; NOT Gate Push-Back                                               ; On                 ; On                 ;
; Power-Up Don't Care                                              ; On                 ; On                 ;
; Remove Redundant Logic Cells                                     ; Off                ; Off                ;
; Remove Duplicate Registers                                       ; On                 ; On                 ;
; Ignore CARRY Buffers                                             ; Off                ; Off                ;
; Ignore CASCADE Buffers                                           ; Off                ; Off                ;
; Ignore GLOBAL Buffers                                            ; Off                ; Off                ;
; Ignore ROW GLOBAL Buffers                                        ; Off                ; Off                ;
; Ignore LCELL Buffers                                             ; Off                ; Off                ;
; Ignore SOFT Buffers                                              ; On                 ; On                 ;
; Limit AHDL Integers to 32 Bits                                   ; Off                ; Off                ;
; Optimization Technique                                           ; Balanced           ; Balanced           ;
; Carry Chain Length                                               ; 70                 ; 70                 ;
; Auto Carry Chains                                                ; On                 ; On                 ;
; Auto Open-Drain Pins                                             ; On                 ; On                 ;
; Perform WYSIWYG Primitive Resynthesis                            ; Off                ; Off                ;
; Auto ROM Replacement                                             ; On                 ; On                 ;
; Auto RAM Replacement                                             ; On                 ; On                 ;
; Auto DSP Block Replacement                                       ; On                 ; On                 ;
; Auto Shift Register Replacement                                  ; Auto               ; Auto               ;
; Allow Shift Register Merging across Hierarchies                  ; Auto               ; Auto               ;
; Auto Clock Enable Replacement                                    ; On                 ; On                 ;
; Strict RAM Replacement                                           ; Off                ; Off                ;
; Allow Synchronous Control Signals                                ; On                 ; On                 ;
; Force Use of Synchronous Clear Signals                           ; Off                ; Off                ;
; Auto RAM Block Balancing                                         ; On                 ; On                 ;
; Auto RAM to Logic Cell Conversion                                ; Off                ; Off                ;
; Auto Resource Sharing                                            ; Off                ; Off                ;
; Allow Any RAM Size For Recognition                               ; Off                ; Off                ;
; Allow Any ROM Size For Recognition                               ; Off                ; Off                ;
; Allow Any Shift Register Size For Recognition                    ; Off                ; Off                ;
; Use LogicLock Constraints during Resource Balancing              ; On                 ; On                 ;
; Ignore translate_off and synthesis_off directives                ; Off                ; Off                ;
; Timing-Driven Synthesis                                          ; On                 ; On                 ;
; Report Parameter Settings                                        ; On                 ; On                 ;
; Report Source Assignments                                        ; On                 ; On                 ;
; Report Connectivity Checks                                       ; On                 ; On                 ;
; Ignore Maximum Fan-Out Assignments                               ; Off                ; Off                ;
; Synchronization Register Chain Length                            ; 2                  ; 2                  ;
; Power Optimization During Synthesis                              ; Normal compilation ; Normal compilation ;
; HDL message level                                                ; Level2             ; Level2             ;
; Suppress Register Optimization Related Messages                  ; Off                ; Off                ;
; Number of Removed Registers Reported in Synthesis Report         ; 5000               ; 5000               ;
; Number of Swept Nodes Reported in Synthesis Report               ; 5000               ; 5000               ;
; Number of Inverted Registers Reported in Synthesis Report        ; 100                ; 100                ;
; Clock MUX Protection                                             ; On                 ; On                 ;
; Auto Gated Clock Conversion                                      ; Off                ; Off                ;
; Block Design Naming                                              ; Auto               ; Auto               ;
; SDC constraint protection                                        ; Off                ; Off                ;
; Synthesis Effort                                                 ; Auto               ; Auto               ;
; Shift Register Replacement - Allow Asynchronous Clear Signal     ; On                 ; On                 ;
; Pre-Mapping Resynthesis Optimization                             ; Off                ; Off                ;
; Analysis & Synthesis Message Level                               ; Medium             ; Medium             ;
; Disable Register Merging Across Hierarchies                      ; Auto               ; Auto               ;
; Resource Aware Inference For Block RAM                           ; On                 ; On                 ;
+------------------------------------------------------------------+--------------------+--------------------+


+------------------------------------------+
; Parallel Compilation                     ;
+----------------------------+-------------+
; Processors                 ; Number      ;
+----------------------------+-------------+
; Number detected on machine ; 16          ;
; Maximum allowed            ; 12          ;
;                            ;             ;
; Average used               ; 1.00        ;
; Maximum used               ; 12          ;
;                            ;             ;
; Usage by Processor         ; % Time Used ;
;     Processor 1            ; 100.0%      ;
;     Processor 2            ;   0.0%      ;
;     Processors 3-12        ;   0.0%      ;
+----------------------------+-------------+


+----------------------------------------------------------------------------------------------------------------------------------------------------------------------------------------------+
; Analysis & Synthesis Source Files Read                                                                                                                                                       ;
+----------------------------------+-----------------+------------------------+------------------------------------------------------------------------------------------------------+---------+
; File Name with User-Entered Path ; Used in Netlist ; File Type              ; File Name with Absolute Path                                                                         ; Library ;
+----------------------------------+-----------------+------------------------+------------------------------------------------------------------------------------------------------+---------+
; src/spi_master.v                 ; yes             ; User Verilog HDL File  ; /home/bonbartlessby/Documentos/Github/entrega-1-proyecto-grupo22-2024-1/TopProject/src/spi_master.v  ;         ;
; src/FSM_pet.v                    ; yes             ; User Verilog HDL File  ; /home/bonbartlessby/Documentos/Github/entrega-1-proyecto-grupo22-2024-1/TopProject/src/FSM_pet.v     ;         ;
; src/display_hex.v                ; yes             ; User Verilog HDL File  ; /home/bonbartlessby/Documentos/Github/entrega-1-proyecto-grupo22-2024-1/TopProject/src/display_hex.v ;         ;
; src/BCDtoSSeg.v                  ; yes             ; User Verilog HDL File  ; /home/bonbartlessby/Documentos/Github/entrega-1-proyecto-grupo22-2024-1/TopProject/src/BCDtoSSeg.v   ;         ;
; src/tamagotchi.v                 ; yes             ; User Verilog HDL File  ; /home/bonbartlessby/Documentos/Github/entrega-1-proyecto-grupo22-2024-1/TopProject/src/tamagotchi.v  ;         ;
+----------------------------------+-----------------+------------------------+------------------------------------------------------------------------------------------------------+---------+


+---------------------------------------------------------+
; Analysis & Synthesis Resource Usage Summary             ;
+---------------------------------------------+-----------+
; Resource                                    ; Usage     ;
+---------------------------------------------+-----------+
; Estimated Total logic elements              ; 506       ;
;                                             ;           ;
; Total combinational functions               ; 500       ;
; Logic element usage by number of LUT inputs ;           ;
;     -- 4 input functions                    ; 274       ;
;     -- 3 input functions                    ; 96        ;
;     -- <=2 input functions                  ; 130       ;
;                                             ;           ;
; Logic elements by mode                      ;           ;
;     -- normal mode                          ; 420       ;
;     -- arithmetic mode                      ; 80        ;
;                                             ;           ;
; Total registers                             ; 199       ;
;     -- Dedicated logic registers            ; 199       ;
;     -- I/O registers                        ; 0         ;
;                                             ;           ;
; I/O pins                                    ; 28        ;
;                                             ;           ;
; Embedded Multiplier 9-bit elements          ; 0         ;
;                                             ;           ;
; Maximum fan-out node                        ; clk~input ;
; Maximum fan-out                             ; 183       ;
; Total fan-out                               ; 2380      ;
; Average fan-out                             ; 3.15      ;
+---------------------------------------------+-----------+


+------------------------------------------------------------------------------------------------------------------------------------------------------------------------------------------------------------------------------------------------+
; Analysis & Synthesis Resource Utilization by Entity                                                                                                                                                                                            ;
+------------------------------+---------------------+---------------------------+-------------+--------------+---------+-----------+------+--------------+---------------------------------------------------------+-------------+--------------+
; Compilation Hierarchy Node   ; Combinational ALUTs ; Dedicated Logic Registers ; Memory Bits ; DSP Elements ; DSP 9x9 ; DSP 18x18 ; Pins ; Virtual Pins ; Full Hierarchy Name                                     ; Entity Name ; Library Name ;
+------------------------------+---------------------+---------------------------+-------------+--------------+---------+-----------+------+--------------+---------------------------------------------------------+-------------+--------------+
; |tamagotchi                  ; 500 (105)           ; 199 (51)                  ; 0           ; 0            ; 0       ; 0         ; 28   ; 0            ; |tamagotchi                                             ; tamagotchi  ; work         ;
;    |FSM_pet:pet_display|     ; 323 (277)           ; 115 (80)                  ; 0           ; 0            ; 0       ; 0         ; 0    ; 0            ; |tamagotchi|FSM_pet:pet_display                         ; FSM_pet     ; work         ;
;       |spi_master:spi|       ; 46 (46)             ; 35 (35)                   ; 0           ; 0            ; 0       ; 0         ; 0    ; 0            ; |tamagotchi|FSM_pet:pet_display|spi_master:spi          ; spi_master  ; work         ;
;    |display_hex:seg_display| ; 72 (56)             ; 33 (33)                   ; 0           ; 0            ; 0       ; 0         ; 0    ; 0            ; |tamagotchi|display_hex:seg_display                     ; display_hex ; work         ;
;       |BCDtoSSeg:bcdtosseg|  ; 16 (16)             ; 0 (0)                     ; 0           ; 0            ; 0       ; 0         ; 0    ; 0            ; |tamagotchi|display_hex:seg_display|BCDtoSSeg:bcdtosseg ; BCDtoSSeg   ; work         ;
+------------------------------+---------------------+---------------------------+-------------+--------------+---------+-----------+------+--------------+---------------------------------------------------------+-------------+--------------+
Note: For table entries with two numbers listed, the numbers in parentheses indicate the number of resources of the given type used by the specific entity alone. The numbers listed outside of parentheses indicate the total resources of the given type used by the specific entity and all of its sub-entities in the hierarchy.


Encoding Type:  One-Hot
+-----------------------------------------------------------------------------------------------------------------------------------------------+
; State Machine - |tamagotchi|FSM_pet:pet_display|count                                                                                         ;
+-----------------+-----------------+-----------------+-----------------+-----------------+-----------------+-----------------+-----------------+
; Name            ; count.000000110 ; count.000000101 ; count.000000100 ; count.000000011 ; count.000000010 ; count.000000001 ; count.000000000 ;
+-----------------+-----------------+-----------------+-----------------+-----------------+-----------------+-----------------+-----------------+
; count.000000000 ; 0               ; 0               ; 0               ; 0               ; 0               ; 0               ; 0               ;
; count.000000001 ; 0               ; 0               ; 0               ; 0               ; 0               ; 1               ; 1               ;
; count.000000010 ; 0               ; 0               ; 0               ; 0               ; 1               ; 0               ; 1               ;
; count.000000011 ; 0               ; 0               ; 0               ; 1               ; 0               ; 0               ; 1               ;
; count.000000100 ; 0               ; 0               ; 1               ; 0               ; 0               ; 0               ; 1               ;
; count.000000101 ; 0               ; 1               ; 0               ; 0               ; 0               ; 0               ; 1               ;
; count.000000110 ; 1               ; 0               ; 0               ; 0               ; 0               ; 0               ; 1               ;
+-----------------+-----------------+-----------------+-----------------+-----------------+-----------------+-----------------+-----------------+


Encoding Type:  One-Hot
+-----------------------------------------------------------------------------+
; State Machine - |tamagotchi|FSM_pet:pet_display|state                       ;
+------------+------------+------------+------------+------------+------------+
; Name       ; state.0011 ; state.0010 ; state.0001 ; state.0000 ; state.0100 ;
+------------+------------+------------+------------+------------+------------+
; state.0000 ; 0          ; 0          ; 0          ; 0          ; 0          ;
; state.0001 ; 0          ; 0          ; 1          ; 1          ; 0          ;
; state.0010 ; 0          ; 1          ; 0          ; 1          ; 0          ;
; state.0011 ; 1          ; 0          ; 0          ; 1          ; 0          ;
; state.0100 ; 0          ; 0          ; 0          ; 1          ; 1          ;
+------------+------------+------------+------------+------------+------------+


+-------------------------------------------------------------------------------------------+
; Registers Removed During Synthesis                                                        ;
+-----------------------------------------+-------------------------------------------------+
; Register name                           ; Reason for Removal                              ;
+-----------------------------------------+-------------------------------------------------+
; FSM_pet:pet_display|cmdline[5][0]       ; Stuck at GND due to stuck port data_in          ;
; FSM_pet:pet_display|cmdline[5][1]       ; Stuck at GND due to stuck port data_in          ;
; FSM_pet:pet_display|cmdline[5][2]       ; Stuck at VCC due to stuck port data_in          ;
; FSM_pet:pet_display|cmdline[5][3]       ; Stuck at GND due to stuck port data_in          ;
; FSM_pet:pet_display|cmdline[5][4]       ; Stuck at GND due to stuck port data_in          ;
; FSM_pet:pet_display|cmdline[5][5]       ; Stuck at GND due to stuck port data_in          ;
; FSM_pet:pet_display|cmdline[5][6]       ; Stuck at VCC due to stuck port data_in          ;
; FSM_pet:pet_display|cmdline[5][7]       ; Stuck at GND due to stuck port data_in          ;
; FSM_pet:pet_display|cmdline[4][0]       ; Stuck at GND due to stuck port data_in          ;
; FSM_pet:pet_display|cmdline[4][1]       ; Stuck at GND due to stuck port data_in          ;
; FSM_pet:pet_display|cmdline[4][2]       ; Stuck at VCC due to stuck port data_in          ;
; FSM_pet:pet_display|cmdline[4][3]       ; Stuck at GND due to stuck port data_in          ;
; FSM_pet:pet_display|cmdline[4][4]       ; Stuck at GND due to stuck port data_in          ;
; FSM_pet:pet_display|cmdline[4][5]       ; Stuck at VCC due to stuck port data_in          ;
; FSM_pet:pet_display|cmdline[4][6]       ; Stuck at GND due to stuck port data_in          ;
; FSM_pet:pet_display|cmdline[4][7]       ; Stuck at VCC due to stuck port data_in          ;
; FSM_pet:pet_display|cmdline[3][0]       ; Stuck at VCC due to stuck port data_in          ;
; FSM_pet:pet_display|cmdline[3][1]       ; Stuck at GND due to stuck port data_in          ;
; FSM_pet:pet_display|cmdline[3][2]       ; Stuck at GND due to stuck port data_in          ;
; FSM_pet:pet_display|cmdline[3][3]       ; Stuck at GND due to stuck port data_in          ;
; FSM_pet:pet_display|cmdline[3][4]       ; Stuck at GND due to stuck port data_in          ;
; FSM_pet:pet_display|cmdline[3][5]       ; Stuck at GND due to stuck port data_in          ;
; FSM_pet:pet_display|cmdline[3][6]       ; Stuck at VCC due to stuck port data_in          ;
; FSM_pet:pet_display|cmdline[3][7]       ; Stuck at GND due to stuck port data_in          ;
; FSM_pet:pet_display|cmdline[2][0]       ; Stuck at GND due to stuck port data_in          ;
; FSM_pet:pet_display|cmdline[2][1]       ; Stuck at GND due to stuck port data_in          ;
; FSM_pet:pet_display|cmdline[2][2]       ; Stuck at GND due to stuck port data_in          ;
; FSM_pet:pet_display|cmdline[2][3]       ; Stuck at GND due to stuck port data_in          ;
; FSM_pet:pet_display|cmdline[2][4]       ; Stuck at GND due to stuck port data_in          ;
; FSM_pet:pet_display|cmdline[2][5]       ; Stuck at VCC due to stuck port data_in          ;
; FSM_pet:pet_display|cmdline[2][6]       ; Stuck at GND due to stuck port data_in          ;
; FSM_pet:pet_display|cmdline[2][7]       ; Stuck at VCC due to stuck port data_in          ;
; FSM_pet:pet_display|cmdline[1][0]       ; Stuck at GND due to stuck port data_in          ;
; FSM_pet:pet_display|cmdline[1][1]       ; Stuck at VCC due to stuck port data_in          ;
; FSM_pet:pet_display|cmdline[1][2]       ; Stuck at GND due to stuck port data_in          ;
; FSM_pet:pet_display|cmdline[1][3]       ; Stuck at GND due to stuck port data_in          ;
; FSM_pet:pet_display|cmdline[1][4]       ; Stuck at GND due to stuck port data_in          ;
; FSM_pet:pet_display|cmdline[1][5]       ; Stuck at GND due to stuck port data_in          ;
; FSM_pet:pet_display|cmdline[1][6]       ; Stuck at VCC due to stuck port data_in          ;
; FSM_pet:pet_display|cmdline[1][7]       ; Stuck at GND due to stuck port data_in          ;
; FSM_pet:pet_display|cmdline[0][0]       ; Stuck at GND due to stuck port data_in          ;
; FSM_pet:pet_display|cmdline[0][1]       ; Stuck at GND due to stuck port data_in          ;
; FSM_pet:pet_display|cmdline[0][2]       ; Stuck at GND due to stuck port data_in          ;
; FSM_pet:pet_display|cmdline[0][3]       ; Stuck at GND due to stuck port data_in          ;
; FSM_pet:pet_display|cmdline[0][4]       ; Stuck at GND due to stuck port data_in          ;
; FSM_pet:pet_display|cmdline[0][5]       ; Stuck at VCC due to stuck port data_in          ;
; FSM_pet:pet_display|cmdline[0][6]       ; Stuck at GND due to stuck port data_in          ;
; FSM_pet:pet_display|cmdline[0][7]       ; Stuck at VCC due to stuck port data_in          ;
; FSM_pet:pet_display|initline[4][0]      ; Stuck at GND due to stuck port data_in          ;
; FSM_pet:pet_display|initline[4][1]      ; Stuck at GND due to stuck port data_in          ;
; FSM_pet:pet_display|initline[4][2]      ; Stuck at GND due to stuck port data_in          ;
; FSM_pet:pet_display|initline[4][3]      ; Stuck at GND due to stuck port data_in          ;
; FSM_pet:pet_display|initline[4][4]      ; Stuck at GND due to stuck port data_in          ;
; FSM_pet:pet_display|initline[4][5]      ; Stuck at GND due to stuck port data_in          ;
; FSM_pet:pet_display|initline[4][6]      ; Stuck at GND due to stuck port data_in          ;
; FSM_pet:pet_display|initline[4][7]      ; Stuck at VCC due to stuck port data_in          ;
; FSM_pet:pet_display|initline[3][0]      ; Stuck at GND due to stuck port data_in          ;
; FSM_pet:pet_display|initline[3][1]      ; Stuck at GND due to stuck port data_in          ;
; FSM_pet:pet_display|initline[3][2]      ; Stuck at VCC due to stuck port data_in          ;
; FSM_pet:pet_display|initline[3][3]      ; Stuck at VCC due to stuck port data_in          ;
; FSM_pet:pet_display|initline[3][4]      ; Stuck at GND due to stuck port data_in          ;
; FSM_pet:pet_display|initline[3][5]      ; Stuck at GND due to stuck port data_in          ;
; FSM_pet:pet_display|initline[3][6]      ; Stuck at GND due to stuck port data_in          ;
; FSM_pet:pet_display|initline[3][7]      ; Stuck at GND due to stuck port data_in          ;
; FSM_pet:pet_display|initline[2][0]      ; Stuck at GND due to stuck port data_in          ;
; FSM_pet:pet_display|initline[2][1]      ; Stuck at GND due to stuck port data_in          ;
; FSM_pet:pet_display|initline[2][2]      ; Stuck at GND due to stuck port data_in          ;
; FSM_pet:pet_display|initline[2][3]      ; Stuck at GND due to stuck port data_in          ;
; FSM_pet:pet_display|initline[2][4]      ; Stuck at GND due to stuck port data_in          ;
; FSM_pet:pet_display|initline[2][5]      ; Stuck at VCC due to stuck port data_in          ;
; FSM_pet:pet_display|initline[2][6]      ; Stuck at GND due to stuck port data_in          ;
; FSM_pet:pet_display|initline[2][7]      ; Stuck at GND due to stuck port data_in          ;
; FSM_pet:pet_display|initline[1][0]      ; Stuck at GND due to stuck port data_in          ;
; FSM_pet:pet_display|initline[1][1]      ; Stuck at GND due to stuck port data_in          ;
; FSM_pet:pet_display|initline[1][2]      ; Stuck at GND due to stuck port data_in          ;
; FSM_pet:pet_display|initline[1][3]      ; Stuck at GND due to stuck port data_in          ;
; FSM_pet:pet_display|initline[1][4]      ; Stuck at VCC due to stuck port data_in          ;
; FSM_pet:pet_display|initline[1][5]      ; Stuck at GND due to stuck port data_in          ;
; FSM_pet:pet_display|initline[1][6]      ; Stuck at GND due to stuck port data_in          ;
; FSM_pet:pet_display|initline[1][7]      ; Stuck at VCC due to stuck port data_in          ;
; FSM_pet:pet_display|initline[0][0]      ; Stuck at VCC due to stuck port data_in          ;
; FSM_pet:pet_display|initline[0][1]      ; Stuck at GND due to stuck port data_in          ;
; FSM_pet:pet_display|initline[0][2]      ; Stuck at GND due to stuck port data_in          ;
; FSM_pet:pet_display|initline[0][3]      ; Stuck at GND due to stuck port data_in          ;
; FSM_pet:pet_display|initline[0][4]      ; Stuck at GND due to stuck port data_in          ;
; FSM_pet:pet_display|initline[0][5]      ; Stuck at VCC due to stuck port data_in          ;
; FSM_pet:pet_display|initline[0][6]      ; Stuck at GND due to stuck port data_in          ;
; FSM_pet:pet_display|initline[0][7]      ; Stuck at GND due to stuck port data_in          ;
; FSM_pet:pet_display|iconline[3][6]      ; Stuck at GND due to stuck port data_in          ;
; FSM_pet:pet_display|iconline[4][2]      ; Stuck at GND due to stuck port data_in          ;
; FSM_pet:pet_display|iconline[4][1]      ; Stuck at GND due to stuck port data_in          ;
; FSM_pet:pet_display|iconline[6][6]      ; Stuck at GND due to stuck port data_in          ;
; FSM_pet:pet_display|iconline[7][0]      ; Stuck at GND due to stuck port data_in          ;
; FSM_pet:pet_display|iconline[1][3]      ; Stuck at GND due to stuck port data_in          ;
; FSM_pet:pet_display|iconline[1][6]      ; Stuck at GND due to stuck port data_in          ;
; FSM_pet:pet_display|iconline[0][0]      ; Stuck at GND due to stuck port data_in          ;
; FSM_pet:pet_display|dataline[15][2]     ; Stuck at GND due to stuck port data_in          ;
; FSM_pet:pet_display|dataline[15][3]     ; Stuck at GND due to stuck port data_in          ;
; FSM_pet:pet_display|dataline[15][4]     ; Stuck at GND due to stuck port data_in          ;
; FSM_pet:pet_display|dataline[15][6]     ; Stuck at GND due to stuck port data_in          ;
; FSM_pet:pet_display|dataline[15][7]     ; Stuck at GND due to stuck port data_in          ;
; FSM_pet:pet_display|dataline[14][3]     ; Stuck at GND due to stuck port data_in          ;
; FSM_pet:pet_display|dataline[14][4]     ; Stuck at GND due to stuck port data_in          ;
; FSM_pet:pet_display|dataline[14][6]     ; Stuck at GND due to stuck port data_in          ;
; FSM_pet:pet_display|dataline[13][0]     ; Stuck at VCC due to stuck port data_in          ;
; FSM_pet:pet_display|dataline[13][1]     ; Stuck at GND due to stuck port data_in          ;
; FSM_pet:pet_display|dataline[13][2]     ; Stuck at GND due to stuck port data_in          ;
; FSM_pet:pet_display|dataline[13][3]     ; Stuck at VCC due to stuck port data_in          ;
; FSM_pet:pet_display|dataline[13][5]     ; Stuck at GND due to stuck port data_in          ;
; FSM_pet:pet_display|dataline[13][6]     ; Stuck at GND due to stuck port data_in          ;
; FSM_pet:pet_display|dataline[13][7]     ; Stuck at GND due to stuck port data_in          ;
; FSM_pet:pet_display|dataline[12][0]     ; Stuck at VCC due to stuck port data_in          ;
; FSM_pet:pet_display|dataline[12][1]     ; Stuck at GND due to stuck port data_in          ;
; FSM_pet:pet_display|dataline[12][2]     ; Stuck at GND due to stuck port data_in          ;
; FSM_pet:pet_display|dataline[12][3]     ; Stuck at GND due to stuck port data_in          ;
; FSM_pet:pet_display|dataline[12][4]     ; Stuck at GND due to stuck port data_in          ;
; FSM_pet:pet_display|dataline[12][5]     ; Stuck at GND due to stuck port data_in          ;
; FSM_pet:pet_display|dataline[11][4]     ; Stuck at GND due to stuck port data_in          ;
; FSM_pet:pet_display|dataline[11][6]     ; Stuck at GND due to stuck port data_in          ;
; FSM_pet:pet_display|dataline[10][0]     ; Stuck at VCC due to stuck port data_in          ;
; FSM_pet:pet_display|dataline[10][5]     ; Stuck at VCC due to stuck port data_in          ;
; FSM_pet:pet_display|dataline[10][7]     ; Stuck at VCC due to stuck port data_in          ;
; FSM_pet:pet_display|dataline[9][0]      ; Stuck at VCC due to stuck port data_in          ;
; FSM_pet:pet_display|dataline[9][1]      ; Stuck at GND due to stuck port data_in          ;
; FSM_pet:pet_display|dataline[9][2]      ; Stuck at GND due to stuck port data_in          ;
; FSM_pet:pet_display|dataline[9][5]      ; Stuck at GND due to stuck port data_in          ;
; FSM_pet:pet_display|dataline[9][6]      ; Stuck at GND due to stuck port data_in          ;
; FSM_pet:pet_display|dataline[9][7]      ; Stuck at GND due to stuck port data_in          ;
; FSM_pet:pet_display|dataline[8][0]      ; Stuck at VCC due to stuck port data_in          ;
; FSM_pet:pet_display|dataline[8][1]      ; Stuck at VCC due to stuck port data_in          ;
; FSM_pet:pet_display|dataline[8][2]      ; Stuck at VCC due to stuck port data_in          ;
; FSM_pet:pet_display|dataline[8][4]      ; Stuck at GND due to stuck port data_in          ;
; FSM_pet:pet_display|dataline[8][5]      ; Stuck at GND due to stuck port data_in          ;
; FSM_pet:pet_display|dataline[8][6]      ; Stuck at GND due to stuck port data_in          ;
; FSM_pet:pet_display|dataline[8][7]      ; Stuck at GND due to stuck port data_in          ;
; FSM_pet:pet_display|dataline[7][3]      ; Stuck at GND due to stuck port data_in          ;
; FSM_pet:pet_display|dataline[7][4]      ; Stuck at GND due to stuck port data_in          ;
; FSM_pet:pet_display|dataline[7][5]      ; Stuck at VCC due to stuck port data_in          ;
; FSM_pet:pet_display|dataline[7][6]      ; Stuck at GND due to stuck port data_in          ;
; FSM_pet:pet_display|dataline[7][7]      ; Stuck at GND due to stuck port data_in          ;
; FSM_pet:pet_display|dataline[6][3]      ; Stuck at GND due to stuck port data_in          ;
; FSM_pet:pet_display|dataline[6][4]      ; Stuck at GND due to stuck port data_in          ;
; FSM_pet:pet_display|dataline[6][5]      ; Stuck at VCC due to stuck port data_in          ;
; FSM_pet:pet_display|dataline[6][7]      ; Stuck at GND due to stuck port data_in          ;
; FSM_pet:pet_display|dataline[5][3]      ; Stuck at GND due to stuck port data_in          ;
; FSM_pet:pet_display|dataline[5][6]      ; Stuck at GND due to stuck port data_in          ;
; FSM_pet:pet_display|dataline[4][0]      ; Stuck at GND due to stuck port data_in          ;
; FSM_pet:pet_display|dataline[4][6]      ; Stuck at GND due to stuck port data_in          ;
; FSM_pet:pet_display|dataline[3][0]      ; Stuck at GND due to stuck port data_in          ;
; FSM_pet:pet_display|dataline[3][5]      ; Stuck at GND due to stuck port data_in          ;
; FSM_pet:pet_display|dataline[3][6]      ; Stuck at GND due to stuck port data_in          ;
; FSM_pet:pet_display|dataline[2][2]      ; Stuck at GND due to stuck port data_in          ;
; FSM_pet:pet_display|dataline[2][3]      ; Stuck at GND due to stuck port data_in          ;
; FSM_pet:pet_display|dataline[2][4]      ; Stuck at GND due to stuck port data_in          ;
; FSM_pet:pet_display|dataline[2][7]      ; Stuck at GND due to stuck port data_in          ;
; FSM_pet:pet_display|dataline[1][1]      ; Stuck at GND due to stuck port data_in          ;
; FSM_pet:pet_display|dataline[1][2]      ; Stuck at GND due to stuck port data_in          ;
; FSM_pet:pet_display|dataline[1][3]      ; Stuck at GND due to stuck port data_in          ;
; FSM_pet:pet_display|dataline[1][5]      ; Stuck at GND due to stuck port data_in          ;
; FSM_pet:pet_display|dataline[1][6]      ; Stuck at GND due to stuck port data_in          ;
; FSM_pet:pet_display|dataline[1][7]      ; Stuck at GND due to stuck port data_in          ;
; FSM_pet:pet_display|dataline[0][0]      ; Stuck at GND due to stuck port data_in          ;
; FSM_pet:pet_display|dataline[0][4]      ; Stuck at GND due to stuck port data_in          ;
; FSM_pet:pet_display|dataline[0][5]      ; Stuck at GND due to stuck port data_in          ;
; FSM_pet:pet_display|dataline[0][6]      ; Stuck at GND due to stuck port data_in          ;
; FSM_pet:pet_display|dataline[0][7]      ; Stuck at GND due to stuck port data_in          ;
; FSM_pet:pet_display|dataline[0][2]      ; Merged with FSM_pet:pet_display|dataline[0][1]  ;
; FSM_pet:pet_display|dataline[0][3]      ; Merged with FSM_pet:pet_display|dataline[0][1]  ;
; FSM_pet:pet_display|dataline[11][1]     ; Merged with FSM_pet:pet_display|dataline[0][1]  ;
; FSM_pet:pet_display|dataline[11][2]     ; Merged with FSM_pet:pet_display|dataline[0][1]  ;
; FSM_pet:pet_display|dataline[11][3]     ; Merged with FSM_pet:pet_display|dataline[0][1]  ;
; FSM_pet:pet_display|dataline[11][5]     ; Merged with FSM_pet:pet_display|dataline[0][1]  ;
; FSM_pet:pet_display|dataline[11][7]     ; Merged with FSM_pet:pet_display|dataline[0][1]  ;
; FSM_pet:pet_display|dataline[12][6]     ; Merged with FSM_pet:pet_display|dataline[0][1]  ;
; FSM_pet:pet_display|dataline[14][1]     ; Merged with FSM_pet:pet_display|dataline[0][1]  ;
; FSM_pet:pet_display|dataline[14][2]     ; Merged with FSM_pet:pet_display|dataline[0][1]  ;
; FSM_pet:pet_display|dataline[15][1]     ; Merged with FSM_pet:pet_display|dataline[0][1]  ;
; FSM_pet:pet_display|dataline[1][0]      ; Merged with FSM_pet:pet_display|dataline[0][1]  ;
; FSM_pet:pet_display|dataline[1][4]      ; Merged with FSM_pet:pet_display|dataline[0][1]  ;
; FSM_pet:pet_display|dataline[2][5]      ; Merged with FSM_pet:pet_display|dataline[0][1]  ;
; FSM_pet:pet_display|dataline[2][6]      ; Merged with FSM_pet:pet_display|dataline[0][1]  ;
; FSM_pet:pet_display|dataline[3][7]      ; Merged with FSM_pet:pet_display|dataline[0][1]  ;
; FSM_pet:pet_display|dataline[4][7]      ; Merged with FSM_pet:pet_display|dataline[0][1]  ;
; FSM_pet:pet_display|dataline[5][7]      ; Merged with FSM_pet:pet_display|dataline[0][1]  ;
; FSM_pet:pet_display|dataline[6][6]      ; Merged with FSM_pet:pet_display|dataline[0][1]  ;
; FSM_pet:pet_display|dataline[8][3]      ; Merged with FSM_pet:pet_display|dataline[0][1]  ;
; FSM_pet:pet_display|dataline[9][4]      ; Merged with FSM_pet:pet_display|dataline[0][1]  ;
; FSM_pet:pet_display|dataline[10][2]     ; Merged with FSM_pet:pet_display|dataline[10][1] ;
; FSM_pet:pet_display|dataline[10][3]     ; Merged with FSM_pet:pet_display|dataline[10][1] ;
; FSM_pet:pet_display|dataline[10][4]     ; Merged with FSM_pet:pet_display|dataline[10][1] ;
; FSM_pet:pet_display|dataline[10][6]     ; Merged with FSM_pet:pet_display|dataline[10][1] ;
; FSM_pet:pet_display|dataline[11][0]     ; Merged with FSM_pet:pet_display|dataline[10][1] ;
; FSM_pet:pet_display|dataline[12][7]     ; Merged with FSM_pet:pet_display|dataline[10][1] ;
; FSM_pet:pet_display|dataline[13][4]     ; Merged with FSM_pet:pet_display|dataline[10][1] ;
; FSM_pet:pet_display|dataline[14][0]     ; Merged with FSM_pet:pet_display|dataline[10][1] ;
; FSM_pet:pet_display|dataline[14][5]     ; Merged with FSM_pet:pet_display|dataline[10][1] ;
; FSM_pet:pet_display|dataline[14][7]     ; Merged with FSM_pet:pet_display|dataline[10][1] ;
; FSM_pet:pet_display|dataline[15][0]     ; Merged with FSM_pet:pet_display|dataline[10][1] ;
; FSM_pet:pet_display|dataline[15][5]     ; Merged with FSM_pet:pet_display|dataline[10][1] ;
; FSM_pet:pet_display|dataline[2][0]      ; Merged with FSM_pet:pet_display|dataline[10][1] ;
; FSM_pet:pet_display|dataline[2][1]      ; Merged with FSM_pet:pet_display|dataline[10][1] ;
; FSM_pet:pet_display|dataline[3][3]      ; Merged with FSM_pet:pet_display|dataline[10][1] ;
; FSM_pet:pet_display|dataline[5][5]      ; Merged with FSM_pet:pet_display|dataline[10][1] ;
; FSM_pet:pet_display|dataline[9][3]      ; Merged with FSM_pet:pet_display|dataline[10][1] ;
; FSM_pet:pet_display|iconline[1][2]      ; Merged with FSM_pet:pet_display|iconline[0][7]  ;
; FSM_pet:pet_display|iconline[4][7]      ; Merged with FSM_pet:pet_display|iconline[0][7]  ;
; FSM_pet:pet_display|iconline[6][2]      ; Merged with FSM_pet:pet_display|iconline[0][7]  ;
; FSM_pet:pet_display|iconline[0][5]      ; Merged with FSM_pet:pet_display|iconline[0][1]  ;
; FSM_pet:pet_display|iconline[0][6]      ; Merged with FSM_pet:pet_display|iconline[0][1]  ;
; FSM_pet:pet_display|iconline[1][0]      ; Merged with FSM_pet:pet_display|iconline[0][1]  ;
; FSM_pet:pet_display|iconline[1][7]      ; Merged with FSM_pet:pet_display|iconline[0][1]  ;
; FSM_pet:pet_display|iconline[5][1]      ; Merged with FSM_pet:pet_display|iconline[0][1]  ;
; FSM_pet:pet_display|iconline[5][2]      ; Merged with FSM_pet:pet_display|iconline[0][1]  ;
; FSM_pet:pet_display|iconline[6][0]      ; Merged with FSM_pet:pet_display|iconline[0][1]  ;
; FSM_pet:pet_display|iconline[7][1]      ; Merged with FSM_pet:pet_display|iconline[0][1]  ;
; FSM_pet:pet_display|iconline[5][5]      ; Merged with FSM_pet:pet_display|iconline[2][7]  ;
; face[2]                                 ; Merged with face[0]                             ;
; FSM_pet:pet_display|dataline[6][0]      ; Merged with FSM_pet:pet_display|dataline[4][5]  ;
; FSM_pet:pet_display|iconline[6][5]      ; Merged with FSM_pet:pet_display|iconline[1][5]  ;
; FSM_pet:pet_display|dataline[5][4]      ; Merged with FSM_pet:pet_display|dataline[4][3]  ;
; FSM_pet:pet_display|iconline[5][3]      ; Merged with FSM_pet:pet_display|iconline[2][1]  ;
; FSM_pet:pet_display|iconline[5][7]      ; Merged with FSM_pet:pet_display|iconline[2][1]  ;
; FSM_pet:pet_display|iconline[3][2]      ; Merged with FSM_pet:pet_display|iconline[3][1]  ;
; FSM_pet:pet_display|iconline[3][5]      ; Merged with FSM_pet:pet_display|iconline[3][1]  ;
; FSM_pet:pet_display|iconline[6][3]      ; Merged with FSM_pet:pet_display|iconline[3][1]  ;
; FSM_pet:pet_display|iconline[7][7]      ; Merged with FSM_pet:pet_display|iconline[3][1]  ;
; FSM_pet:pet_display|iconline[2][6]      ; Merged with FSM_pet:pet_display|iconline[2][2]  ;
; FSM_pet:pet_display|iconline[3][3]      ; Merged with FSM_pet:pet_display|iconline[2][2]  ;
; FSM_pet:pet_display|iconline[4][3]      ; Merged with FSM_pet:pet_display|iconline[2][2]  ;
; FSM_pet:pet_display|iconline[4][6]      ; Merged with FSM_pet:pet_display|iconline[4][5]  ;
; FSM_pet:pet_display|iconline[7][5]      ; Merged with FSM_pet:pet_display|iconline[2][4]  ;
; FSM_pet:pet_display|iconline[7][6]      ; Merged with FSM_pet:pet_display|iconline[2][4]  ;
; FSM_pet:pet_display|iconline[0][3]      ; Merged with FSM_pet:pet_display|iconline[0][2]  ;
; FSM_pet:pet_display|iconline[0][4]      ; Merged with FSM_pet:pet_display|iconline[0][2]  ;
; FSM_pet:pet_display|iconline[3][4]      ; Merged with FSM_pet:pet_display|iconline[2][0]  ;
; FSM_pet:pet_display|iconline[4][4]      ; Merged with FSM_pet:pet_display|iconline[2][0]  ;
; FSM_pet:pet_display|iconline[5][0]      ; Merged with FSM_pet:pet_display|iconline[2][0]  ;
; FSM_pet:pet_display|iconline[7][2]      ; Merged with FSM_pet:pet_display|iconline[2][0]  ;
; FSM_pet:pet_display|iconline[7][4]      ; Merged with FSM_pet:pet_display|iconline[7][3]  ;
; FSM_pet:pet_display|dataline[4][1]      ; Merged with FSM_pet:pet_display|dataline[3][2]  ;
; FSM_pet:pet_display|dataline[5][2]      ; Merged with FSM_pet:pet_display|dataline[4][2]  ;
; FSM_pet:pet_display|dataline[6][2]      ; Merged with FSM_pet:pet_display|dataline[4][2]  ;
; FSM_pet:pet_display|dataline[7][1]      ; Merged with FSM_pet:pet_display|dataline[5][1]  ;
; FSM_pet:pet_display|iconline[4][0]      ; Merged with FSM_pet:pet_display|iconline[3][0]  ;
; FSM_pet:pet_display|dataline[4][3]      ; Stuck at GND due to stuck port data_in          ;
; FSM_pet:pet_display|dataline[4][4]      ; Stuck at VCC due to stuck port data_in          ;
; FSM_pet:pet_display|dataline[6][1]      ; Stuck at VCC due to stuck port data_in          ;
; face[1]                                 ; Stuck at GND due to stuck port data_in          ;
; FSM_pet:pet_display|dataline[3][4]      ; Stuck at GND due to stuck port data_in          ;
; FSM_pet:pet_display|dataline[3][2]      ; Stuck at VCC due to stuck port data_in          ;
; FSM_pet:pet_display|dataline[4][2]      ; Stuck at GND due to stuck port data_in          ;
; FSM_pet:pet_display|dataline[7][2]      ; Stuck at GND due to stuck port data_in          ;
; FSM_pet:pet_display|dataline[3][1]      ; Stuck at GND due to stuck port data_in          ;
; FSM_pet:pet_display|count~9             ; Lost fanout                                     ;
; FSM_pet:pet_display|count~10            ; Lost fanout                                     ;
; FSM_pet:pet_display|count~11            ; Lost fanout                                     ;
; FSM_pet:pet_display|count~12            ; Lost fanout                                     ;
; FSM_pet:pet_display|count~13            ; Lost fanout                                     ;
; FSM_pet:pet_display|count~14            ; Lost fanout                                     ;
; FSM_pet:pet_display|count~15            ; Lost fanout                                     ;
; FSM_pet:pet_display|count~16            ; Lost fanout                                     ;
; FSM_pet:pet_display|count~17            ; Lost fanout                                     ;
; FSM_pet:pet_display|state~7             ; Lost fanout                                     ;
; FSM_pet:pet_display|state~8             ; Lost fanout                                     ;
; FSM_pet:pet_display|state~10            ; Lost fanout                                     ;
; FSM_pet:pet_display|dataline[4][5]      ; Merged with FSM_pet:pet_display|dataline[0][1]  ;
; FSM_pet:pet_display|dataline[5][1]      ; Merged with FSM_pet:pet_display|dataline[0][1]  ;
; FSM_pet:pet_display|dataline[7][0]      ; Merged with FSM_pet:pet_display|dataline[0][1]  ;
; FSM_pet:pet_display|dataline[5][0]      ; Merged with FSM_pet:pet_display|dataline[10][1] ;
; display_hex:seg_display|cfreq[17..26]   ; Lost fanout                                     ;
; Total Number of Removed Registers = 279 ;                                                 ;
+-----------------------------------------+-------------------------------------------------+


+---------------------------------------------------------------------------------------------------------------------+
; Removed Registers Triggering Further Register Optimizations                                                         ;
+---------------+---------------------------+-------------------------------------------------------------------------+
; Register name ; Reason for Removal        ; Registers Removed due to This Register                                  ;
+---------------+---------------------------+-------------------------------------------------------------------------+
; face[1]       ; Stuck at GND              ; FSM_pet:pet_display|dataline[3][4], FSM_pet:pet_display|dataline[3][2], ;
;               ; due to stuck port data_in ; FSM_pet:pet_display|dataline[4][2], FSM_pet:pet_display|dataline[7][2], ;
;               ;                           ; FSM_pet:pet_display|dataline[3][1]                                      ;
+---------------+---------------------------+-------------------------------------------------------------------------+


+------------------------------------------------------+
; General Register Statistics                          ;
+----------------------------------------------+-------+
; Statistic                                    ; Value ;
+----------------------------------------------+-------+
; Total registers                              ; 199   ;
; Number of registers using Synchronous Clear  ; 80    ;
; Number of registers using Synchronous Load   ; 18    ;
; Number of registers using Asynchronous Clear ; 101   ;
; Number of registers using Asynchronous Load  ; 0     ;
; Number of registers using Clock Enable       ; 96    ;
; Number of registers using Preset             ; 0     ;
+----------------------------------------------+-------+


+---------------------------------------------------+
; Inverted Register Statistics                      ;
+-----------------------------------------+---------+
; Inverted Register                       ; Fan out ;
+-----------------------------------------+---------+
; FSM_pet:pet_display|spi_master:spi|ce   ; 1       ;
; bath_state[0]                           ; 5       ;
; music_state[0]                          ; 5       ;
; food_state[0]                           ; 5       ;
; sleep_state[0]                          ; 5       ;
; health_state[0]                         ; 5       ;
; exercise_state[0]                       ; 6       ;
; health_state[1]                         ; 5       ;
; exercise_state[1]                       ; 5       ;
; bath_state[1]                           ; 4       ;
; food_state[1]                           ; 5       ;
; sleep_state[1]                          ; 5       ;
; music_state[1]                          ; 5       ;
; exercise_state[2]                       ; 4       ;
; bath_state[2]                           ; 3       ;
; music_state[2]                          ; 5       ;
; food_state[2]                           ; 5       ;
; sleep_state[2]                          ; 5       ;
; health_state[2]                         ; 5       ;
; Total number of inverted registers = 19 ;         ;
+-----------------------------------------+---------+


+---------------------------------------------------------------------------------------------------------------------------------------------------------------------------+
; Multiplexer Restructuring Statistics (Restructuring Performed)                                                                                                            ;
+--------------------+-----------+---------------+----------------------+------------------------+------------+-------------------------------------------------------------+
; Multiplexer Inputs ; Bus Width ; Baseline Area ; Area if Restructured ; Saving if Restructured ; Registered ; Example Multiplexer Output                                  ;
+--------------------+-----------+---------------+----------------------+------------------------+------------+-------------------------------------------------------------+
; 3:1                ; 6 bits    ; 12 LEs        ; 6 LEs                ; 6 LEs                  ; Yes        ; |tamagotchi|FSM_pet:pet_display|iconindex[2]                ;
; 4:1                ; 2 bits    ; 4 LEs         ; 4 LEs                ; 0 LEs                  ; Yes        ; |tamagotchi|FSM_pet:pet_display|iconline[1][5]              ;
; 3:1                ; 28 bits   ; 56 LEs        ; 28 LEs               ; 28 LEs                 ; Yes        ; |tamagotchi|test_timer[9]                                   ;
; 3:1                ; 4 bits    ; 8 LEs         ; 4 LEs                ; 4 LEs                  ; Yes        ; |tamagotchi|FSM_pet:pet_display|spi_master:spi|bit_count[0] ;
; 3:1                ; 7 bits    ; 14 LEs        ; 7 LEs                ; 7 LEs                  ; Yes        ; |tamagotchi|FSM_pet:pet_display|spi_master:spi|shift_reg[4] ;
; 4:1                ; 10 bits   ; 20 LEs        ; 20 LEs               ; 0 LEs                  ; Yes        ; |tamagotchi|FSM_pet:pet_display|dataline[4][2]              ;
; 8:1                ; 21 bits   ; 105 LEs       ; 84 LEs               ; 21 LEs                 ; Yes        ; |tamagotchi|FSM_pet:pet_display|iconline[1][4]              ;
; 4:1                ; 6 bits    ; 12 LEs        ; 6 LEs                ; 6 LEs                  ; Yes        ; |tamagotchi|FSM_pet:pet_display|initindex[5]                ;
; 10:1               ; 2 bits    ; 12 LEs        ; 0 LEs                ; 12 LEs                 ; Yes        ; |tamagotchi|face[1]                                         ;
; 11:1               ; 5 bits    ; 35 LEs        ; 15 LEs               ; 20 LEs                 ; Yes        ; |tamagotchi|FSM_pet:pet_display|cmdindex[4]                 ;
; 16:1               ; 3 bits    ; 30 LEs        ; 18 LEs               ; 12 LEs                 ; Yes        ; |tamagotchi|current[2]                                      ;
; 17:1               ; 6 bits    ; 66 LEs        ; 24 LEs               ; 42 LEs                 ; Yes        ; |tamagotchi|FSM_pet:pet_display|dataindex[0]                ;
; 10:1               ; 3 bits    ; 18 LEs        ; 0 LEs                ; 18 LEs                 ; Yes        ; |tamagotchi|health_state[0]                                 ;
; 10:1               ; 5 bits    ; 30 LEs        ; 20 LEs               ; 10 LEs                 ; No         ; |tamagotchi|FSM_pet:pet_display|state                       ;
; 24:1               ; 7 bits    ; 112 LEs       ; 42 LEs               ; 70 LEs                 ; No         ; |tamagotchi|FSM_pet:pet_display|count                       ;
+--------------------+-----------+---------------+----------------------+------------------------+------------+-------------------------------------------------------------+


+------------------------------------------------------------------+
; Parameter Settings for User Entity Instance: FSM_pet:pet_display ;
+----------------+-------+-----------------------------------------+
; Parameter Name ; Value ; Type                                    ;
+----------------+-------+-----------------------------------------+
; INIT           ; 0000  ; Unsigned Binary                         ;
; WIPE           ; 0001  ; Unsigned Binary                         ;
; WAIT           ; 0010  ; Unsigned Binary                         ;
; DRAWPET        ; 0011  ; Unsigned Binary                         ;
; DRAWICON       ; 0100  ; Unsigned Binary                         ;
+----------------+-------+-----------------------------------------+
Note: In order to hide this table in the UI and the text report file, please set the "Show Parameter Settings in Synthesis Report" option in "Analysis and Synthesis Settings -> More Settings" to "Off".


+-----------------------------------------------------+
; Port Connectivity Checks: "display_hex:seg_display" ;
+-------------+-------+----------+--------------------+
; Port        ; Type  ; Severity ; Details            ;
+-------------+-------+----------+--------------------+
; num[13..11] ; Input ; Info     ; Stuck at VCC       ;
; num[24..23] ; Input ; Info     ; Stuck at GND       ;
; num[15..14] ; Input ; Info     ; Stuck at GND       ;
; num[8..6]   ; Input ; Info     ; Stuck at GND       ;
; num[4..3]   ; Input ; Info     ; Stuck at GND       ;
; num[19]     ; Input ; Info     ; Stuck at GND       ;
; num[18]     ; Input ; Info     ; Stuck at VCC       ;
; num[17]     ; Input ; Info     ; Stuck at GND       ;
; num[16]     ; Input ; Info     ; Stuck at VCC       ;
; num[10]     ; Input ; Info     ; Stuck at GND       ;
; num[9]      ; Input ; Info     ; Stuck at VCC       ;
; num[5]      ; Input ; Info     ; Stuck at VCC       ;
+-------------+-------+----------+--------------------+


+------------------------------------------------------------------------------------------------------------------------------------------------------------------------------------------------------------------------------+
; Port Connectivity Checks: "FSM_pet:pet_display|spi_master:spi"                                                                                                                                                               ;
+--------------------+--------+----------+-------------------------------------------------------------------------------------------------------------------------------------------------------------------------------------+
; Port               ; Type   ; Severity ; Details                                                                                                                                                                             ;
+--------------------+--------+----------+-------------------------------------------------------------------------------------------------------------------------------------------------------------------------------------+
; div_factor         ; Input  ; Warning  ; Input port expression (26 bits) is wider than the input port (16 bits) it drives.  The 10 most-significant bit(s) in the expression will be dangling if they have no other fanouts. ;
; div_factor[14..11] ; Input  ; Info     ; Stuck at VCC                                                                                                                                                                        ;
; div_factor[10..7]  ; Input  ; Info     ; Stuck at GND                                                                                                                                                                        ;
; div_factor[5..0]   ; Input  ; Info     ; Stuck at GND                                                                                                                                                                        ;
; div_factor[15]     ; Input  ; Info     ; Stuck at GND                                                                                                                                                                        ;
; div_factor[6]      ; Input  ; Info     ; Stuck at VCC                                                                                                                                                                        ;
; data_out           ; Output ; Warning  ; Output or bidir port (8 bits) is wider than the port expression (1 bits) it drives; bit(s) "data_out[7..1]" have no fanouts                                                         ;
; data_out           ; Output ; Info     ; Connected to dangling logic. Logic that only feeds a dangling port will be removed.                                                                                                 ;
; busy               ; Output ; Info     ; Connected to dangling logic. Logic that only feeds a dangling port will be removed.                                                                                                 ;
; miso               ; Input  ; Warning  ; Declared by entity but not connected by instance. If a default value exists, it will be used.  Otherwise, the port will be connected to GND.                                        ;
+--------------------+--------+----------+-------------------------------------------------------------------------------------------------------------------------------------------------------------------------------------+


+-----------------------------------------------------+
; Post-Synthesis Netlist Statistics for Top Partition ;
+-----------------------+-----------------------------+
; Type                  ; Count                       ;
+-----------------------+-----------------------------+
; boundary_port         ; 28                          ;
; cycloneiii_ff         ; 199                         ;
;     CLR               ; 47                          ;
;     CLR SCLR          ; 28                          ;
;     CLR SLD           ; 1                           ;
;     ENA               ; 30                          ;
;     ENA CLR           ; 9                           ;
;     ENA CLR SCLR      ; 16                          ;
;     ENA SCLR          ; 32                          ;
;     ENA SLD           ; 9                           ;
;     SCLR              ; 4                           ;
;     SLD               ; 8                           ;
;     plain             ; 15                          ;
; cycloneiii_lcell_comb ; 502                         ;
;     arith             ; 80                          ;
;         2 data inputs ; 74                          ;
;         3 data inputs ; 6                           ;
;     normal            ; 422                         ;
;         1 data inputs ; 18                          ;
;         2 data inputs ; 40                          ;
;         3 data inputs ; 90                          ;
;         4 data inputs ; 274                         ;
;                       ;                             ;
; Max LUT depth         ; 7.00                        ;
; Average LUT depth     ; 3.67                        ;
+-----------------------+-----------------------------+


+-------------------------------+
; Elapsed Time Per Partition    ;
+----------------+--------------+
; Partition Name ; Elapsed Time ;
+----------------+--------------+
; Top            ; 00:00:02     ;
+----------------+--------------+


+-------------------------------+
; Analysis & Synthesis Messages ;
+-------------------------------+
Info: *******************************************************************
Info: Running Quartus Prime Analysis & Synthesis
    Info: Version 23.1std.0 Build 991 11/28/2023 SC Lite Edition
    Info: Processing started: Wed Sep 18 10:50:39 2024
Info: Command: quartus_map --read_settings_files=on --write_settings_files=off tamagotchi -c tamagotchi
Warning (18236): Number of processors has not been specified which may cause overloading on shared machines.  Set the global assignment NUM_PARALLEL_PROCESSORS in your QSF to an appropriate value for best performance.
Info (20030): Parallel compilation is enabled and will use 12 of the 12 processors detected
Info (12021): Found 1 design units, including 1 entities, in source file src/spi_master.v
    Info (12023): Found entity 1: spi_master File: /home/bonbartlessby/Documentos/Github/entrega-1-proyecto-grupo22-2024-1/TopProject/src/spi_master.v Line: 1
Info (12021): Found 1 design units, including 1 entities, in source file src/FSM_pet.v
    Info (12023): Found entity 1: FSM_pet File: /home/bonbartlessby/Documentos/Github/entrega-1-proyecto-grupo22-2024-1/TopProject/src/FSM_pet.v Line: 1
Info (12021): Found 1 design units, including 1 entities, in source file src/display_hex.v
    Info (12023): Found entity 1: display_hex File: /home/bonbartlessby/Documentos/Github/entrega-1-proyecto-grupo22-2024-1/TopProject/src/display_hex.v Line: 2
Info (12021): Found 1 design units, including 1 entities, in source file src/BCDtoSSeg.v
    Info (12023): Found entity 1: BCDtoSSeg File: /home/bonbartlessby/Documentos/Github/entrega-1-proyecto-grupo22-2024-1/TopProject/src/BCDtoSSeg.v Line: 1
Info (12021): Found 1 design units, including 1 entities, in source file src/tamagotchi.v
    Info (12023): Found entity 1: tamagotchi File: /home/bonbartlessby/Documentos/Github/entrega-1-proyecto-grupo22-2024-1/TopProject/src/tamagotchi.v Line: 1
Warning (10236): Verilog HDL Implicit Net warning at FSM_pet.v(47): created implicit net for "data_out" File: /home/bonbartlessby/Documentos/Github/entrega-1-proyecto-grupo22-2024-1/TopProject/src/FSM_pet.v Line: 47
Info (12127): Elaborating entity "tamagotchi" for the top level hierarchy
Warning (10036): Verilog HDL or VHDL warning at tamagotchi.v(23): object "timer" assigned a value but never read File: /home/bonbartlessby/Documentos/Github/entrega-1-proyecto-grupo22-2024-1/TopProject/src/tamagotchi.v Line: 23
Warning (10036): Verilog HDL or VHDL warning at tamagotchi.v(24): object "state_timer" assigned a value but never read File: /home/bonbartlessby/Documentos/Github/entrega-1-proyecto-grupo22-2024-1/TopProject/src/tamagotchi.v Line: 24
Warning (10230): Verilog HDL assignment warning at tamagotchi.v(100): truncated value with size 32 to match size of target (3) File: /home/bonbartlessby/Documentos/Github/entrega-1-proyecto-grupo22-2024-1/TopProject/src/tamagotchi.v Line: 100
Warning (10230): Verilog HDL assignment warning at tamagotchi.v(103): truncated value with size 32 to match size of target (3) File: /home/bonbartlessby/Documentos/Github/entrega-1-proyecto-grupo22-2024-1/TopProject/src/tamagotchi.v Line: 103
Warning (10230): Verilog HDL assignment warning at tamagotchi.v(113): truncated value with size 32 to match size of target (3) File: /home/bonbartlessby/Documentos/Github/entrega-1-proyecto-grupo22-2024-1/TopProject/src/tamagotchi.v Line: 113
Warning (10230): Verilog HDL assignment warning at tamagotchi.v(116): truncated value with size 32 to match size of target (3) File: /home/bonbartlessby/Documentos/Github/entrega-1-proyecto-grupo22-2024-1/TopProject/src/tamagotchi.v Line: 116
Warning (10230): Verilog HDL assignment warning at tamagotchi.v(126): truncated value with size 32 to match size of target (3) File: /home/bonbartlessby/Documentos/Github/entrega-1-proyecto-grupo22-2024-1/TopProject/src/tamagotchi.v Line: 126
Warning (10230): Verilog HDL assignment warning at tamagotchi.v(129): truncated value with size 32 to match size of target (3) File: /home/bonbartlessby/Documentos/Github/entrega-1-proyecto-grupo22-2024-1/TopProject/src/tamagotchi.v Line: 129
Warning (10230): Verilog HDL assignment warning at tamagotchi.v(139): truncated value with size 32 to match size of target (3) File: /home/bonbartlessby/Documentos/Github/entrega-1-proyecto-grupo22-2024-1/TopProject/src/tamagotchi.v Line: 139
Warning (10230): Verilog HDL assignment warning at tamagotchi.v(142): truncated value with size 32 to match size of target (3) File: /home/bonbartlessby/Documentos/Github/entrega-1-proyecto-grupo22-2024-1/TopProject/src/tamagotchi.v Line: 142
Warning (10230): Verilog HDL assignment warning at tamagotchi.v(152): truncated value with size 32 to match size of target (3) File: /home/bonbartlessby/Documentos/Github/entrega-1-proyecto-grupo22-2024-1/TopProject/src/tamagotchi.v Line: 152
Warning (10230): Verilog HDL assignment warning at tamagotchi.v(155): truncated value with size 32 to match size of target (3) File: /home/bonbartlessby/Documentos/Github/entrega-1-proyecto-grupo22-2024-1/TopProject/src/tamagotchi.v Line: 155
Warning (10230): Verilog HDL assignment warning at tamagotchi.v(168): truncated value with size 32 to match size of target (28) File: /home/bonbartlessby/Documentos/Github/entrega-1-proyecto-grupo22-2024-1/TopProject/src/tamagotchi.v Line: 168
Info (12128): Elaborating entity "FSM_pet" for hierarchy "FSM_pet:pet_display" File: /home/bonbartlessby/Documentos/Github/entrega-1-proyecto-grupo22-2024-1/TopProject/src/tamagotchi.v Line: 51
Warning (10230): Verilog HDL assignment warning at FSM_pet.v(93): truncated value with size 32 to match size of target (6) File: /home/bonbartlessby/Documentos/Github/entrega-1-proyecto-grupo22-2024-1/TopProject/src/FSM_pet.v Line: 93
Info (10264): Verilog HDL Case Statement information at FSM_pet.v(80): all case item expressions in this case statement are onehot File: /home/bonbartlessby/Documentos/Github/entrega-1-proyecto-grupo22-2024-1/TopProject/src/FSM_pet.v Line: 80
Warning (10230): Verilog HDL assignment warning at FSM_pet.v(111): truncated value with size 32 to match size of target (9) File: /home/bonbartlessby/Documentos/Github/entrega-1-proyecto-grupo22-2024-1/TopProject/src/FSM_pet.v Line: 111
Warning (10230): Verilog HDL assignment warning at FSM_pet.v(327): truncated value with size 32 to match size of target (6) File: /home/bonbartlessby/Documentos/Github/entrega-1-proyecto-grupo22-2024-1/TopProject/src/FSM_pet.v Line: 327
Warning (10230): Verilog HDL assignment warning at FSM_pet.v(340): truncated value with size 32 to match size of target (6) File: /home/bonbartlessby/Documentos/Github/entrega-1-proyecto-grupo22-2024-1/TopProject/src/FSM_pet.v Line: 340
Warning (10230): Verilog HDL assignment warning at FSM_pet.v(353): truncated value with size 32 to match size of target (6) File: /home/bonbartlessby/Documentos/Github/entrega-1-proyecto-grupo22-2024-1/TopProject/src/FSM_pet.v Line: 353
Warning (10230): Verilog HDL assignment warning at FSM_pet.v(366): truncated value with size 32 to match size of target (6) File: /home/bonbartlessby/Documentos/Github/entrega-1-proyecto-grupo22-2024-1/TopProject/src/FSM_pet.v Line: 366
Warning (10230): Verilog HDL assignment warning at FSM_pet.v(379): truncated value with size 32 to match size of target (6) File: /home/bonbartlessby/Documentos/Github/entrega-1-proyecto-grupo22-2024-1/TopProject/src/FSM_pet.v Line: 379
Warning (10230): Verilog HDL assignment warning at FSM_pet.v(392): truncated value with size 32 to match size of target (6) File: /home/bonbartlessby/Documentos/Github/entrega-1-proyecto-grupo22-2024-1/TopProject/src/FSM_pet.v Line: 392
Warning (10230): Verilog HDL assignment warning at FSM_pet.v(418): truncated value with size 32 to match size of target (6) File: /home/bonbartlessby/Documentos/Github/entrega-1-proyecto-grupo22-2024-1/TopProject/src/FSM_pet.v Line: 418
Warning (10230): Verilog HDL assignment warning at FSM_pet.v(430): truncated value with size 32 to match size of target (6) File: /home/bonbartlessby/Documentos/Github/entrega-1-proyecto-grupo22-2024-1/TopProject/src/FSM_pet.v Line: 430
Info (10264): Verilog HDL Case Statement information at FSM_pet.v(404): all case item expressions in this case statement are onehot File: /home/bonbartlessby/Documentos/Github/entrega-1-proyecto-grupo22-2024-1/TopProject/src/FSM_pet.v Line: 404
Info (12128): Elaborating entity "spi_master" for hierarchy "FSM_pet:pet_display|spi_master:spi" File: /home/bonbartlessby/Documentos/Github/entrega-1-proyecto-grupo22-2024-1/TopProject/src/FSM_pet.v Line: 52
Warning (10230): Verilog HDL assignment warning at spi_master.v(49): truncated value with size 32 to match size of target (16) File: /home/bonbartlessby/Documentos/Github/entrega-1-proyecto-grupo22-2024-1/TopProject/src/spi_master.v Line: 49
Warning (10230): Verilog HDL assignment warning at spi_master.v(58): truncated value with size 32 to match size of target (4) File: /home/bonbartlessby/Documentos/Github/entrega-1-proyecto-grupo22-2024-1/TopProject/src/spi_master.v Line: 58
Info (12128): Elaborating entity "display_hex" for hierarchy "display_hex:seg_display" File: /home/bonbartlessby/Documentos/Github/entrega-1-proyecto-grupo22-2024-1/TopProject/src/tamagotchi.v Line: 63
Warning (10230): Verilog HDL assignment warning at display_hex.v(27): truncated value with size 32 to match size of target (27) File: /home/bonbartlessby/Documentos/Github/entrega-1-proyecto-grupo22-2024-1/TopProject/src/display_hex.v Line: 27
Warning (10230): Verilog HDL assignment warning at display_hex.v(37): truncated value with size 32 to match size of target (3) File: /home/bonbartlessby/Documentos/Github/entrega-1-proyecto-grupo22-2024-1/TopProject/src/display_hex.v Line: 37
Info (12128): Elaborating entity "BCDtoSSeg" for hierarchy "display_hex:seg_display|BCDtoSSeg:bcdtosseg" File: /home/bonbartlessby/Documentos/Github/entrega-1-proyecto-grupo22-2024-1/TopProject/src/display_hex.v Line: 15
Warning (12241): 1 hierarchies have connectivity warnings - see the Connectivity Checks report folder
Info (13000): Registers with preset signals will power-up high File: /home/bonbartlessby/Documentos/Github/entrega-1-proyecto-grupo22-2024-1/TopProject/src/spi_master.v Line: 11
Info (13003): DEV_CLRn pin will set, and not reset, register with preset signal due to NOT Gate Push-Back
Info (286030): Timing-Driven Synthesis is running
Info (17049): 22 registers lost all their fanouts during netlist optimizations.
Info (16010): Generating hard_block partition "hard_block:auto_generated_inst"
    Info (16011): Adding 0 node(s), including 0 DDIO, 0 PLL, 0 transceiver and 0 LCELL
Warning (21074): Design contains 3 input pin(s) that do not drive logic
    Warning (15610): No output dependent on input pin "b4" File: /home/bonbartlessby/Documentos/Github/entrega-1-proyecto-grupo22-2024-1/TopProject/src/tamagotchi.v Line: 4
    Warning (15610): No output dependent on input pin "light_sensor" File: /home/bonbartlessby/Documentos/Github/entrega-1-proyecto-grupo22-2024-1/TopProject/src/tamagotchi.v Line: 5
    Warning (15610): No output dependent on input pin "sound_sensor" File: /home/bonbartlessby/Documentos/Github/entrega-1-proyecto-grupo22-2024-1/TopProject/src/tamagotchi.v Line: 6
Info (21057): Implemented 542 device resources after synthesis - the final resource count might be different
    Info (21058): Implemented 7 input pins
    Info (21059): Implemented 21 output pins
    Info (21061): Implemented 514 logic cells
Info: Quartus Prime Analysis & Synthesis was successful. 0 errors, 34 warnings
    Info: Peak virtual memory: 472 megabytes
    Info: Processing ended: Wed Sep 18 10:50:50 2024
    Info: Elapsed time: 00:00:11
    Info: Total CPU time (on all processors): 00:00:30


