Analysis & Synthesis report for tamagotchi
Fri Sep 20 13:08:17 2024
Quartus Prime Version 23.1std.0 Build 991 11/28/2023 SC Lite Edition


---------------------
; Table of Contents ;
---------------------
  1. Legal Notice
  2. Analysis & Synthesis Summary
  3. Analysis & Synthesis Settings
  4. Parallel Compilation
  5. Analysis & Synthesis Source Files Read
  6. Analysis & Synthesis Resource Usage Summary
  7. Analysis & Synthesis Resource Utilization by Entity
  8. State Machine - |tamagotchi|FSM_pet:pet_display|count
  9. State Machine - |tamagotchi|FSM_pet:pet_display|state
 10. Registers Removed During Synthesis
 11. General Register Statistics
 12. Inverted Register Statistics
 13. Multiplexer Restructuring Statistics (Restructuring Performed)
 14. Parameter Settings for User Entity Instance: debounce:b2_debounce
 15. Parameter Settings for User Entity Instance: debounce:b3_debounce
 16. Parameter Settings for User Entity Instance: debounce:b4_debounce
 17. Parameter Settings for User Entity Instance: FSM_pet:pet_display
 18. Parameter Settings for User Entity Instance: buzzer:buzzer_inst
 19. Port Connectivity Checks: "display_hex:seg_display"
 20. Port Connectivity Checks: "FSM_pet:pet_display|spi_master:spi"
 21. Post-Synthesis Netlist Statistics for Top Partition
 22. Elapsed Time Per Partition
 23. Analysis & Synthesis Messages



----------------
; Legal Notice ;
----------------
Copyright (C) 2023  Intel Corporation. All rights reserved.
Your use of Intel Corporation's design tools, logic functions 
and other software and tools, and any partner logic 
functions, and any output files from any of the foregoing 
(including device programming or simulation files), and any 
associated documentation or information are expressly subject 
to the terms and conditions of the Intel Program License 
Subscription Agreement, the Intel Quartus Prime License Agreement,
the Intel FPGA IP License Agreement, or other applicable license
agreement, including, without limitation, that your use is for
the sole purpose of programming logic devices manufactured by
Intel and sold by Intel or its authorized distributors.  Please
refer to the applicable agreement for further details, at
https://fpgasoftware.intel.com/eula.



+-------------------------------------------------------------------------------------+
; Analysis & Synthesis Summary                                                        ;
+------------------------------------+------------------------------------------------+
; Analysis & Synthesis Status        ; Successful - Fri Sep 20 13:08:17 2024          ;
; Quartus Prime Version              ; 23.1std.0 Build 991 11/28/2023 SC Lite Edition ;
; Revision Name                      ; tamagotchi                                     ;
; Top-level Entity Name              ; tamagotchi                                     ;
; Family                             ; Cyclone IV E                                   ;
; Total logic elements               ; 1,094                                          ;
;     Total combinational functions  ; 1,083                                          ;
;     Dedicated logic registers      ; 473                                            ;
; Total registers                    ; 473                                            ;
; Total pins                         ; 29                                             ;
; Total virtual pins                 ; 0                                              ;
; Total memory bits                  ; 0                                              ;
; Embedded Multiplier 9-bit elements ; 0                                              ;
; Total PLLs                         ; 0                                              ;
+------------------------------------+------------------------------------------------+


+------------------------------------------------------------------------------------------------------------+
; Analysis & Synthesis Settings                                                                              ;
+------------------------------------------------------------------+--------------------+--------------------+
; Option                                                           ; Setting            ; Default Value      ;
+------------------------------------------------------------------+--------------------+--------------------+
; Device                                                           ; EP4CE10E22C8       ;                    ;
; Top-level entity name                                            ; tamagotchi         ; tamagotchi         ;
; Family name                                                      ; Cyclone IV E       ; Cyclone V          ;
; Use smart compilation                                            ; Off                ; Off                ;
; Enable parallel Assembler and Timing Analyzer during compilation ; On                 ; On                 ;
; Enable compact report table                                      ; Off                ; Off                ;
; Restructure Multiplexers                                         ; Auto               ; Auto               ;
; Create Debugging Nodes for IP Cores                              ; Off                ; Off                ;
; Preserve fewer node names                                        ; On                 ; On                 ;
; Intel FPGA IP Evaluation Mode                                    ; Enable             ; Enable             ;
; Verilog Version                                                  ; Verilog_2001       ; Verilog_2001       ;
; VHDL Version                                                     ; VHDL_1993          ; VHDL_1993          ;
; State Machine Processing                                         ; Auto               ; Auto               ;
; Safe State Machine                                               ; Off                ; Off                ;
; Extract Verilog State Machines                                   ; On                 ; On                 ;
; Extract VHDL State Machines                                      ; On                 ; On                 ;
; Ignore Verilog initial constructs                                ; Off                ; Off                ;
; Iteration limit for constant Verilog loops                       ; 5000               ; 5000               ;
; Iteration limit for non-constant Verilog loops                   ; 250                ; 250                ;
; Add Pass-Through Logic to Inferred RAMs                          ; On                 ; On                 ;
; Infer RAMs from Raw Logic                                        ; On                 ; On                 ;
; Parallel Synthesis                                               ; On                 ; On                 ;
; DSP Block Balancing                                              ; Auto               ; Auto               ;
; NOT Gate Push-Back                                               ; On                 ; On                 ;
; Power-Up Don't Care                                              ; On                 ; On                 ;
; Remove Redundant Logic Cells                                     ; Off                ; Off                ;
; Remove Duplicate Registers                                       ; On                 ; On                 ;
; Ignore CARRY Buffers                                             ; Off                ; Off                ;
; Ignore CASCADE Buffers                                           ; Off                ; Off                ;
; Ignore GLOBAL Buffers                                            ; Off                ; Off                ;
; Ignore ROW GLOBAL Buffers                                        ; Off                ; Off                ;
; Ignore LCELL Buffers                                             ; Off                ; Off                ;
; Ignore SOFT Buffers                                              ; On                 ; On                 ;
; Limit AHDL Integers to 32 Bits                                   ; Off                ; Off                ;
; Optimization Technique                                           ; Balanced           ; Balanced           ;
; Carry Chain Length                                               ; 70                 ; 70                 ;
; Auto Carry Chains                                                ; On                 ; On                 ;
; Auto Open-Drain Pins                                             ; On                 ; On                 ;
; Perform WYSIWYG Primitive Resynthesis                            ; Off                ; Off                ;
; Auto ROM Replacement                                             ; On                 ; On                 ;
; Auto RAM Replacement                                             ; On                 ; On                 ;
; Auto DSP Block Replacement                                       ; On                 ; On                 ;
; Auto Shift Register Replacement                                  ; Auto               ; Auto               ;
; Allow Shift Register Merging across Hierarchies                  ; Auto               ; Auto               ;
; Auto Clock Enable Replacement                                    ; On                 ; On                 ;
; Strict RAM Replacement                                           ; Off                ; Off                ;
; Allow Synchronous Control Signals                                ; On                 ; On                 ;
; Force Use of Synchronous Clear Signals                           ; Off                ; Off                ;
; Auto RAM Block Balancing                                         ; On                 ; On                 ;
; Auto RAM to Logic Cell Conversion                                ; Off                ; Off                ;
; Auto Resource Sharing                                            ; Off                ; Off                ;
; Allow Any RAM Size For Recognition                               ; Off                ; Off                ;
; Allow Any ROM Size For Recognition                               ; Off                ; Off                ;
; Allow Any Shift Register Size For Recognition                    ; Off                ; Off                ;
; Use LogicLock Constraints during Resource Balancing              ; On                 ; On                 ;
; Ignore translate_off and synthesis_off directives                ; Off                ; Off                ;
; Timing-Driven Synthesis                                          ; On                 ; On                 ;
; Report Parameter Settings                                        ; On                 ; On                 ;
; Report Source Assignments                                        ; On                 ; On                 ;
; Report Connectivity Checks                                       ; On                 ; On                 ;
; Ignore Maximum Fan-Out Assignments                               ; Off                ; Off                ;
; Synchronization Register Chain Length                            ; 2                  ; 2                  ;
; Power Optimization During Synthesis                              ; Normal compilation ; Normal compilation ;
; HDL message level                                                ; Level2             ; Level2             ;
; Suppress Register Optimization Related Messages                  ; Off                ; Off                ;
; Number of Removed Registers Reported in Synthesis Report         ; 5000               ; 5000               ;
; Number of Swept Nodes Reported in Synthesis Report               ; 5000               ; 5000               ;
; Number of Inverted Registers Reported in Synthesis Report        ; 100                ; 100                ;
; Clock MUX Protection                                             ; On                 ; On                 ;
; Auto Gated Clock Conversion                                      ; Off                ; Off                ;
; Block Design Naming                                              ; Auto               ; Auto               ;
; SDC constraint protection                                        ; Off                ; Off                ;
; Synthesis Effort                                                 ; Auto               ; Auto               ;
; Shift Register Replacement - Allow Asynchronous Clear Signal     ; On                 ; On                 ;
; Pre-Mapping Resynthesis Optimization                             ; Off                ; Off                ;
; Analysis & Synthesis Message Level                               ; Medium             ; Medium             ;
; Disable Register Merging Across Hierarchies                      ; Auto               ; Auto               ;
; Resource Aware Inference For Block RAM                           ; On                 ; On                 ;
+------------------------------------------------------------------+--------------------+--------------------+


+------------------------------------------+
; Parallel Compilation                     ;
+----------------------------+-------------+
; Processors                 ; Number      ;
+----------------------------+-------------+
; Number detected on machine ; 32          ;
; Maximum allowed            ; 16          ;
;                            ;             ;
; Average used               ; 1.00        ;
; Maximum used               ; 16          ;
;                            ;             ;
; Usage by Processor         ; % Time Used ;
;     Processor 1            ; 100.0%      ;
;     Processor 2            ;   0.0%      ;
;     Processor 3            ;   0.0%      ;
;     Processor 4            ;   0.0%      ;
;     Processor 5            ;   0.0%      ;
;     Processor 6            ;   0.0%      ;
;     Processor 7            ;   0.0%      ;
;     Processor 8            ;   0.0%      ;
;     Processors 9-16        ;   0.0%      ;
+----------------------------+-------------+


+--------------------------------------------------------------------------------------------------------------------------------------------------------------------------+
; Analysis & Synthesis Source Files Read                                                                                                                                   ;
+----------------------------------+-----------------+------------------------+----------------------------------------------------------------------------------+---------+
; File Name with User-Entered Path ; Used in Netlist ; File Type              ; File Name with Absolute Path                                                     ; Library ;
+----------------------------------+-----------------+------------------------+----------------------------------------------------------------------------------+---------+
; src/spi_master.v                 ; yes             ; User Verilog HDL File  ; /home/dayz/Labs/entrega-1-proyecto-grupo22-2024-1/ProjectDraft/src/spi_master.v  ;         ;
; src/FSM_pet.v                    ; yes             ; User Verilog HDL File  ; /home/dayz/Labs/entrega-1-proyecto-grupo22-2024-1/ProjectDraft/src/FSM_pet.v     ;         ;
; src/display_hex.v                ; yes             ; User Verilog HDL File  ; /home/dayz/Labs/entrega-1-proyecto-grupo22-2024-1/ProjectDraft/src/display_hex.v ;         ;
; src/BCDtoSSeg.v                  ; yes             ; User Verilog HDL File  ; /home/dayz/Labs/entrega-1-proyecto-grupo22-2024-1/ProjectDraft/src/BCDtoSSeg.v   ;         ;
; src/tamagotchi.v                 ; yes             ; User Verilog HDL File  ; /home/dayz/Labs/entrega-1-proyecto-grupo22-2024-1/ProjectDraft/src/tamagotchi.v  ;         ;
; src/debounce.v                   ; yes             ; User Verilog HDL File  ; /home/dayz/Labs/entrega-1-proyecto-grupo22-2024-1/ProjectDraft/src/debounce.v    ;         ;
; src/buzzer.v                     ; yes             ; User Verilog HDL File  ; /home/dayz/Labs/entrega-1-proyecto-grupo22-2024-1/ProjectDraft/src/buzzer.v      ;         ;
+----------------------------------+-----------------+------------------------+----------------------------------------------------------------------------------+---------+


+---------------------------------------------------------+
; Analysis & Synthesis Resource Usage Summary             ;
+---------------------------------------------+-----------+
; Resource                                    ; Usage     ;
+---------------------------------------------+-----------+
; Estimated Total logic elements              ; 1,094     ;
;                                             ;           ;
; Total combinational functions               ; 1083      ;
; Logic element usage by number of LUT inputs ;           ;
;     -- 4 input functions                    ; 498       ;
;     -- 3 input functions                    ; 183       ;
;     -- <=2 input functions                  ; 402       ;
;                                             ;           ;
; Logic elements by mode                      ;           ;
;     -- normal mode                          ; 769       ;
;     -- arithmetic mode                      ; 314       ;
;                                             ;           ;
; Total registers                             ; 473       ;
;     -- Dedicated logic registers            ; 473       ;
;     -- I/O registers                        ; 0         ;
;                                             ;           ;
; I/O pins                                    ; 29        ;
;                                             ;           ;
; Embedded Multiplier 9-bit elements          ; 0         ;
;                                             ;           ;
; Maximum fan-out node                        ; clk~input ;
; Maximum fan-out                             ; 457       ;
; Total fan-out                               ; 5153      ;
; Average fan-out                             ; 3.19      ;
+---------------------------------------------+-----------+


+------------------------------------------------------------------------------------------------------------------------------------------------------------------------------------------------------------------------------------------------+
; Analysis & Synthesis Resource Utilization by Entity                                                                                                                                                                                            ;
+------------------------------+---------------------+---------------------------+-------------+--------------+---------+-----------+------+--------------+---------------------------------------------------------+-------------+--------------+
; Compilation Hierarchy Node   ; Combinational ALUTs ; Dedicated Logic Registers ; Memory Bits ; DSP Elements ; DSP 9x9 ; DSP 18x18 ; Pins ; Virtual Pins ; Full Hierarchy Name                                     ; Entity Name ; Library Name ;
+------------------------------+---------------------+---------------------------+-------------+--------------+---------+-----------+------+--------------+---------------------------------------------------------+-------------+--------------+
; |tamagotchi                  ; 1083 (517)          ; 473 (212)                 ; 0           ; 0            ; 0       ; 0         ; 29   ; 0            ; |tamagotchi                                             ; tamagotchi  ; work         ;
;    |FSM_pet:pet_display|     ; 344 (298)           ; 127 (92)                  ; 0           ; 0            ; 0       ; 0         ; 0    ; 0            ; |tamagotchi|FSM_pet:pet_display                         ; FSM_pet     ; work         ;
;       |spi_master:spi|       ; 46 (46)             ; 35 (35)                   ; 0           ; 0            ; 0       ; 0         ; 0    ; 0            ; |tamagotchi|FSM_pet:pet_display|spi_master:spi          ; spi_master  ; work         ;
;    |buzzer:buzzer_inst|      ; 46 (46)             ; 35 (35)                   ; 0           ; 0            ; 0       ; 0         ; 0    ; 0            ; |tamagotchi|buzzer:buzzer_inst                          ; buzzer      ; work         ;
;    |debounce:b2_debounce|    ; 36 (36)             ; 22 (22)                   ; 0           ; 0            ; 0       ; 0         ; 0    ; 0            ; |tamagotchi|debounce:b2_debounce                        ; debounce    ; work         ;
;    |debounce:b3_debounce|    ; 36 (36)             ; 22 (22)                   ; 0           ; 0            ; 0       ; 0         ; 0    ; 0            ; |tamagotchi|debounce:b3_debounce                        ; debounce    ; work         ;
;    |debounce:b4_debounce|    ; 36 (36)             ; 22 (22)                   ; 0           ; 0            ; 0       ; 0         ; 0    ; 0            ; |tamagotchi|debounce:b4_debounce                        ; debounce    ; work         ;
;    |display_hex:seg_display| ; 68 (52)             ; 33 (33)                   ; 0           ; 0            ; 0       ; 0         ; 0    ; 0            ; |tamagotchi|display_hex:seg_display                     ; display_hex ; work         ;
;       |BCDtoSSeg:bcdtosseg|  ; 16 (16)             ; 0 (0)                     ; 0           ; 0            ; 0       ; 0         ; 0    ; 0            ; |tamagotchi|display_hex:seg_display|BCDtoSSeg:bcdtosseg ; BCDtoSSeg   ; work         ;
+------------------------------+---------------------+---------------------------+-------------+--------------+---------+-----------+------+--------------+---------------------------------------------------------+-------------+--------------+
Note: For table entries with two numbers listed, the numbers in parentheses indicate the number of resources of the given type used by the specific entity alone. The numbers listed outside of parentheses indicate the total resources of the given type used by the specific entity and all of its sub-entities in the hierarchy.


Encoding Type:  One-Hot
+-----------------------------------------------------------------------------------------------------------------------------------------------+
; State Machine - |tamagotchi|FSM_pet:pet_display|count                                                                                         ;
+-----------------+-----------------+-----------------+-----------------+-----------------+-----------------+-----------------+-----------------+
; Name            ; count.000000110 ; count.000000101 ; count.000000100 ; count.000000011 ; count.000000010 ; count.000000001 ; count.000000000 ;
+-----------------+-----------------+-----------------+-----------------+-----------------+-----------------+-----------------+-----------------+
; count.000000000 ; 0               ; 0               ; 0               ; 0               ; 0               ; 0               ; 0               ;
; count.000000001 ; 0               ; 0               ; 0               ; 0               ; 0               ; 1               ; 1               ;
; count.000000010 ; 0               ; 0               ; 0               ; 0               ; 1               ; 0               ; 1               ;
; count.000000011 ; 0               ; 0               ; 0               ; 1               ; 0               ; 0               ; 1               ;
; count.000000100 ; 0               ; 0               ; 1               ; 0               ; 0               ; 0               ; 1               ;
; count.000000101 ; 0               ; 1               ; 0               ; 0               ; 0               ; 0               ; 1               ;
; count.000000110 ; 1               ; 0               ; 0               ; 0               ; 0               ; 0               ; 1               ;
+-----------------+-----------------+-----------------+-----------------+-----------------+-----------------+-----------------+-----------------+


Encoding Type:  One-Hot
+-----------------------------------------------------------------------------+
; State Machine - |tamagotchi|FSM_pet:pet_display|state                       ;
+------------+------------+------------+------------+------------+------------+
; Name       ; state.0011 ; state.0010 ; state.0001 ; state.0000 ; state.0100 ;
+------------+------------+------------+------------+------------+------------+
; state.0000 ; 0          ; 0          ; 0          ; 0          ; 0          ;
; state.0001 ; 0          ; 0          ; 1          ; 1          ; 0          ;
; state.0010 ; 0          ; 1          ; 0          ; 1          ; 0          ;
; state.0011 ; 1          ; 0          ; 0          ; 1          ; 0          ;
; state.0100 ; 0          ; 0          ; 0          ; 1          ; 1          ;
+------------+------------+------------+------------+------------+------------+


+-------------------------------------------------------------------------------------------+
; Registers Removed During Synthesis                                                        ;
+-----------------------------------------+-------------------------------------------------+
; Register name                           ; Reason for Removal                              ;
+-----------------------------------------+-------------------------------------------------+
; FSM_pet:pet_display|cmdline[5][0]       ; Stuck at GND due to stuck port data_in          ;
; FSM_pet:pet_display|cmdline[5][1]       ; Stuck at GND due to stuck port data_in          ;
; FSM_pet:pet_display|cmdline[5][2]       ; Stuck at VCC due to stuck port data_in          ;
; FSM_pet:pet_display|cmdline[5][3]       ; Stuck at GND due to stuck port data_in          ;
; FSM_pet:pet_display|cmdline[5][4]       ; Stuck at GND due to stuck port data_in          ;
; FSM_pet:pet_display|cmdline[5][5]       ; Stuck at GND due to stuck port data_in          ;
; FSM_pet:pet_display|cmdline[5][6]       ; Stuck at VCC due to stuck port data_in          ;
; FSM_pet:pet_display|cmdline[5][7]       ; Stuck at GND due to stuck port data_in          ;
; FSM_pet:pet_display|cmdline[4][0]       ; Stuck at GND due to stuck port data_in          ;
; FSM_pet:pet_display|cmdline[4][1]       ; Stuck at GND due to stuck port data_in          ;
; FSM_pet:pet_display|cmdline[4][2]       ; Stuck at VCC due to stuck port data_in          ;
; FSM_pet:pet_display|cmdline[4][3]       ; Stuck at GND due to stuck port data_in          ;
; FSM_pet:pet_display|cmdline[4][4]       ; Stuck at GND due to stuck port data_in          ;
; FSM_pet:pet_display|cmdline[4][5]       ; Stuck at VCC due to stuck port data_in          ;
; FSM_pet:pet_display|cmdline[4][6]       ; Stuck at GND due to stuck port data_in          ;
; FSM_pet:pet_display|cmdline[4][7]       ; Stuck at VCC due to stuck port data_in          ;
; FSM_pet:pet_display|cmdline[3][0]       ; Stuck at VCC due to stuck port data_in          ;
; FSM_pet:pet_display|cmdline[3][1]       ; Stuck at GND due to stuck port data_in          ;
; FSM_pet:pet_display|cmdline[3][2]       ; Stuck at GND due to stuck port data_in          ;
; FSM_pet:pet_display|cmdline[3][3]       ; Stuck at GND due to stuck port data_in          ;
; FSM_pet:pet_display|cmdline[3][4]       ; Stuck at GND due to stuck port data_in          ;
; FSM_pet:pet_display|cmdline[3][5]       ; Stuck at GND due to stuck port data_in          ;
; FSM_pet:pet_display|cmdline[3][6]       ; Stuck at VCC due to stuck port data_in          ;
; FSM_pet:pet_display|cmdline[3][7]       ; Stuck at GND due to stuck port data_in          ;
; FSM_pet:pet_display|cmdline[2][0]       ; Stuck at GND due to stuck port data_in          ;
; FSM_pet:pet_display|cmdline[2][1]       ; Stuck at GND due to stuck port data_in          ;
; FSM_pet:pet_display|cmdline[2][2]       ; Stuck at GND due to stuck port data_in          ;
; FSM_pet:pet_display|cmdline[2][3]       ; Stuck at GND due to stuck port data_in          ;
; FSM_pet:pet_display|cmdline[2][4]       ; Stuck at GND due to stuck port data_in          ;
; FSM_pet:pet_display|cmdline[2][5]       ; Stuck at VCC due to stuck port data_in          ;
; FSM_pet:pet_display|cmdline[2][6]       ; Stuck at GND due to stuck port data_in          ;
; FSM_pet:pet_display|cmdline[2][7]       ; Stuck at VCC due to stuck port data_in          ;
; FSM_pet:pet_display|cmdline[1][0]       ; Stuck at GND due to stuck port data_in          ;
; FSM_pet:pet_display|cmdline[1][1]       ; Stuck at VCC due to stuck port data_in          ;
; FSM_pet:pet_display|cmdline[1][2]       ; Stuck at GND due to stuck port data_in          ;
; FSM_pet:pet_display|cmdline[1][3]       ; Stuck at GND due to stuck port data_in          ;
; FSM_pet:pet_display|cmdline[1][4]       ; Stuck at GND due to stuck port data_in          ;
; FSM_pet:pet_display|cmdline[1][5]       ; Stuck at GND due to stuck port data_in          ;
; FSM_pet:pet_display|cmdline[1][6]       ; Stuck at VCC due to stuck port data_in          ;
; FSM_pet:pet_display|cmdline[1][7]       ; Stuck at GND due to stuck port data_in          ;
; FSM_pet:pet_display|cmdline[0][0]       ; Stuck at GND due to stuck port data_in          ;
; FSM_pet:pet_display|cmdline[0][1]       ; Stuck at GND due to stuck port data_in          ;
; FSM_pet:pet_display|cmdline[0][2]       ; Stuck at GND due to stuck port data_in          ;
; FSM_pet:pet_display|cmdline[0][3]       ; Stuck at GND due to stuck port data_in          ;
; FSM_pet:pet_display|cmdline[0][4]       ; Stuck at GND due to stuck port data_in          ;
; FSM_pet:pet_display|cmdline[0][5]       ; Stuck at VCC due to stuck port data_in          ;
; FSM_pet:pet_display|cmdline[0][6]       ; Stuck at GND due to stuck port data_in          ;
; FSM_pet:pet_display|cmdline[0][7]       ; Stuck at VCC due to stuck port data_in          ;
; FSM_pet:pet_display|initline[4][0]      ; Stuck at GND due to stuck port data_in          ;
; FSM_pet:pet_display|initline[4][1]      ; Stuck at GND due to stuck port data_in          ;
; FSM_pet:pet_display|initline[4][2]      ; Stuck at GND due to stuck port data_in          ;
; FSM_pet:pet_display|initline[4][3]      ; Stuck at GND due to stuck port data_in          ;
; FSM_pet:pet_display|initline[4][4]      ; Stuck at GND due to stuck port data_in          ;
; FSM_pet:pet_display|initline[4][5]      ; Stuck at GND due to stuck port data_in          ;
; FSM_pet:pet_display|initline[4][6]      ; Stuck at GND due to stuck port data_in          ;
; FSM_pet:pet_display|initline[4][7]      ; Stuck at VCC due to stuck port data_in          ;
; FSM_pet:pet_display|initline[3][0]      ; Stuck at GND due to stuck port data_in          ;
; FSM_pet:pet_display|initline[3][1]      ; Stuck at GND due to stuck port data_in          ;
; FSM_pet:pet_display|initline[3][2]      ; Stuck at VCC due to stuck port data_in          ;
; FSM_pet:pet_display|initline[3][3]      ; Stuck at VCC due to stuck port data_in          ;
; FSM_pet:pet_display|initline[3][4]      ; Stuck at GND due to stuck port data_in          ;
; FSM_pet:pet_display|initline[3][5]      ; Stuck at GND due to stuck port data_in          ;
; FSM_pet:pet_display|initline[3][6]      ; Stuck at GND due to stuck port data_in          ;
; FSM_pet:pet_display|initline[3][7]      ; Stuck at GND due to stuck port data_in          ;
; FSM_pet:pet_display|initline[2][0]      ; Stuck at GND due to stuck port data_in          ;
; FSM_pet:pet_display|initline[2][1]      ; Stuck at GND due to stuck port data_in          ;
; FSM_pet:pet_display|initline[2][2]      ; Stuck at GND due to stuck port data_in          ;
; FSM_pet:pet_display|initline[2][3]      ; Stuck at GND due to stuck port data_in          ;
; FSM_pet:pet_display|initline[2][4]      ; Stuck at GND due to stuck port data_in          ;
; FSM_pet:pet_display|initline[2][5]      ; Stuck at VCC due to stuck port data_in          ;
; FSM_pet:pet_display|initline[2][6]      ; Stuck at GND due to stuck port data_in          ;
; FSM_pet:pet_display|initline[2][7]      ; Stuck at GND due to stuck port data_in          ;
; FSM_pet:pet_display|initline[1][0]      ; Stuck at GND due to stuck port data_in          ;
; FSM_pet:pet_display|initline[1][1]      ; Stuck at GND due to stuck port data_in          ;
; FSM_pet:pet_display|initline[1][2]      ; Stuck at GND due to stuck port data_in          ;
; FSM_pet:pet_display|initline[1][3]      ; Stuck at GND due to stuck port data_in          ;
; FSM_pet:pet_display|initline[1][4]      ; Stuck at VCC due to stuck port data_in          ;
; FSM_pet:pet_display|initline[1][5]      ; Stuck at GND due to stuck port data_in          ;
; FSM_pet:pet_display|initline[1][6]      ; Stuck at GND due to stuck port data_in          ;
; FSM_pet:pet_display|initline[1][7]      ; Stuck at VCC due to stuck port data_in          ;
; FSM_pet:pet_display|initline[0][0]      ; Stuck at VCC due to stuck port data_in          ;
; FSM_pet:pet_display|initline[0][1]      ; Stuck at GND due to stuck port data_in          ;
; FSM_pet:pet_display|initline[0][2]      ; Stuck at GND due to stuck port data_in          ;
; FSM_pet:pet_display|initline[0][3]      ; Stuck at GND due to stuck port data_in          ;
; FSM_pet:pet_display|initline[0][4]      ; Stuck at GND due to stuck port data_in          ;
; FSM_pet:pet_display|initline[0][5]      ; Stuck at VCC due to stuck port data_in          ;
; FSM_pet:pet_display|initline[0][6]      ; Stuck at GND due to stuck port data_in          ;
; FSM_pet:pet_display|initline[0][7]      ; Stuck at GND due to stuck port data_in          ;
; FSM_pet:pet_display|iconline[3][6]      ; Stuck at GND due to stuck port data_in          ;
; FSM_pet:pet_display|iconline[4][2]      ; Stuck at GND due to stuck port data_in          ;
; FSM_pet:pet_display|iconline[4][1]      ; Stuck at GND due to stuck port data_in          ;
; FSM_pet:pet_display|iconline[6][6]      ; Stuck at GND due to stuck port data_in          ;
; FSM_pet:pet_display|iconline[7][0]      ; Stuck at GND due to stuck port data_in          ;
; FSM_pet:pet_display|iconline[1][3]      ; Stuck at GND due to stuck port data_in          ;
; FSM_pet:pet_display|iconline[1][6]      ; Stuck at GND due to stuck port data_in          ;
; FSM_pet:pet_display|iconline[0][0]      ; Stuck at GND due to stuck port data_in          ;
; FSM_pet:pet_display|dataline[15][2]     ; Stuck at GND due to stuck port data_in          ;
; FSM_pet:pet_display|dataline[15][3]     ; Stuck at GND due to stuck port data_in          ;
; FSM_pet:pet_display|dataline[15][4]     ; Stuck at GND due to stuck port data_in          ;
; FSM_pet:pet_display|dataline[15][6]     ; Stuck at GND due to stuck port data_in          ;
; FSM_pet:pet_display|dataline[15][7]     ; Stuck at GND due to stuck port data_in          ;
; FSM_pet:pet_display|dataline[14][3]     ; Stuck at GND due to stuck port data_in          ;
; FSM_pet:pet_display|dataline[14][4]     ; Stuck at GND due to stuck port data_in          ;
; FSM_pet:pet_display|dataline[14][6]     ; Stuck at GND due to stuck port data_in          ;
; FSM_pet:pet_display|dataline[13][0]     ; Stuck at VCC due to stuck port data_in          ;
; FSM_pet:pet_display|dataline[13][1]     ; Stuck at GND due to stuck port data_in          ;
; FSM_pet:pet_display|dataline[13][2]     ; Stuck at GND due to stuck port data_in          ;
; FSM_pet:pet_display|dataline[13][3]     ; Stuck at VCC due to stuck port data_in          ;
; FSM_pet:pet_display|dataline[13][5]     ; Stuck at GND due to stuck port data_in          ;
; FSM_pet:pet_display|dataline[13][6]     ; Stuck at GND due to stuck port data_in          ;
; FSM_pet:pet_display|dataline[13][7]     ; Stuck at GND due to stuck port data_in          ;
; FSM_pet:pet_display|dataline[12][0]     ; Stuck at VCC due to stuck port data_in          ;
; FSM_pet:pet_display|dataline[12][1]     ; Stuck at GND due to stuck port data_in          ;
; FSM_pet:pet_display|dataline[12][2]     ; Stuck at GND due to stuck port data_in          ;
; FSM_pet:pet_display|dataline[12][3]     ; Stuck at GND due to stuck port data_in          ;
; FSM_pet:pet_display|dataline[12][4]     ; Stuck at GND due to stuck port data_in          ;
; FSM_pet:pet_display|dataline[12][5]     ; Stuck at GND due to stuck port data_in          ;
; FSM_pet:pet_display|dataline[11][4]     ; Stuck at GND due to stuck port data_in          ;
; FSM_pet:pet_display|dataline[11][6]     ; Stuck at GND due to stuck port data_in          ;
; FSM_pet:pet_display|dataline[10][0]     ; Stuck at VCC due to stuck port data_in          ;
; FSM_pet:pet_display|dataline[10][5]     ; Stuck at VCC due to stuck port data_in          ;
; FSM_pet:pet_display|dataline[10][7]     ; Stuck at VCC due to stuck port data_in          ;
; FSM_pet:pet_display|dataline[9][0]      ; Stuck at VCC due to stuck port data_in          ;
; FSM_pet:pet_display|dataline[9][1]      ; Stuck at GND due to stuck port data_in          ;
; FSM_pet:pet_display|dataline[9][2]      ; Stuck at GND due to stuck port data_in          ;
; FSM_pet:pet_display|dataline[9][5]      ; Stuck at GND due to stuck port data_in          ;
; FSM_pet:pet_display|dataline[9][6]      ; Stuck at GND due to stuck port data_in          ;
; FSM_pet:pet_display|dataline[9][7]      ; Stuck at GND due to stuck port data_in          ;
; FSM_pet:pet_display|dataline[8][0]      ; Stuck at VCC due to stuck port data_in          ;
; FSM_pet:pet_display|dataline[8][1]      ; Stuck at VCC due to stuck port data_in          ;
; FSM_pet:pet_display|dataline[8][2]      ; Stuck at VCC due to stuck port data_in          ;
; FSM_pet:pet_display|dataline[8][4]      ; Stuck at GND due to stuck port data_in          ;
; FSM_pet:pet_display|dataline[8][5]      ; Stuck at GND due to stuck port data_in          ;
; FSM_pet:pet_display|dataline[8][6]      ; Stuck at GND due to stuck port data_in          ;
; FSM_pet:pet_display|dataline[8][7]      ; Stuck at GND due to stuck port data_in          ;
; FSM_pet:pet_display|dataline[7][3]      ; Stuck at GND due to stuck port data_in          ;
; FSM_pet:pet_display|dataline[7][4]      ; Stuck at GND due to stuck port data_in          ;
; FSM_pet:pet_display|dataline[7][5]      ; Stuck at VCC due to stuck port data_in          ;
; FSM_pet:pet_display|dataline[7][6]      ; Stuck at GND due to stuck port data_in          ;
; FSM_pet:pet_display|dataline[7][7]      ; Stuck at GND due to stuck port data_in          ;
; FSM_pet:pet_display|dataline[6][3]      ; Stuck at GND due to stuck port data_in          ;
; FSM_pet:pet_display|dataline[6][4]      ; Stuck at GND due to stuck port data_in          ;
; FSM_pet:pet_display|dataline[6][5]      ; Stuck at VCC due to stuck port data_in          ;
; FSM_pet:pet_display|dataline[6][7]      ; Stuck at GND due to stuck port data_in          ;
; FSM_pet:pet_display|dataline[5][3]      ; Stuck at GND due to stuck port data_in          ;
; FSM_pet:pet_display|dataline[5][6]      ; Stuck at GND due to stuck port data_in          ;
; FSM_pet:pet_display|dataline[4][0]      ; Stuck at GND due to stuck port data_in          ;
; FSM_pet:pet_display|dataline[4][6]      ; Stuck at GND due to stuck port data_in          ;
; FSM_pet:pet_display|dataline[3][0]      ; Stuck at GND due to stuck port data_in          ;
; FSM_pet:pet_display|dataline[3][5]      ; Stuck at GND due to stuck port data_in          ;
; FSM_pet:pet_display|dataline[3][6]      ; Stuck at GND due to stuck port data_in          ;
; FSM_pet:pet_display|dataline[2][2]      ; Stuck at GND due to stuck port data_in          ;
; FSM_pet:pet_display|dataline[2][3]      ; Stuck at GND due to stuck port data_in          ;
; FSM_pet:pet_display|dataline[2][4]      ; Stuck at GND due to stuck port data_in          ;
; FSM_pet:pet_display|dataline[2][7]      ; Stuck at GND due to stuck port data_in          ;
; FSM_pet:pet_display|dataline[1][1]      ; Stuck at GND due to stuck port data_in          ;
; FSM_pet:pet_display|dataline[1][2]      ; Stuck at GND due to stuck port data_in          ;
; FSM_pet:pet_display|dataline[1][3]      ; Stuck at GND due to stuck port data_in          ;
; FSM_pet:pet_display|dataline[1][5]      ; Stuck at GND due to stuck port data_in          ;
; FSM_pet:pet_display|dataline[1][6]      ; Stuck at GND due to stuck port data_in          ;
; FSM_pet:pet_display|dataline[1][7]      ; Stuck at GND due to stuck port data_in          ;
; FSM_pet:pet_display|dataline[0][0]      ; Stuck at GND due to stuck port data_in          ;
; FSM_pet:pet_display|dataline[0][4]      ; Stuck at GND due to stuck port data_in          ;
; FSM_pet:pet_display|dataline[0][5]      ; Stuck at GND due to stuck port data_in          ;
; FSM_pet:pet_display|dataline[0][6]      ; Stuck at GND due to stuck port data_in          ;
; FSM_pet:pet_display|dataline[0][7]      ; Stuck at GND due to stuck port data_in          ;
; FSM_pet:pet_display|dataline[0][2]      ; Merged with FSM_pet:pet_display|dataline[0][1]  ;
; FSM_pet:pet_display|dataline[0][3]      ; Merged with FSM_pet:pet_display|dataline[0][1]  ;
; FSM_pet:pet_display|dataline[11][1]     ; Merged with FSM_pet:pet_display|dataline[0][1]  ;
; FSM_pet:pet_display|dataline[11][2]     ; Merged with FSM_pet:pet_display|dataline[0][1]  ;
; FSM_pet:pet_display|dataline[11][3]     ; Merged with FSM_pet:pet_display|dataline[0][1]  ;
; FSM_pet:pet_display|dataline[11][5]     ; Merged with FSM_pet:pet_display|dataline[0][1]  ;
; FSM_pet:pet_display|dataline[11][7]     ; Merged with FSM_pet:pet_display|dataline[0][1]  ;
; FSM_pet:pet_display|dataline[12][6]     ; Merged with FSM_pet:pet_display|dataline[0][1]  ;
; FSM_pet:pet_display|dataline[14][1]     ; Merged with FSM_pet:pet_display|dataline[0][1]  ;
; FSM_pet:pet_display|dataline[14][2]     ; Merged with FSM_pet:pet_display|dataline[0][1]  ;
; FSM_pet:pet_display|dataline[15][1]     ; Merged with FSM_pet:pet_display|dataline[0][1]  ;
; FSM_pet:pet_display|dataline[1][0]      ; Merged with FSM_pet:pet_display|dataline[0][1]  ;
; FSM_pet:pet_display|dataline[1][4]      ; Merged with FSM_pet:pet_display|dataline[0][1]  ;
; FSM_pet:pet_display|dataline[2][5]      ; Merged with FSM_pet:pet_display|dataline[0][1]  ;
; FSM_pet:pet_display|dataline[2][6]      ; Merged with FSM_pet:pet_display|dataline[0][1]  ;
; FSM_pet:pet_display|dataline[3][7]      ; Merged with FSM_pet:pet_display|dataline[0][1]  ;
; FSM_pet:pet_display|dataline[4][7]      ; Merged with FSM_pet:pet_display|dataline[0][1]  ;
; FSM_pet:pet_display|dataline[5][7]      ; Merged with FSM_pet:pet_display|dataline[0][1]  ;
; FSM_pet:pet_display|dataline[6][6]      ; Merged with FSM_pet:pet_display|dataline[0][1]  ;
; FSM_pet:pet_display|dataline[8][3]      ; Merged with FSM_pet:pet_display|dataline[0][1]  ;
; FSM_pet:pet_display|dataline[9][4]      ; Merged with FSM_pet:pet_display|dataline[0][1]  ;
; FSM_pet:pet_display|dataline[10][2]     ; Merged with FSM_pet:pet_display|dataline[10][1] ;
; FSM_pet:pet_display|dataline[10][3]     ; Merged with FSM_pet:pet_display|dataline[10][1] ;
; FSM_pet:pet_display|dataline[10][4]     ; Merged with FSM_pet:pet_display|dataline[10][1] ;
; FSM_pet:pet_display|dataline[10][6]     ; Merged with FSM_pet:pet_display|dataline[10][1] ;
; FSM_pet:pet_display|dataline[11][0]     ; Merged with FSM_pet:pet_display|dataline[10][1] ;
; FSM_pet:pet_display|dataline[12][7]     ; Merged with FSM_pet:pet_display|dataline[10][1] ;
; FSM_pet:pet_display|dataline[13][4]     ; Merged with FSM_pet:pet_display|dataline[10][1] ;
; FSM_pet:pet_display|dataline[14][0]     ; Merged with FSM_pet:pet_display|dataline[10][1] ;
; FSM_pet:pet_display|dataline[14][5]     ; Merged with FSM_pet:pet_display|dataline[10][1] ;
; FSM_pet:pet_display|dataline[14][7]     ; Merged with FSM_pet:pet_display|dataline[10][1] ;
; FSM_pet:pet_display|dataline[15][0]     ; Merged with FSM_pet:pet_display|dataline[10][1] ;
; FSM_pet:pet_display|dataline[15][5]     ; Merged with FSM_pet:pet_display|dataline[10][1] ;
; FSM_pet:pet_display|dataline[2][0]      ; Merged with FSM_pet:pet_display|dataline[10][1] ;
; FSM_pet:pet_display|dataline[2][1]      ; Merged with FSM_pet:pet_display|dataline[10][1] ;
; FSM_pet:pet_display|dataline[3][3]      ; Merged with FSM_pet:pet_display|dataline[10][1] ;
; FSM_pet:pet_display|dataline[5][5]      ; Merged with FSM_pet:pet_display|dataline[10][1] ;
; FSM_pet:pet_display|dataline[9][3]      ; Merged with FSM_pet:pet_display|dataline[10][1] ;
; FSM_pet:pet_display|iconline[1][2]      ; Merged with FSM_pet:pet_display|iconline[0][7]  ;
; FSM_pet:pet_display|iconline[4][7]      ; Merged with FSM_pet:pet_display|iconline[0][7]  ;
; FSM_pet:pet_display|iconline[6][2]      ; Merged with FSM_pet:pet_display|iconline[0][7]  ;
; FSM_pet:pet_display|iconline[0][5]      ; Merged with FSM_pet:pet_display|iconline[0][1]  ;
; FSM_pet:pet_display|iconline[0][6]      ; Merged with FSM_pet:pet_display|iconline[0][1]  ;
; FSM_pet:pet_display|iconline[1][0]      ; Merged with FSM_pet:pet_display|iconline[0][1]  ;
; FSM_pet:pet_display|iconline[1][7]      ; Merged with FSM_pet:pet_display|iconline[0][1]  ;
; FSM_pet:pet_display|iconline[5][1]      ; Merged with FSM_pet:pet_display|iconline[0][1]  ;
; FSM_pet:pet_display|iconline[5][2]      ; Merged with FSM_pet:pet_display|iconline[0][1]  ;
; FSM_pet:pet_display|iconline[6][0]      ; Merged with FSM_pet:pet_display|iconline[0][1]  ;
; FSM_pet:pet_display|iconline[7][1]      ; Merged with FSM_pet:pet_display|iconline[0][1]  ;
; FSM_pet:pet_display|iconline[5][5]      ; Merged with FSM_pet:pet_display|iconline[2][7]  ;
; FSM_pet:pet_display|dataline[6][0]      ; Merged with FSM_pet:pet_display|dataline[4][5]  ;
; FSM_pet:pet_display|iconline[6][5]      ; Merged with FSM_pet:pet_display|iconline[1][5]  ;
; FSM_pet:pet_display|dataline[5][4]      ; Merged with FSM_pet:pet_display|dataline[4][3]  ;
; FSM_pet:pet_display|iconline[5][3]      ; Merged with FSM_pet:pet_display|iconline[2][1]  ;
; FSM_pet:pet_display|iconline[5][7]      ; Merged with FSM_pet:pet_display|iconline[2][1]  ;
; FSM_pet:pet_display|iconline[3][2]      ; Merged with FSM_pet:pet_display|iconline[3][1]  ;
; FSM_pet:pet_display|iconline[3][5]      ; Merged with FSM_pet:pet_display|iconline[3][1]  ;
; FSM_pet:pet_display|iconline[6][3]      ; Merged with FSM_pet:pet_display|iconline[3][1]  ;
; FSM_pet:pet_display|iconline[7][7]      ; Merged with FSM_pet:pet_display|iconline[3][1]  ;
; FSM_pet:pet_display|iconline[2][6]      ; Merged with FSM_pet:pet_display|iconline[2][2]  ;
; FSM_pet:pet_display|iconline[3][3]      ; Merged with FSM_pet:pet_display|iconline[2][2]  ;
; FSM_pet:pet_display|iconline[4][3]      ; Merged with FSM_pet:pet_display|iconline[2][2]  ;
; FSM_pet:pet_display|iconline[4][6]      ; Merged with FSM_pet:pet_display|iconline[4][5]  ;
; FSM_pet:pet_display|iconline[7][5]      ; Merged with FSM_pet:pet_display|iconline[2][4]  ;
; FSM_pet:pet_display|iconline[7][6]      ; Merged with FSM_pet:pet_display|iconline[2][4]  ;
; FSM_pet:pet_display|iconline[0][3]      ; Merged with FSM_pet:pet_display|iconline[0][2]  ;
; FSM_pet:pet_display|iconline[0][4]      ; Merged with FSM_pet:pet_display|iconline[0][2]  ;
; FSM_pet:pet_display|iconline[3][4]      ; Merged with FSM_pet:pet_display|iconline[2][0]  ;
; FSM_pet:pet_display|iconline[4][4]      ; Merged with FSM_pet:pet_display|iconline[2][0]  ;
; FSM_pet:pet_display|iconline[5][0]      ; Merged with FSM_pet:pet_display|iconline[2][0]  ;
; FSM_pet:pet_display|iconline[7][2]      ; Merged with FSM_pet:pet_display|iconline[2][0]  ;
; FSM_pet:pet_display|iconline[7][4]      ; Merged with FSM_pet:pet_display|iconline[7][3]  ;
; FSM_pet:pet_display|dataline[4][1]      ; Merged with FSM_pet:pet_display|dataline[3][2]  ;
; FSM_pet:pet_display|dataline[5][2]      ; Merged with FSM_pet:pet_display|dataline[4][2]  ;
; FSM_pet:pet_display|dataline[6][2]      ; Merged with FSM_pet:pet_display|dataline[4][2]  ;
; FSM_pet:pet_display|dataline[7][1]      ; Merged with FSM_pet:pet_display|dataline[5][1]  ;
; FSM_pet:pet_display|iconline[4][0]      ; Merged with FSM_pet:pet_display|iconline[3][0]  ;
; FSM_pet:pet_display|count~9             ; Lost fanout                                     ;
; FSM_pet:pet_display|count~10            ; Lost fanout                                     ;
; FSM_pet:pet_display|count~11            ; Lost fanout                                     ;
; FSM_pet:pet_display|count~12            ; Lost fanout                                     ;
; FSM_pet:pet_display|count~13            ; Lost fanout                                     ;
; FSM_pet:pet_display|count~14            ; Lost fanout                                     ;
; FSM_pet:pet_display|count~15            ; Lost fanout                                     ;
; FSM_pet:pet_display|count~16            ; Lost fanout                                     ;
; FSM_pet:pet_display|count~17            ; Lost fanout                                     ;
; FSM_pet:pet_display|state~7             ; Lost fanout                                     ;
; FSM_pet:pet_display|state~8             ; Lost fanout                                     ;
; FSM_pet:pet_display|state~10            ; Lost fanout                                     ;
; display_hex:seg_display|cfreq[17..26]   ; Lost fanout                                     ;
; Total Number of Removed Registers = 265 ;                                                 ;
+-----------------------------------------+-------------------------------------------------+


+------------------------------------------------------+
; General Register Statistics                          ;
+----------------------------------------------+-------+
; Statistic                                    ; Value ;
+----------------------------------------------+-------+
; Total registers                              ; 473   ;
; Number of registers using Synchronous Clear  ; 262   ;
; Number of registers using Synchronous Load   ; 25    ;
; Number of registers using Asynchronous Clear ; 297   ;
; Number of registers using Asynchronous Load  ; 0     ;
; Number of registers using Clock Enable       ; 245   ;
; Number of registers using Preset             ; 0     ;
+----------------------------------------------+-------+


+---------------------------------------------------+
; Inverted Register Statistics                      ;
+-----------------------------------------+---------+
; Inverted Register                       ; Fan out ;
+-----------------------------------------+---------+
; FSM_pet:pet_display|spi_master:spi|ce   ; 1       ;
; buzzer:buzzer_inst|buzzer_out           ; 2       ;
; bath_state[0]                           ; 8       ;
; music_state[0]                          ; 6       ;
; food_state[0]                           ; 8       ;
; sleep_state[0]                          ; 7       ;
; exercise_state[0]                       ; 8       ;
; health_state[0]                         ; 11      ;
; exercise_state[1]                       ; 6       ;
; bath_state[1]                           ; 6       ;
; food_state[1]                           ; 6       ;
; sleep_state[1]                          ; 5       ;
; music_state[1]                          ; 5       ;
; health_state[1]                         ; 7       ;
; bath_state[2]                           ; 5       ;
; food_state[2]                           ; 5       ;
; sleep_state[2]                          ; 4       ;
; music_state[2]                          ; 5       ;
; exercise_state[2]                       ; 5       ;
; health_state[2]                         ; 9       ;
; Total number of inverted registers = 20 ;         ;
+-----------------------------------------+---------+


+---------------------------------------------------------------------------------------------------------------------------------------------------------------------------+
; Multiplexer Restructuring Statistics (Restructuring Performed)                                                                                                            ;
+--------------------+-----------+---------------+----------------------+------------------------+------------+-------------------------------------------------------------+
; Multiplexer Inputs ; Bus Width ; Baseline Area ; Area if Restructured ; Saving if Restructured ; Registered ; Example Multiplexer Output                                  ;
+--------------------+-----------+---------------+----------------------+------------------------+------------+-------------------------------------------------------------+
; 3:1                ; 6 bits    ; 12 LEs        ; 6 LEs                ; 6 LEs                  ; Yes        ; |tamagotchi|FSM_pet:pet_display|iconindex[0]                ;
; 4:1                ; 2 bits    ; 4 LEs         ; 4 LEs                ; 0 LEs                  ; Yes        ; |tamagotchi|FSM_pet:pet_display|iconline[1][1]              ;
; 3:1                ; 28 bits   ; 56 LEs        ; 28 LEs               ; 28 LEs                 ; Yes        ; |tamagotchi|test_timer[21]                                  ;
; 3:1                ; 4 bits    ; 8 LEs         ; 4 LEs                ; 4 LEs                  ; Yes        ; |tamagotchi|FSM_pet:pet_display|spi_master:spi|bit_count[0] ;
; 3:1                ; 7 bits    ; 14 LEs        ; 7 LEs                ; 7 LEs                  ; Yes        ; |tamagotchi|FSM_pet:pet_display|spi_master:spi|shift_reg[6] ;
; 3:1                ; 3 bits    ; 6 LEs         ; 3 LEs                ; 3 LEs                  ; Yes        ; |tamagotchi|current[2]                                      ;
; 3:1                ; 32 bits   ; 64 LEs        ; 32 LEs               ; 32 LEs                 ; Yes        ; |tamagotchi|buzzer:buzzer_inst|counter[6]                   ;
; 3:1                ; 8 bits    ; 16 LEs        ; 8 LEs                ; 8 LEs                  ; Yes        ; |tamagotchi|sleep_timer[0]                                  ;
; 3:1                ; 8 bits    ; 16 LEs        ; 8 LEs                ; 8 LEs                  ; Yes        ; |tamagotchi|food_timer[7]                                   ;
; 3:1                ; 8 bits    ; 16 LEs        ; 8 LEs                ; 8 LEs                  ; Yes        ; |tamagotchi|bath_timer[5]                                   ;
; 3:1                ; 8 bits    ; 16 LEs        ; 8 LEs                ; 8 LEs                  ; Yes        ; |tamagotchi|music_timer[7]                                  ;
; 3:1                ; 8 bits    ; 16 LEs        ; 8 LEs                ; 8 LEs                  ; Yes        ; |tamagotchi|exercise_timer[6]                               ;
; 8:1                ; 21 bits   ; 105 LEs       ; 84 LEs               ; 21 LEs                 ; Yes        ; |tamagotchi|FSM_pet:pet_display|iconline[6][4]              ;
; 4:1                ; 28 bits   ; 56 LEs        ; 28 LEs               ; 28 LEs                 ; Yes        ; |tamagotchi|sleep_hold_timer[1]                             ;
; 4:1                ; 28 bits   ; 56 LEs        ; 28 LEs               ; 28 LEs                 ; Yes        ; |tamagotchi|music_hold_timer[14]                            ;
; 8:1                ; 13 bits   ; 65 LEs        ; 52 LEs               ; 13 LEs                 ; Yes        ; |tamagotchi|FSM_pet:pet_display|dataline[5][0]              ;
; 4:1                ; 6 bits    ; 12 LEs        ; 6 LEs                ; 6 LEs                  ; Yes        ; |tamagotchi|FSM_pet:pet_display|initindex[5]                ;
; 5:1                ; 21 bits   ; 63 LEs        ; 21 LEs               ; 42 LEs                 ; Yes        ; |tamagotchi|debounce:b2_debounce|counter[3]                 ;
; 5:1                ; 21 bits   ; 63 LEs        ; 21 LEs               ; 42 LEs                 ; Yes        ; |tamagotchi|debounce:b3_debounce|counter[0]                 ;
; 5:1                ; 21 bits   ; 63 LEs        ; 21 LEs               ; 42 LEs                 ; Yes        ; |tamagotchi|debounce:b4_debounce|counter[16]                ;
; 11:1               ; 5 bits    ; 35 LEs        ; 15 LEs               ; 20 LEs                 ; Yes        ; |tamagotchi|FSM_pet:pet_display|cmdindex[3]                 ;
; 17:1               ; 6 bits    ; 66 LEs        ; 24 LEs               ; 42 LEs                 ; Yes        ; |tamagotchi|FSM_pet:pet_display|dataindex[1]                ;
; 17:1               ; 28 bits   ; 308 LEs       ; 28 LEs               ; 280 LEs                ; Yes        ; |tamagotchi|face_timer[11]                                  ;
; 20:1               ; 2 bits    ; 26 LEs        ; 12 LEs               ; 14 LEs                 ; Yes        ; |tamagotchi|face[0]                                         ;
; 4:1                ; 2 bits    ; 4 LEs         ; 2 LEs                ; 2 LEs                  ; Yes        ; |tamagotchi|sleep_state[1]                                  ;
; 4:1                ; 2 bits    ; 4 LEs         ; 2 LEs                ; 2 LEs                  ; Yes        ; |tamagotchi|food_state[1]                                   ;
; 4:1                ; 2 bits    ; 4 LEs         ; 2 LEs                ; 2 LEs                  ; Yes        ; |tamagotchi|bath_state[1]                                   ;
; 4:1                ; 2 bits    ; 4 LEs         ; 2 LEs                ; 2 LEs                  ; Yes        ; |tamagotchi|music_state[2]                                  ;
; 4:1                ; 2 bits    ; 4 LEs         ; 2 LEs                ; 2 LEs                  ; Yes        ; |tamagotchi|exercise_state[2]                               ;
; 16:1               ; 2 bits    ; 20 LEs        ; 2 LEs                ; 18 LEs                 ; Yes        ; |tamagotchi|health_state[2]                                 ;
; 10:1               ; 5 bits    ; 30 LEs        ; 20 LEs               ; 10 LEs                 ; No         ; |tamagotchi|FSM_pet:pet_display|state                       ;
; 24:1               ; 7 bits    ; 112 LEs       ; 42 LEs               ; 70 LEs                 ; No         ; |tamagotchi|FSM_pet:pet_display|count                       ;
+--------------------+-----------+---------------+----------------------+------------------------+------------+-------------------------------------------------------------+


+-------------------------------------------------------------------+
; Parameter Settings for User Entity Instance: debounce:b2_debounce ;
+----------------+---------+----------------------------------------+
; Parameter Name ; Value   ; Type                                   ;
+----------------+---------+----------------------------------------+
; COUNT_BOT      ; 1500000 ; Signed Integer                         ;
+----------------+---------+----------------------------------------+
Note: In order to hide this table in the UI and the text report file, please set the "Show Parameter Settings in Synthesis Report" option in "Analysis and Synthesis Settings -> More Settings" to "Off".


+-------------------------------------------------------------------+
; Parameter Settings for User Entity Instance: debounce:b3_debounce ;
+----------------+---------+----------------------------------------+
; Parameter Name ; Value   ; Type                                   ;
+----------------+---------+----------------------------------------+
; COUNT_BOT      ; 1500000 ; Signed Integer                         ;
+----------------+---------+----------------------------------------+
Note: In order to hide this table in the UI and the text report file, please set the "Show Parameter Settings in Synthesis Report" option in "Analysis and Synthesis Settings -> More Settings" to "Off".


+-------------------------------------------------------------------+
; Parameter Settings for User Entity Instance: debounce:b4_debounce ;
+----------------+---------+----------------------------------------+
; Parameter Name ; Value   ; Type                                   ;
+----------------+---------+----------------------------------------+
; COUNT_BOT      ; 1500000 ; Signed Integer                         ;
+----------------+---------+----------------------------------------+
Note: In order to hide this table in the UI and the text report file, please set the "Show Parameter Settings in Synthesis Report" option in "Analysis and Synthesis Settings -> More Settings" to "Off".


+------------------------------------------------------------------+
; Parameter Settings for User Entity Instance: FSM_pet:pet_display ;
+----------------+-------+-----------------------------------------+
; Parameter Name ; Value ; Type                                    ;
+----------------+-------+-----------------------------------------+
; INIT           ; 0000  ; Unsigned Binary                         ;
; WIPE           ; 0001  ; Unsigned Binary                         ;
; WAIT           ; 0010  ; Unsigned Binary                         ;
; DRAWPET        ; 0011  ; Unsigned Binary                         ;
; DRAWICON       ; 0100  ; Unsigned Binary                         ;
+----------------+-------+-----------------------------------------+
Note: In order to hide this table in the UI and the text report file, please set the "Show Parameter Settings in Synthesis Report" option in "Analysis and Synthesis Settings -> More Settings" to "Off".


+-----------------------------------------------------------------+
; Parameter Settings for User Entity Instance: buzzer:buzzer_inst ;
+----------------+----------+-------------------------------------+
; Parameter Name ; Value    ; Type                                ;
+----------------+----------+-------------------------------------+
; CLK_FREQ       ; 50000000 ; Signed Integer                      ;
; DURATION       ; 1        ; Signed Integer                      ;
+----------------+----------+-------------------------------------+
Note: In order to hide this table in the UI and the text report file, please set the "Show Parameter Settings in Synthesis Report" option in "Analysis and Synthesis Settings -> More Settings" to "Off".


+-----------------------------------------------------+
; Port Connectivity Checks: "display_hex:seg_display" ;
+-------------+-------+----------+--------------------+
; Port        ; Type  ; Severity ; Details            ;
+-------------+-------+----------+--------------------+
; num[12..11] ; Input ; Info     ; Stuck at VCC       ;
; num[23]     ; Input ; Info     ; Stuck at GND       ;
; num[10]     ; Input ; Info     ; Stuck at GND       ;
; num[9]      ; Input ; Info     ; Stuck at VCC       ;
; num[8]      ; Input ; Info     ; Stuck at GND       ;
; num[5]      ; Input ; Info     ; Stuck at VCC       ;
; num[3]      ; Input ; Info     ; Stuck at GND       ;
+-------------+-------+----------+--------------------+


+------------------------------------------------------------------------------------------------------------------------------------------------------------------------------------------------------------------------------+
; Port Connectivity Checks: "FSM_pet:pet_display|spi_master:spi"                                                                                                                                                               ;
+--------------------+--------+----------+-------------------------------------------------------------------------------------------------------------------------------------------------------------------------------------+
; Port               ; Type   ; Severity ; Details                                                                                                                                                                             ;
+--------------------+--------+----------+-------------------------------------------------------------------------------------------------------------------------------------------------------------------------------------+
; div_factor         ; Input  ; Warning  ; Input port expression (26 bits) is wider than the input port (16 bits) it drives.  The 10 most-significant bit(s) in the expression will be dangling if they have no other fanouts. ;
; div_factor[14..11] ; Input  ; Info     ; Stuck at VCC                                                                                                                                                                        ;
; div_factor[10..7]  ; Input  ; Info     ; Stuck at GND                                                                                                                                                                        ;
; div_factor[5..0]   ; Input  ; Info     ; Stuck at GND                                                                                                                                                                        ;
; div_factor[15]     ; Input  ; Info     ; Stuck at GND                                                                                                                                                                        ;
; div_factor[6]      ; Input  ; Info     ; Stuck at VCC                                                                                                                                                                        ;
; data_out           ; Output ; Warning  ; Output or bidir port (8 bits) is wider than the port expression (1 bits) it drives; bit(s) "data_out[7..1]" have no fanouts                                                         ;
; data_out           ; Output ; Info     ; Connected to dangling logic. Logic that only feeds a dangling port will be removed.                                                                                                 ;
; busy               ; Output ; Info     ; Connected to dangling logic. Logic that only feeds a dangling port will be removed.                                                                                                 ;
; miso               ; Input  ; Warning  ; Declared by entity but not connected by instance. If a default value exists, it will be used.  Otherwise, the port will be connected to GND.                                        ;
+--------------------+--------+----------+-------------------------------------------------------------------------------------------------------------------------------------------------------------------------------------+


+-----------------------------------------------------+
; Post-Synthesis Netlist Statistics for Top Partition ;
+-----------------------+-----------------------------+
; Type                  ; Count                       ;
+-----------------------+-----------------------------+
; boundary_port         ; 29                          ;
; cycloneiii_ff         ; 473                         ;
;     CLR               ; 77                          ;
;     CLR SCLR          ; 56                          ;
;     CLR SLD           ; 1                           ;
;     ENA               ; 34                          ;
;     ENA CLR           ; 59                          ;
;     ENA CLR SCLR      ; 104                         ;
;     ENA SCLR          ; 35                          ;
;     ENA SLD           ; 13                          ;
;     SCLR              ; 67                          ;
;     SLD               ; 11                          ;
;     plain             ; 16                          ;
; cycloneiii_lcell_comb ; 1086                        ;
;     arith             ; 314                         ;
;         2 data inputs ; 308                         ;
;         3 data inputs ; 6                           ;
;     normal            ; 772                         ;
;         1 data inputs ; 37                          ;
;         2 data inputs ; 60                          ;
;         3 data inputs ; 177                         ;
;         4 data inputs ; 498                         ;
;                       ;                             ;
; Max LUT depth         ; 10.00                       ;
; Average LUT depth     ; 4.37                        ;
+-----------------------+-----------------------------+


+-------------------------------+
; Elapsed Time Per Partition    ;
+----------------+--------------+
; Partition Name ; Elapsed Time ;
+----------------+--------------+
; Top            ; 00:00:02     ;
+----------------+--------------+


+-------------------------------+
; Analysis & Synthesis Messages ;
+-------------------------------+
Info: *******************************************************************
Info: Running Quartus Prime Analysis & Synthesis
    Info: Version 23.1std.0 Build 991 11/28/2023 SC Lite Edition
    Info: Processing started: Fri Sep 20 13:08:09 2024
Info: Command: quartus_map --read_settings_files=on --write_settings_files=off tamagotchi -c tamagotchi
Warning (18236): Number of processors has not been specified which may cause overloading on shared machines.  Set the global assignment NUM_PARALLEL_PROCESSORS in your QSF to an appropriate value for best performance.
Info (20030): Parallel compilation is enabled and will use 16 of the 16 processors detected
Info (12021): Found 1 design units, including 1 entities, in source file src/spi_master.v
    Info (12023): Found entity 1: spi_master File: /home/dayz/Labs/entrega-1-proyecto-grupo22-2024-1/ProjectDraft/src/spi_master.v Line: 1
Info (12021): Found 1 design units, including 1 entities, in source file src/FSM_pet.v
    Info (12023): Found entity 1: FSM_pet File: /home/dayz/Labs/entrega-1-proyecto-grupo22-2024-1/ProjectDraft/src/FSM_pet.v Line: 1
Info (12021): Found 1 design units, including 1 entities, in source file src/display_hex.v
    Info (12023): Found entity 1: display_hex File: /home/dayz/Labs/entrega-1-proyecto-grupo22-2024-1/ProjectDraft/src/display_hex.v Line: 2
Info (12021): Found 1 design units, including 1 entities, in source file src/BCDtoSSeg.v
    Info (12023): Found entity 1: BCDtoSSeg File: /home/dayz/Labs/entrega-1-proyecto-grupo22-2024-1/ProjectDraft/src/BCDtoSSeg.v Line: 1
Info (12021): Found 1 design units, including 1 entities, in source file src/tamagotchi.v
    Info (12023): Found entity 1: tamagotchi File: /home/dayz/Labs/entrega-1-proyecto-grupo22-2024-1/ProjectDraft/src/tamagotchi.v Line: 1
Info (12021): Found 1 design units, including 1 entities, in source file src/debounce.v
    Info (12023): Found entity 1: debounce File: /home/dayz/Labs/entrega-1-proyecto-grupo22-2024-1/ProjectDraft/src/debounce.v Line: 1
Info (12021): Found 1 design units, including 1 entities, in source file src/buzzer.v
    Info (12023): Found entity 1: buzzer File: /home/dayz/Labs/entrega-1-proyecto-grupo22-2024-1/ProjectDraft/src/buzzer.v Line: 1
Warning (10236): Verilog HDL Implicit Net warning at FSM_pet.v(47): created implicit net for "data_out" File: /home/dayz/Labs/entrega-1-proyecto-grupo22-2024-1/ProjectDraft/src/FSM_pet.v Line: 47
Info (12127): Elaborating entity "tamagotchi" for the top level hierarchy
Warning (10230): Verilog HDL assignment warning at tamagotchi.v(151): truncated value with size 32 to match size of target (28) File: /home/dayz/Labs/entrega-1-proyecto-grupo22-2024-1/ProjectDraft/src/tamagotchi.v Line: 151
Warning (10230): Verilog HDL assignment warning at tamagotchi.v(156): truncated value with size 32 to match size of target (8) File: /home/dayz/Labs/entrega-1-proyecto-grupo22-2024-1/ProjectDraft/src/tamagotchi.v Line: 156
Warning (10230): Verilog HDL assignment warning at tamagotchi.v(157): truncated value with size 32 to match size of target (8) File: /home/dayz/Labs/entrega-1-proyecto-grupo22-2024-1/ProjectDraft/src/tamagotchi.v Line: 157
Warning (10230): Verilog HDL assignment warning at tamagotchi.v(158): truncated value with size 32 to match size of target (8) File: /home/dayz/Labs/entrega-1-proyecto-grupo22-2024-1/ProjectDraft/src/tamagotchi.v Line: 158
Warning (10230): Verilog HDL assignment warning at tamagotchi.v(159): truncated value with size 32 to match size of target (8) File: /home/dayz/Labs/entrega-1-proyecto-grupo22-2024-1/ProjectDraft/src/tamagotchi.v Line: 159
Warning (10230): Verilog HDL assignment warning at tamagotchi.v(160): truncated value with size 32 to match size of target (8) File: /home/dayz/Labs/entrega-1-proyecto-grupo22-2024-1/ProjectDraft/src/tamagotchi.v Line: 160
Warning (10230): Verilog HDL assignment warning at tamagotchi.v(167): truncated value with size 32 to match size of target (3) File: /home/dayz/Labs/entrega-1-proyecto-grupo22-2024-1/ProjectDraft/src/tamagotchi.v Line: 167
Warning (10230): Verilog HDL assignment warning at tamagotchi.v(168): truncated value with size 32 to match size of target (3) File: /home/dayz/Labs/entrega-1-proyecto-grupo22-2024-1/ProjectDraft/src/tamagotchi.v Line: 168
Warning (10230): Verilog HDL assignment warning at tamagotchi.v(170): truncated value with size 32 to match size of target (3) File: /home/dayz/Labs/entrega-1-proyecto-grupo22-2024-1/ProjectDraft/src/tamagotchi.v Line: 170
Warning (10230): Verilog HDL assignment warning at tamagotchi.v(172): truncated value with size 32 to match size of target (3) File: /home/dayz/Labs/entrega-1-proyecto-grupo22-2024-1/ProjectDraft/src/tamagotchi.v Line: 172
Warning (10230): Verilog HDL assignment warning at tamagotchi.v(179): truncated value with size 32 to match size of target (3) File: /home/dayz/Labs/entrega-1-proyecto-grupo22-2024-1/ProjectDraft/src/tamagotchi.v Line: 179
Warning (10230): Verilog HDL assignment warning at tamagotchi.v(180): truncated value with size 32 to match size of target (3) File: /home/dayz/Labs/entrega-1-proyecto-grupo22-2024-1/ProjectDraft/src/tamagotchi.v Line: 180
Warning (10230): Verilog HDL assignment warning at tamagotchi.v(182): truncated value with size 32 to match size of target (3) File: /home/dayz/Labs/entrega-1-proyecto-grupo22-2024-1/ProjectDraft/src/tamagotchi.v Line: 182
Warning (10230): Verilog HDL assignment warning at tamagotchi.v(184): truncated value with size 32 to match size of target (3) File: /home/dayz/Labs/entrega-1-proyecto-grupo22-2024-1/ProjectDraft/src/tamagotchi.v Line: 184
Warning (10230): Verilog HDL assignment warning at tamagotchi.v(191): truncated value with size 32 to match size of target (3) File: /home/dayz/Labs/entrega-1-proyecto-grupo22-2024-1/ProjectDraft/src/tamagotchi.v Line: 191
Warning (10230): Verilog HDL assignment warning at tamagotchi.v(192): truncated value with size 32 to match size of target (3) File: /home/dayz/Labs/entrega-1-proyecto-grupo22-2024-1/ProjectDraft/src/tamagotchi.v Line: 192
Warning (10230): Verilog HDL assignment warning at tamagotchi.v(194): truncated value with size 32 to match size of target (3) File: /home/dayz/Labs/entrega-1-proyecto-grupo22-2024-1/ProjectDraft/src/tamagotchi.v Line: 194
Warning (10230): Verilog HDL assignment warning at tamagotchi.v(196): truncated value with size 32 to match size of target (3) File: /home/dayz/Labs/entrega-1-proyecto-grupo22-2024-1/ProjectDraft/src/tamagotchi.v Line: 196
Warning (10230): Verilog HDL assignment warning at tamagotchi.v(203): truncated value with size 32 to match size of target (3) File: /home/dayz/Labs/entrega-1-proyecto-grupo22-2024-1/ProjectDraft/src/tamagotchi.v Line: 203
Warning (10230): Verilog HDL assignment warning at tamagotchi.v(204): truncated value with size 32 to match size of target (3) File: /home/dayz/Labs/entrega-1-proyecto-grupo22-2024-1/ProjectDraft/src/tamagotchi.v Line: 204
Warning (10230): Verilog HDL assignment warning at tamagotchi.v(206): truncated value with size 32 to match size of target (3) File: /home/dayz/Labs/entrega-1-proyecto-grupo22-2024-1/ProjectDraft/src/tamagotchi.v Line: 206
Warning (10230): Verilog HDL assignment warning at tamagotchi.v(208): truncated value with size 32 to match size of target (3) File: /home/dayz/Labs/entrega-1-proyecto-grupo22-2024-1/ProjectDraft/src/tamagotchi.v Line: 208
Warning (10230): Verilog HDL assignment warning at tamagotchi.v(215): truncated value with size 32 to match size of target (3) File: /home/dayz/Labs/entrega-1-proyecto-grupo22-2024-1/ProjectDraft/src/tamagotchi.v Line: 215
Warning (10230): Verilog HDL assignment warning at tamagotchi.v(216): truncated value with size 32 to match size of target (3) File: /home/dayz/Labs/entrega-1-proyecto-grupo22-2024-1/ProjectDraft/src/tamagotchi.v Line: 216
Warning (10230): Verilog HDL assignment warning at tamagotchi.v(218): truncated value with size 32 to match size of target (3) File: /home/dayz/Labs/entrega-1-proyecto-grupo22-2024-1/ProjectDraft/src/tamagotchi.v Line: 218
Warning (10230): Verilog HDL assignment warning at tamagotchi.v(220): truncated value with size 32 to match size of target (3) File: /home/dayz/Labs/entrega-1-proyecto-grupo22-2024-1/ProjectDraft/src/tamagotchi.v Line: 220
Warning (10230): Verilog HDL assignment warning at tamagotchi.v(230): truncated value with size 32 to match size of target (28) File: /home/dayz/Labs/entrega-1-proyecto-grupo22-2024-1/ProjectDraft/src/tamagotchi.v Line: 230
Warning (10230): Verilog HDL assignment warning at tamagotchi.v(240): truncated value with size 32 to match size of target (3) File: /home/dayz/Labs/entrega-1-proyecto-grupo22-2024-1/ProjectDraft/src/tamagotchi.v Line: 240
Warning (10230): Verilog HDL assignment warning at tamagotchi.v(241): truncated value with size 32 to match size of target (3) File: /home/dayz/Labs/entrega-1-proyecto-grupo22-2024-1/ProjectDraft/src/tamagotchi.v Line: 241
Warning (10230): Verilog HDL assignment warning at tamagotchi.v(243): truncated value with size 32 to match size of target (3) File: /home/dayz/Labs/entrega-1-proyecto-grupo22-2024-1/ProjectDraft/src/tamagotchi.v Line: 243
Warning (10230): Verilog HDL assignment warning at tamagotchi.v(245): truncated value with size 32 to match size of target (3) File: /home/dayz/Labs/entrega-1-proyecto-grupo22-2024-1/ProjectDraft/src/tamagotchi.v Line: 245
Warning (10230): Verilog HDL assignment warning at tamagotchi.v(249): truncated value with size 32 to match size of target (3) File: /home/dayz/Labs/entrega-1-proyecto-grupo22-2024-1/ProjectDraft/src/tamagotchi.v Line: 249
Warning (10230): Verilog HDL assignment warning at tamagotchi.v(250): truncated value with size 32 to match size of target (3) File: /home/dayz/Labs/entrega-1-proyecto-grupo22-2024-1/ProjectDraft/src/tamagotchi.v Line: 250
Warning (10230): Verilog HDL assignment warning at tamagotchi.v(252): truncated value with size 32 to match size of target (3) File: /home/dayz/Labs/entrega-1-proyecto-grupo22-2024-1/ProjectDraft/src/tamagotchi.v Line: 252
Warning (10230): Verilog HDL assignment warning at tamagotchi.v(254): truncated value with size 32 to match size of target (3) File: /home/dayz/Labs/entrega-1-proyecto-grupo22-2024-1/ProjectDraft/src/tamagotchi.v Line: 254
Warning (10230): Verilog HDL assignment warning at tamagotchi.v(258): truncated value with size 32 to match size of target (3) File: /home/dayz/Labs/entrega-1-proyecto-grupo22-2024-1/ProjectDraft/src/tamagotchi.v Line: 258
Warning (10230): Verilog HDL assignment warning at tamagotchi.v(259): truncated value with size 32 to match size of target (3) File: /home/dayz/Labs/entrega-1-proyecto-grupo22-2024-1/ProjectDraft/src/tamagotchi.v Line: 259
Warning (10230): Verilog HDL assignment warning at tamagotchi.v(261): truncated value with size 32 to match size of target (3) File: /home/dayz/Labs/entrega-1-proyecto-grupo22-2024-1/ProjectDraft/src/tamagotchi.v Line: 261
Warning (10230): Verilog HDL assignment warning at tamagotchi.v(263): truncated value with size 32 to match size of target (3) File: /home/dayz/Labs/entrega-1-proyecto-grupo22-2024-1/ProjectDraft/src/tamagotchi.v Line: 263
Warning (10230): Verilog HDL assignment warning at tamagotchi.v(267): truncated value with size 32 to match size of target (3) File: /home/dayz/Labs/entrega-1-proyecto-grupo22-2024-1/ProjectDraft/src/tamagotchi.v Line: 267
Warning (10230): Verilog HDL assignment warning at tamagotchi.v(268): truncated value with size 32 to match size of target (3) File: /home/dayz/Labs/entrega-1-proyecto-grupo22-2024-1/ProjectDraft/src/tamagotchi.v Line: 268
Warning (10230): Verilog HDL assignment warning at tamagotchi.v(270): truncated value with size 32 to match size of target (3) File: /home/dayz/Labs/entrega-1-proyecto-grupo22-2024-1/ProjectDraft/src/tamagotchi.v Line: 270
Warning (10230): Verilog HDL assignment warning at tamagotchi.v(272): truncated value with size 32 to match size of target (3) File: /home/dayz/Labs/entrega-1-proyecto-grupo22-2024-1/ProjectDraft/src/tamagotchi.v Line: 272
Warning (10230): Verilog HDL assignment warning at tamagotchi.v(276): truncated value with size 32 to match size of target (3) File: /home/dayz/Labs/entrega-1-proyecto-grupo22-2024-1/ProjectDraft/src/tamagotchi.v Line: 276
Warning (10230): Verilog HDL assignment warning at tamagotchi.v(277): truncated value with size 32 to match size of target (3) File: /home/dayz/Labs/entrega-1-proyecto-grupo22-2024-1/ProjectDraft/src/tamagotchi.v Line: 277
Warning (10230): Verilog HDL assignment warning at tamagotchi.v(279): truncated value with size 32 to match size of target (3) File: /home/dayz/Labs/entrega-1-proyecto-grupo22-2024-1/ProjectDraft/src/tamagotchi.v Line: 279
Warning (10230): Verilog HDL assignment warning at tamagotchi.v(281): truncated value with size 32 to match size of target (3) File: /home/dayz/Labs/entrega-1-proyecto-grupo22-2024-1/ProjectDraft/src/tamagotchi.v Line: 281
Warning (10230): Verilog HDL assignment warning at tamagotchi.v(303): truncated value with size 32 to match size of target (3) File: /home/dayz/Labs/entrega-1-proyecto-grupo22-2024-1/ProjectDraft/src/tamagotchi.v Line: 303
Warning (10230): Verilog HDL assignment warning at tamagotchi.v(308): truncated value with size 32 to match size of target (3) File: /home/dayz/Labs/entrega-1-proyecto-grupo22-2024-1/ProjectDraft/src/tamagotchi.v Line: 308
Warning (10230): Verilog HDL assignment warning at tamagotchi.v(316): truncated value with size 32 to match size of target (3) File: /home/dayz/Labs/entrega-1-proyecto-grupo22-2024-1/ProjectDraft/src/tamagotchi.v Line: 316
Warning (10230): Verilog HDL assignment warning at tamagotchi.v(321): truncated value with size 32 to match size of target (3) File: /home/dayz/Labs/entrega-1-proyecto-grupo22-2024-1/ProjectDraft/src/tamagotchi.v Line: 321
Warning (10230): Verilog HDL assignment warning at tamagotchi.v(329): truncated value with size 32 to match size of target (3) File: /home/dayz/Labs/entrega-1-proyecto-grupo22-2024-1/ProjectDraft/src/tamagotchi.v Line: 329
Warning (10230): Verilog HDL assignment warning at tamagotchi.v(334): truncated value with size 32 to match size of target (3) File: /home/dayz/Labs/entrega-1-proyecto-grupo22-2024-1/ProjectDraft/src/tamagotchi.v Line: 334
Info (10264): Verilog HDL Case Statement information at tamagotchi.v(300): all case item expressions in this case statement are onehot File: /home/dayz/Labs/entrega-1-proyecto-grupo22-2024-1/ProjectDraft/src/tamagotchi.v Line: 300
Warning (10230): Verilog HDL assignment warning at tamagotchi.v(355): truncated value with size 32 to match size of target (28) File: /home/dayz/Labs/entrega-1-proyecto-grupo22-2024-1/ProjectDraft/src/tamagotchi.v Line: 355
Warning (10230): Verilog HDL assignment warning at tamagotchi.v(362): truncated value with size 32 to match size of target (3) File: /home/dayz/Labs/entrega-1-proyecto-grupo22-2024-1/ProjectDraft/src/tamagotchi.v Line: 362
Warning (10230): Verilog HDL assignment warning at tamagotchi.v(367): truncated value with size 32 to match size of target (3) File: /home/dayz/Labs/entrega-1-proyecto-grupo22-2024-1/ProjectDraft/src/tamagotchi.v Line: 367
Warning (10230): Verilog HDL assignment warning at tamagotchi.v(387): truncated value with size 32 to match size of target (28) File: /home/dayz/Labs/entrega-1-proyecto-grupo22-2024-1/ProjectDraft/src/tamagotchi.v Line: 387
Warning (10230): Verilog HDL assignment warning at tamagotchi.v(401): truncated value with size 32 to match size of target (3) File: /home/dayz/Labs/entrega-1-proyecto-grupo22-2024-1/ProjectDraft/src/tamagotchi.v Line: 401
Warning (10230): Verilog HDL assignment warning at tamagotchi.v(406): truncated value with size 32 to match size of target (3) File: /home/dayz/Labs/entrega-1-proyecto-grupo22-2024-1/ProjectDraft/src/tamagotchi.v Line: 406
Warning (10230): Verilog HDL assignment warning at tamagotchi.v(420): truncated value with size 32 to match size of target (28) File: /home/dayz/Labs/entrega-1-proyecto-grupo22-2024-1/ProjectDraft/src/tamagotchi.v Line: 420
Info (12128): Elaborating entity "debounce" for hierarchy "debounce:b2_debounce" File: /home/dayz/Labs/entrega-1-proyecto-grupo22-2024-1/ProjectDraft/src/tamagotchi.v Line: 23
Warning (10230): Verilog HDL assignment warning at debounce.v(18): truncated value with size 32 to match size of target (21) File: /home/dayz/Labs/entrega-1-proyecto-grupo22-2024-1/ProjectDraft/src/debounce.v Line: 18
Info (12128): Elaborating entity "FSM_pet" for hierarchy "FSM_pet:pet_display" File: /home/dayz/Labs/entrega-1-proyecto-grupo22-2024-1/ProjectDraft/src/tamagotchi.v Line: 63
Warning (10230): Verilog HDL assignment warning at FSM_pet.v(93): truncated value with size 32 to match size of target (6) File: /home/dayz/Labs/entrega-1-proyecto-grupo22-2024-1/ProjectDraft/src/FSM_pet.v Line: 93
Info (10264): Verilog HDL Case Statement information at FSM_pet.v(80): all case item expressions in this case statement are onehot File: /home/dayz/Labs/entrega-1-proyecto-grupo22-2024-1/ProjectDraft/src/FSM_pet.v Line: 80
Warning (10230): Verilog HDL assignment warning at FSM_pet.v(111): truncated value with size 32 to match size of target (9) File: /home/dayz/Labs/entrega-1-proyecto-grupo22-2024-1/ProjectDraft/src/FSM_pet.v Line: 111
Warning (10230): Verilog HDL assignment warning at FSM_pet.v(327): truncated value with size 32 to match size of target (6) File: /home/dayz/Labs/entrega-1-proyecto-grupo22-2024-1/ProjectDraft/src/FSM_pet.v Line: 327
Warning (10230): Verilog HDL assignment warning at FSM_pet.v(340): truncated value with size 32 to match size of target (6) File: /home/dayz/Labs/entrega-1-proyecto-grupo22-2024-1/ProjectDraft/src/FSM_pet.v Line: 340
Warning (10230): Verilog HDL assignment warning at FSM_pet.v(353): truncated value with size 32 to match size of target (6) File: /home/dayz/Labs/entrega-1-proyecto-grupo22-2024-1/ProjectDraft/src/FSM_pet.v Line: 353
Warning (10230): Verilog HDL assignment warning at FSM_pet.v(366): truncated value with size 32 to match size of target (6) File: /home/dayz/Labs/entrega-1-proyecto-grupo22-2024-1/ProjectDraft/src/FSM_pet.v Line: 366
Warning (10230): Verilog HDL assignment warning at FSM_pet.v(379): truncated value with size 32 to match size of target (6) File: /home/dayz/Labs/entrega-1-proyecto-grupo22-2024-1/ProjectDraft/src/FSM_pet.v Line: 379
Warning (10230): Verilog HDL assignment warning at FSM_pet.v(392): truncated value with size 32 to match size of target (6) File: /home/dayz/Labs/entrega-1-proyecto-grupo22-2024-1/ProjectDraft/src/FSM_pet.v Line: 392
Warning (10230): Verilog HDL assignment warning at FSM_pet.v(418): truncated value with size 32 to match size of target (6) File: /home/dayz/Labs/entrega-1-proyecto-grupo22-2024-1/ProjectDraft/src/FSM_pet.v Line: 418
Warning (10230): Verilog HDL assignment warning at FSM_pet.v(430): truncated value with size 32 to match size of target (6) File: /home/dayz/Labs/entrega-1-proyecto-grupo22-2024-1/ProjectDraft/src/FSM_pet.v Line: 430
Info (10264): Verilog HDL Case Statement information at FSM_pet.v(404): all case item expressions in this case statement are onehot File: /home/dayz/Labs/entrega-1-proyecto-grupo22-2024-1/ProjectDraft/src/FSM_pet.v Line: 404
Info (12128): Elaborating entity "spi_master" for hierarchy "FSM_pet:pet_display|spi_master:spi" File: /home/dayz/Labs/entrega-1-proyecto-grupo22-2024-1/ProjectDraft/src/FSM_pet.v Line: 52
Warning (10230): Verilog HDL assignment warning at spi_master.v(49): truncated value with size 32 to match size of target (16) File: /home/dayz/Labs/entrega-1-proyecto-grupo22-2024-1/ProjectDraft/src/spi_master.v Line: 49
Warning (10230): Verilog HDL assignment warning at spi_master.v(58): truncated value with size 32 to match size of target (4) File: /home/dayz/Labs/entrega-1-proyecto-grupo22-2024-1/ProjectDraft/src/spi_master.v Line: 58
Info (12128): Elaborating entity "display_hex" for hierarchy "display_hex:seg_display" File: /home/dayz/Labs/entrega-1-proyecto-grupo22-2024-1/ProjectDraft/src/tamagotchi.v Line: 75
Warning (10230): Verilog HDL assignment warning at display_hex.v(27): truncated value with size 32 to match size of target (27) File: /home/dayz/Labs/entrega-1-proyecto-grupo22-2024-1/ProjectDraft/src/display_hex.v Line: 27
Warning (10230): Verilog HDL assignment warning at display_hex.v(37): truncated value with size 32 to match size of target (3) File: /home/dayz/Labs/entrega-1-proyecto-grupo22-2024-1/ProjectDraft/src/display_hex.v Line: 37
Info (12128): Elaborating entity "BCDtoSSeg" for hierarchy "display_hex:seg_display|BCDtoSSeg:bcdtosseg" File: /home/dayz/Labs/entrega-1-proyecto-grupo22-2024-1/ProjectDraft/src/display_hex.v Line: 15
Info (12128): Elaborating entity "buzzer" for hierarchy "buzzer:buzzer_inst" File: /home/dayz/Labs/entrega-1-proyecto-grupo22-2024-1/ProjectDraft/src/tamagotchi.v Line: 87
Warning (12241): 1 hierarchies have connectivity warnings - see the Connectivity Checks report folder
Info (13000): Registers with preset signals will power-up high File: /home/dayz/Labs/entrega-1-proyecto-grupo22-2024-1/ProjectDraft/src/spi_master.v Line: 11
Info (13003): DEV_CLRn pin will set, and not reset, register with preset signal due to NOT Gate Push-Back
Info (286030): Timing-Driven Synthesis is running
Info (17049): 22 registers lost all their fanouts during netlist optimizations.
Info (16010): Generating hard_block partition "hard_block:auto_generated_inst"
    Info (16011): Adding 0 node(s), including 0 DDIO, 0 PLL, 0 transceiver and 0 LCELL
Info (21057): Implemented 1137 device resources after synthesis - the final resource count might be different
    Info (21058): Implemented 7 input pins
    Info (21059): Implemented 22 output pins
    Info (21061): Implemented 1108 logic cells
Info: Quartus Prime Analysis & Synthesis was successful. 0 errors, 78 warnings
    Info: Peak virtual memory: 476 megabytes
    Info: Processing ended: Fri Sep 20 13:08:17 2024
    Info: Elapsed time: 00:00:08
    Info: Total CPU time (on all processors): 00:00:18


